<?xml version="1.0" encoding="UTF-8"?>
<testng-results skipped="0" failed="0" ignored="0" total="1" passed="1">
  <reporter-output>
  </reporter-output>
  <suite name="Default suite" duration-ms="1327341" started-at="2019-08-06T08:50:20Z" finished-at="2019-08-06T09:12:27Z">
    <groups>
    </groups>
    <test name="Default test" duration-ms="1327341" started-at="2019-08-06T08:50:20Z" finished-at="2019-08-06T09:12:27Z">
      <class name="Modules.Login">
        <test-method status="PASS" signature="setUp()[pri:0, instance:Modules.Login@5f9d02cb]" name="setUp" is-config="true" duration-ms="14958" started-at="2019-08-06T08:50:20Z" finished-at="2019-08-06T08:50:35Z">
          <reporter-output>
          </reporter-output>
        </test-method> <!-- setUp -->
        <test-method status="PASS" signature="LoginTest()[pri:0, instance:Modules.Login@5f9d02cb]" name="LoginTest" duration-ms="1312330" started-at="2019-08-06T08:50:35Z" finished-at="2019-08-06T09:12:27Z">
          <reporter-output>
          </reporter-output>
        </test-method> <!-- LoginTest -->
      </class> <!-- Modules.Login -->
    </test> <!-- Default test -->
  </suite> <!-- Default suite -->
</testng-results>
