<?xml version="1.0" encoding="UTF-8"?>
<testng-results skipped="0" failed="12" ignored="0" total="28" passed="16">
  <reporter-output>
    <line>
      <![CDATA[Response is: {"message":"ALREADY_ACTIVE"}]]>
    </line>
    <line>
      <![CDATA[Response is: {"message":"Email must be a valid email."}]]>
    </line>
    <line>
      <![CDATA[Response is: {"message":"NO_EMAIL_FOUND"}]]>
    </line>
    <line>
      <![CDATA[Response is: {"message":"success","data":{"lastName":"Rai","middleName":"Shrestha","phoneNumber":"9843719653","mobileNumber":"9843719653","birthDate":"1989-12-29T00:00:00.000Z","pinNumber":null,"currentAddress":"Thaiba,Godawari","email":"yangjee5@getnada.com","isFirstLogin":false,"_id":"5d4274e437093203bdad4815","firstName":"Yangjee","fullName":"Yangjee Rai","id":"5d4274e437093203bdad4815"}}]]>
    </line>
    <line>
      <![CDATA[Response is: {"message":"We are unable to find any account with this email.","data":{}}]]>
    </line>
    <line>
      <![CDATA[Response is: {"message":"success","data":{"content":"<p>Electronic Business Pearls Australia (ebPearls) is committed to providing you with the best possible web and mobile development experience. ebPearls is bound by the Privacy Act 1988 (Crh), which sets out a number of principles concerning the privacy of our customers.</p><h3>Collection of your personal information</h3><p>There are many aspects of the site which can be viewed without providing personal information, however, to get a quote or to contact us you are required to submit personally identifiable information.</p><h3>Sharing of your personal information</h3><p>Your personal information will not be shared with other ogrnisation unless there is a need for collaboration. We would ask you for your permission before we share this information. ebPearls takes reasonable steps to ensure that these organisations are bound by confidentiality and privacy obligations in relation to the protection of your personal information.</p><h3>Use of your personal information</h3><p>For each visitor to reach the site, we expressively collect the following non-personally identifiable information, including but not limited to browser type, version and language, operating system, pages viewed while browsing the Site, page access times and referring website address. This collected information is used solely internally for the purpose of gauging visitor traffic, trends and delivering personalized content to you while you are at this Site.</p><p>From time to time, we may use customer information for new, unanticipated uses not previously disclosed in our privacy notice. If our information practices change at some time in the future we will use for these new purposes only, data collected from the time of the policy change forward will adhere to our updated practices.</p><h3>Changes to this Privacy Policy</h3><p>ebPearls reserves the right to make amendments to this Privacy Policy at any time. If you have objections to the Privacy Policy, you should not access or use the Site.</p><h3>Accessing Your Personal Information</h3><p>You have a right to access your personal information, subject to exceptions allowed by law. If you would like to do so, please let us know. You may be required to put your request in writing for security reasons. ebPearls reserves the right to charge a fee for searching for, and providing access to, your information on a per request basis.</p><h3>Cookies</h3><p>Cookies are small text files that are placed on your computer’s hard drive through your web browser when you visit any web site. They are widely used to make web sites work, or work more efficiently, as well as to provide information to the owners of the site.</p><p>You can manually disable cookies at any time – check your browser’s ‘Help’ to find out how. This will not affect your ability to view the site.</p><p>Although your browser software enables you to disable cookies, this will not affect your ability to view the site. We recommend that you allow the use of cookies in order to take advantage of the features of our website that rely on their use. You can still use this web site even if you choose to disable cookies.</p><h3>Contacting Us</h3><p>If you’d like to discuss our privacy policy, or if you have any questions regarding your privacy while visiting our website, do not hesitate to <a href=\"https://ebpearls.com.au/contact\">contact us.</a></p>","_id":"5cde9ec2aa43255eb4ed119c","title":"Privacy Policy"}}]]>
    </line>
    <line>
      <![CDATA[Response is: {"message":" Unauthorized ","data":{}}]]>
    </line>
    <line>
      <![CDATA[Response is: {"message":"Your email has been changed successfully.","data":{"lastName":"Rai","middleName":"Shrestha","phoneNumber":"9843719653","mobileNumber":"9843719653","birthDate":"1989-12-29T00:00:00.000Z","pinNumber":null,"currentAddress":"Thaiba,Godawari","email":"yangjee5@getnada.com","isFirstLogin":false,"_id":"5d4274e437093203bdad4815","firstName":"Yangjee","fullName":"Yangjee Rai","id":"5d4274e437093203bdad4815"}}]]>
    </line>
    <line>
      <![CDATA[Response is: {"message":"New Password must be alphanumeric and minimum 8 character."}]]>
    </line>
    <line>
      <![CDATA[Response is: {"message":"New Email Verification Code is send to your email.","data":{}}]]>
    </line>
    <line>
      <![CDATA[Response is: {"message":"emailVerifyCode is not allowed."}]]>
    </line>
    <line>
      <![CDATA[Response is: {"message":"You have been logout successfully.","data":{}}]]>
    </line>
    <line>
      <![CDATA[Response is: {"message":"Hello Admin, How are you Man!!!!"}]]>
    </line>
    <line>
      <![CDATA[Response is: {"message":"Thank you for your feedback.","data":{}}]]>
    </line>
    <line>
      <![CDATA[Response is: {"message":"Notification has been sent."}]]>
    </line>
    <line>
      <![CDATA[Response is: {"message":"Ok","data":{"subscription_type":"vaultd_monthly_subscription","expiry_date":null,"is_used":false,"cancellation_date":null}}]]>
    </line>
    <line>
      <![CDATA[Response is: {"message":"Invalid receipt."}]]>
    </line>
    <line>
      <![CDATA[Response is: {"message":"success","data":[{"localId":"BF3A9A92-C858-4337-9411-4E7ADE37D9CC","email":null,"lastName":"Rai","middleName":"","nickName":"","address":"Narayanthan","dob":"2019-08-01T00:00:00.000Z","contactNumber":"9843719653","lastUpdatedAt":1564636988,"isSynced":true,"status":true,"isDeleted":false,"_id":"5d42773d37093203bdad4820","user":{"lastName":"Rai","middleName":"Shrestha","phoneNumber":"9843719653","mobileNumber":"9843719653","birthDate":"1989-12-29T00:00:00.000Z","pinNumber":null,"currentAddress":"Thaiba,Godawari","email":"yangjee5@getnada.com","emailVerifyToken":"62065690-b41b-11e9-b76b-d1da4d13123f","emailVerifyCode":"i5sOJm","isEmailVerified":true,"emailVerifiedAt":1564636550872,"isFirstLogin":false,"isPurchased":false,"passwordToken":null,"passwordTokenExpiry":null,"emailVerifyCodeExpiry":"1564738061","status":1,"deviceType":null,"deviceId":null,"deviceToken":null,"_id":"5d4274e437093203bdad4815","firstName":"Yangjee","password":"$2a$10$dS8sluMSxYkVegpRXevSDubR/q51/.xgP/Y1z/RXOD1XT0OeQzYme","createdAt":"2019-08-01T05:13:08.083Z","updatedAt":"2019-08-01T09:27:41.064Z","__v":0,"fullName":"Yangjee Rai","id":"5d4274e437093203bdad4815"},"relation":"Father","firstName":"Bakhat","createdAt":"2019-08-01T05:23:09.178Z","updatedAt":"2019-08-01T05:23:09.178Z","__v":0}]}]]>
    </line>
    <line>
      <![CDATA[Response is: {"message":"success","data":[{"localId":"9000","isDeleted":false,"isSynced":true,"lastUpdatedAt":1564458400,"_id":"5d427bf137093203bdad4835","user":{"lastName":"Rai","middleName":"Shrestha","phoneNumber":"9843719653","mobileNumber":"9843719653","birthDate":"1989-12-29T00:00:00.000Z","pinNumber":null,"currentAddress":"Thaiba,Godawari","email":"yangjee5@getnada.com","emailVerifyToken":"62065690-b41b-11e9-b76b-d1da4d13123f","emailVerifyCode":"i5sOJm","isEmailVerified":true,"emailVerifiedAt":1564636550872,"isFirstLogin":false,"isPurchased":false,"passwordToken":null,"passwordTokenExpiry":null,"emailVerifyCodeExpiry":"1564738061","status":1,"deviceType":null,"deviceId":null,"deviceToken":null,"_id":"5d4274e437093203bdad4815","firstName":"Yangjee","password":"$2a$10$dS8sluMSxYkVegpRXevSDubR/q51/.xgP/Y1z/RXOD1XT0OeQzYme","createdAt":"2019-08-01T05:13:08.083Z","updatedAt":"2019-08-01T09:27:41.064Z","__v":0,"fullName":"Yangjee Rai","id":"5d4274e437093203bdad4815"},"bankAccountDetails":[{"isSynced":true,"lastUpdatedAt":1223456789,"localId":"123","bankName":"WorldBank","accountNumber":"1234567acc","approxValue":100,"isDeleted":false,"_id":"5d427bf137093203bdad4836"},{"isSynced":true,"lastUpdatedAt":1564649709,"localId":"FACDADB0-D7BF-4FC2-912F-8B1968AFB1E0","bankName":"World Bank","accountNumber":"Tvh 2334","approxValue":250000,"isDeleted":false,"_id":"5d42a8eede9dd0129e05df6f"},{"isSynced":true,"lastUpdatedAt":1564649709,"localId":"FACDADB0-D7BF-4FC2-912F-8B1968AFB1E0","bankName":"World Bank","accountNumber":"Tvh 2334","approxValue":250000,"isDeleted":false,"_id":"5d42a91fde9dd0129e05df70"},{"isSynced":true,"lastUpdatedAt":1564649709,"localId":"FACDADB0-D7BF-4FC2-912F-8B1968AFB1E0","bankName":"World Bank","accountNumber":"Tvh 2334","approxValue":250000,"isDeleted":false,"_id":"5d42a947de9dd0129e05df72"},{"isSynced":true,"lastUpdatedAt":1564649709,"localId":"FACDADB0-D7BF-4FC2-912F-8B1968AFB1E0","bankName":"World Bank","accountNumber":"Tvh 2334","approxValue":250000,"isDeleted":false,"_id":"5d42a95bde9dd0129e05df75"},{"isSynced":true,"lastUpdatedAt":1564649709,"localId":"FACDADB0-D7BF-4FC2-912F-8B1968AFB1E0","bankName":"World Bank","accountNumber":"Tvh 2334","approxValue":250000,"isDeleted":false,"_id":"5d42a96bde9dd0129e05df79"},{"isSynced":true,"lastUpdatedAt":1564649709,"localId":"FACDADB0-D7BF-4FC2-912F-8B1968AFB1E0","bankName":"World Bank","accountNumber":"Tvh 2334","approxValue":250000,"isDeleted":false,"_id":"5d42a98bde9dd0129e05df7e"},{"isSynced":true,"lastUpdatedAt":1564649709,"localId":"FACDADB0-D7BF-4FC2-912F-8B1968AFB1E0","bankName":"World Bank","accountNumber":"Tvh 2334","approxValue":250000,"isDeleted":false,"_id":"5d42a9a6de9dd0129e05df84"},{"isSynced":true,"lastUpdatedAt":1564649709,"localId":"FACDADB0-D7BF-4FC2-912F-8B1968AFB1E0","bankName":"World Bank","accountNumber":"Tvh 2334","approxValue":250000,"isDeleted":false,"_id":"5d42a9b7de9dd0129e05df8a"},{"isSynced":true,"lastUpdatedAt":1564649709,"localId":"FACDADB0-D7BF-4FC2-912F-8B1968AFB1E0","bankName":"World Bank","accountNumber":"Tvh 2334","approxValue":250000,"isDeleted":false,"_id":"5d42a9d6de9dd0129e05df91"},{"isSynced":true,"lastUpdatedAt":1564649709,"localId":"FACDADB0-D7BF-4FC2-912F-8B1968AFB1E0","bankName":"World Bank","accountNumber":"Tvh 2334","approxValue":250000,"isDeleted":false,"_id":"5d42aa0ede9dd0129e05df99"},{"isSynced":true,"lastUpdatedAt":1564649709,"localId":"FACDADB0-D7BF-4FC2-912F-8B1968AFB1E0","bankName":"World Bank","accountNumber":"Tvh 2334","approxValue":250000,"isDeleted":false,"_id":"5d42aa1cde9dd0129e05dfa2"},{"isSynced":true,"lastUpdatedAt":1564649709,"localId":"FACDADB0-D7BF-4FC2-912F-8B1968AFB1E0","bankName":"World Bank","accountNumber":"Tvh 2334","approxValue":250000,"isDeleted":false,"_id":"5d42abbdde9dd0129e05dfac"},{"isSynced":true,"lastUpdatedAt":1223456789,"localId":"5667","bankName":"WorldBank","accountNumber":"1234567acc","approxValue":100,"isDeleted":false,"_id":"5d42ae81de9dd0129e05dfc1"}],"cryptoDetails":[{"isSynced":true,"lastUpdatedAt":1223456789,"localId":"123","coinName":"Bit Coin","exchangeName":"Anita Ra","ownedCoin":100,"approxValue":150,"isDeleted":false,"_id":"5d427bf137093203bdad4837"},{"isSynced":true,"lastUpdatedAt":1564649758,"localId":"0F119268-BDF9-4C6A-BF00-2081AA1F9F0E","coinName":"Bit Coin","exchangeName":"anita","ownedCoin":258,"approxValue":25800000,"isDeleted":false,"_id":"5d42a91fde9dd0129e05df71"},{"isSynced":true,"lastUpdatedAt":1564649758,"localId":"0F119268-BDF9-4C6A-BF00-2081AA1F9F0E","coinName":"Bit Coin","exchangeName":"anita","ownedCoin":258,"approxValue":25800000,"isDeleted":false,"_id":"5d42a948de9dd0129e05df73"},{"isSynced":true,"lastUpdatedAt":1564649758,"localId":"0F119268-BDF9-4C6A-BF00-2081AA1F9F0E","coinName":"Bit Coin","exchangeName":"anita","ownedCoin":258,"approxValue":25800000,"isDeleted":false,"_id":"5d42a95cde9dd0129e05df76"},{"isSynced":true,"lastUpdatedAt":1564649758,"localId":"0F119268-BDF9-4C6A-BF00-2081AA1F9F0E","coinName":"Bit Coin","exchangeName":"anita","ownedCoin":258,"approxValue":25800000,"isDeleted":false,"_id":"5d42a96bde9dd0129e05df7a"},{"isSynced":true,"lastUpdatedAt":1564649758,"localId":"0F119268-BDF9-4C6A-BF00-2081AA1F9F0E","coinName":"Bit Coin","exchangeName":"anita","ownedCoin":258,"approxValue":25800000,"isDeleted":false,"_id":"5d42a98bde9dd0129e05df7f"},{"isSynced":true,"lastUpdatedAt":1564649758,"localId":"0F119268-BDF9-4C6A-BF00-2081AA1F9F0E","coinName":"Bit Coin","exchangeName":"anita","ownedCoin":258,"approxValue":25800000,"isDeleted":false,"_id":"5d42a9a6de9dd0129e05df85"},{"isSynced":true,"lastUpdatedAt":1564649758,"localId":"0F119268-BDF9-4C6A-BF00-2081AA1F9F0E","coinName":"Bit Coin","exchangeName":"anita","ownedCoin":258,"approxValue":25800000,"isDeleted":false,"_id":"5d42a9b7de9dd0129e05df8b"},{"isSynced":true,"lastUpdatedAt":1564649758,"localId":"0F119268-BDF9-4C6A-BF00-2081AA1F9F0E","coinName":"Bit Coin","exchangeName":"anita","ownedCoin":258,"approxValue":25800000,"isDeleted":false,"_id":"5d42a9d6de9dd0129e05df92"},{"isSynced":true,"lastUpdatedAt":1564649758,"localId":"0F119268-BDF9-4C6A-BF00-2081AA1F9F0E","coinName":"Bit Coin","exchangeName":"anita","ownedCoin":258,"approxValue":25800000,"isDeleted":false,"_id":"5d42aa0ede9dd0129e05df9a"},{"isSynced":true,"lastUpdatedAt":1564649758,"localId":"0F119268-BDF9-4C6A-BF00-2081AA1F9F0E","coinName":"Bit Coin","exchangeName":"anita","ownedCoin":258,"approxValue":25800000,"isDeleted":false,"_id":"5d42aa1cde9dd0129e05dfa3"},{"isSynced":true,"lastUpdatedAt":1564649758,"localId":"0F119268-BDF9-4C6A-BF00-2081AA1F9F0E","coinName":"Bit Coin","exchangeName":"anita","ownedCoin":258,"approxValue":25800000,"isDeleted":false,"_id":"5d42abbdde9dd0129e05dfad"},{"isSynced":true,"lastUpdatedAt":1223456789,"localId":"999","coinName":"Bit Coin","exchangeName":"Anita Ra","ownedCoin":100,"approxValue":150,"isDeleted":false,"_id":"5d42ae81de9dd0129e05dfc2"},{"isSynced":true,"lastUpdatedAt":1223456789,"localId":"999","coinName":"Bit Coin","exchangeName":"Anita Ra","ownedCoin":100,"approxValue":150,"isDeleted":false,"_id":"5d42b035de9dd0129e05dfd6"}],"realPropertyDetails":[{"isSynced":true,"lastUpdatedAt":1223456789,"localId":"123","address":"Buddhanilkantha, KTM","approxValue":2500000,"isDeleted":false,"_id":"5d427bf137093203bdad4838"},{"isSynced":true,"lastUpdatedAt":1564649799,"localId":"F3E8D2FE-CB8D-4E42-94C7-A9441C1A7C98","address":"Budhanilkantha","approxValue":250000000,"isDeleted":false,"_id":"5d42a948de9dd0129e05df74"},{"isSynced":true,"lastUpdatedAt":1564649799,"localId":"F3E8D2FE-CB8D-4E42-94C7-A9441C1A7C98","address":"Budhanilkantha","approxValue":250000000,"isDeleted":false,"_id":"5d42a95cde9dd0129e05df77"},{"isSynced":true,"lastUpdatedAt":1564649799,"localId":"F3E8D2FE-CB8D-4E42-94C7-A9441C1A7C98","address":"Budhanilkantha","approxValue":250000000,"isDeleted":false,"_id":"5d42a96bde9dd0129e05df7b"},{"isSynced":true,"lastUpdatedAt":1564649799,"localId":"F3E8D2FE-CB8D-4E42-94C7-A9441C1A7C98","address":"Budhanilkantha","approxValue":250000000,"isDeleted":false,"_id":"5d42a98bde9dd0129e05df80"},{"isSynced":true,"lastUpdatedAt":1564649799,"localId":"F3E8D2FE-CB8D-4E42-94C7-A9441C1A7C98","address":"Budhanilkantha","approxValue":250000000,"isDeleted":false,"_id":"5d42a9a6de9dd0129e05df86"},{"isSynced":true,"lastUpdatedAt":1564649799,"localId":"F3E8D2FE-CB8D-4E42-94C7-A9441C1A7C98","address":"Budhanilkantha","approxValue":250000000,"isDeleted":false,"_id":"5d42a9b7de9dd0129e05df8c"},{"isSynced":true,"lastUpdatedAt":1564649799,"localId":"F3E8D2FE-CB8D-4E42-94C7-A9441C1A7C98","address":"Budhanilkantha","approxValue":250000000,"isDeleted":false,"_id":"5d42a9d6de9dd0129e05df93"},{"isSynced":true,"lastUpdatedAt":1564649799,"localId":"F3E8D2FE-CB8D-4E42-94C7-A9441C1A7C98","address":"Budhanilkantha","approxValue":250000000,"isDeleted":false,"_id":"5d42aa0ede9dd0129e05df9b"},{"isSynced":true,"lastUpdatedAt":1564649799,"localId":"F3E8D2FE-CB8D-4E42-94C7-A9441C1A7C98","address":"Budhanilkantha","approxValue":250000000,"isDeleted":false,"_id":"5d42aa1cde9dd0129e05dfa4"},{"isSynced":true,"lastUpdatedAt":1564649799,"localId":"F3E8D2FE-CB8D-4E42-94C7-A9441C1A7C98","address":"Budhanilkantha","approxValue":250000000,"isDeleted":false,"_id":"5d42abbdde9dd0129e05dfae"},{"isSynced":true,"lastUpdatedAt":1223456789,"localId":"4568","address":"Buddhanilkantha, KTM","approxValue":2500000,"isDeleted":false,"_id":"5d42ae81de9dd0129e05dfc3"},{"isSynced":true,"lastUpdatedAt":1223456789,"localId":"4568","address":"Buddhanilkantha, KTM","approxValue":2500000,"isDeleted":false,"_id":"5d42b035de9dd0129e05dfd7"}],"sharesDetails":[{"isSynced":true,"lastUpdatedAt":1223456789,"localId":"123","companyName":"Firefly Services Ptv Ltd","numberOfShare":50,"asxCode":"QWd","approxValue":100000,"isDeleted":false,"_id":"5d427bf137093203bdad4839"},{"isSynced":true,"lastUpdatedAt":1564649819,"localId":"2E96A341-6260-4340-BF87-57AB78651206","companyName":"Firefly","numberOfShare":250,"asxCode":"Qwd","approxValue":5580000,"isDeleted":false,"_id":"5d42a95cde9dd0129e05df78"},{"isSynced":true,"lastUpdatedAt":1564649819,"localId":"2E96A341-6260-4340-BF87-57AB78651206","companyName":"Firefly","numberOfShare":250,"asxCode":"Qwd","approxValue":5580000,"isDeleted":false,"_id":"5d42a96bde9dd0129e05df7c"},{"isSynced":true,"lastUpdatedAt":1564649819,"localId":"2E96A341-6260-4340-BF87-57AB78651206","companyName":"Firefly","numberOfShare":250,"asxCode":"Qwd","approxValue":5580000,"isDeleted":false,"_id":"5d42a98bde9dd0129e05df81"},{"isSynced":true,"lastUpdatedAt":1564649819,"localId":"2E96A341-6260-4340-BF87-57AB78651206","companyName":"Firefly","numberOfShare":250,"asxCode":"Qwd","approxValue":5580000,"isDeleted":false,"_id":"5d42a9a6de9dd0129e05df87"},{"isSynced":true,"lastUpdatedAt":1564649819,"localId":"2E96A341-6260-4340-BF87-57AB78651206","companyName":"Firefly","numberOfShare":250,"asxCode":"Qwd","approxValue":5580000,"isDeleted":false,"_id":"5d42a9b7de9dd0129e05df8d"},{"isSynced":true,"lastUpdatedAt":1564649819,"localId":"2E96A341-6260-4340-BF87-57AB78651206","companyName":"Firefly","numberOfShare":250,"asxCode":"Qwd","approxValue":5580000,"isDeleted":false,"_id":"5d42a9d6de9dd0129e05df94"},{"isSynced":true,"lastUpdatedAt":1564649819,"localId":"2E96A341-6260-4340-BF87-57AB78651206","companyName":"Firefly","numberOfShare":250,"asxCode":"Qwd","approxValue":5580000,"isDeleted":false,"_id":"5d42aa0ede9dd0129e05df9c"},{"isSynced":true,"lastUpdatedAt":1564649819,"localId":"2E96A341-6260-4340-BF87-57AB78651206","companyName":"Firefly","numberOfShare":250,"asxCode":"Qwd","approxValue":5580000,"isDeleted":false,"_id":"5d42aa1cde9dd0129e05dfa5"},{"isSynced":true,"lastUpdatedAt":1564649819,"localId":"2E96A341-6260-4340-BF87-57AB78651206","companyName":"Firefly","numberOfShare":250,"asxCode":"Qwd","approxValue":5580000,"isDeleted":false,"_id":"5d42abbdde9dd0129e05dfaf"},{"isSynced":true,"lastUpdatedAt":1223456789,"localId":"456","companyName":"Firefly Services Ptv Ltd","numberOfShare":50,"asxCode":"QWd","approxValue":100000,"isDeleted":false,"_id":"5d42ae81de9dd0129e05dfc4"},{"isSynced":true,"lastUpdatedAt":1223456789,"localId":"456","companyName":"Firefly Services Ptv Ltd","numberOfShare":50,"asxCode":"QWd","approxValue":100000,"isDeleted":false,"_id":"5d42b035de9dd0129e05dfd8"}],"cashDetails":[{"isSynced":true,"lastUpdatedAt":1223456789,"localId":"123","approxStoredLocation":"Kumaripati, Lalitpur","approxValue":5000000,"isDeleted":false,"_id":"5d427bf137093203bdad483a"},{"isSynced":true,"lastUpdatedAt":1564649835,"localId":"28B1CC30-6475-4608-8D27-40DF7C6DC765","approxStoredLocation":"Tesr","approxValue":850000,"isDeleted":false,"_id":"5d42a96bde9dd0129e05df7d"},{"isSynced":true,"lastUpdatedAt":1564649835,"localId":"28B1CC30-6475-4608-8D27-40DF7C6DC765","approxStoredLocation":"Tesr","approxValue":850000,"isDeleted":false,"_id":"5d42a98bde9dd0129e05df82"},{"isSynced":true,"lastUpdatedAt":1564649835,"localId":"28B1CC30-6475-4608-8D27-40DF7C6DC765","approxStoredLocation":"Tesr","approxValue":850000,"isDeleted":false,"_id":"5d42a9a6de9dd0129e05df88"},{"isSynced":true,"lastUpdatedAt":1564649835,"localId":"28B1CC30-6475-4608-8D27-40DF7C6DC765","approxStoredLocation":"Tesr","approxValue":850000,"isDeleted":false,"_id":"5d42a9b7de9dd0129e05df8e"},{"isSynced":true,"lastUpdatedAt":1564649835,"localId":"28B1CC30-6475-4608-8D27-40DF7C6DC765","approxStoredLocation":"Tesr","approxValue":850000,"isDeleted":false,"_id":"5d42a9d6de9dd0129e05df95"},{"isSynced":true,"lastUpdatedAt":1564649835,"localId":"28B1CC30-6475-4608-8D27-40DF7C6DC765","approxStoredLocation":"Tesr","approxValue":850000,"isDeleted":false,"_id":"5d42aa0ede9dd0129e05df9d"},{"isSynced":true,"lastUpdatedAt":1564649835,"localId":"28B1CC30-6475-4608-8D27-40DF7C6DC765","approxStoredLocation":"Tesr","approxValue":850000,"isDeleted":false,"_id":"5d42aa1cde9dd0129e05dfa6"},{"isSynced":true,"lastUpdatedAt":1564649835,"localId":"28B1CC30-6475-4608-8D27-40DF7C6DC765","approxStoredLocation":"Tesr","approxValue":850000,"isDeleted":false,"_id":"5d42abbdde9dd0129e05dfb0"},{"isSynced":true,"lastUpdatedAt":1223456789,"localId":"9099","approxStoredLocation":"Kumaripati, Lalitpur","approxValue":5000000,"isDeleted":false,"_id":"5d42ae81de9dd0129e05dfc5"},{"isSynced":true,"lastUpdatedAt":1223456789,"localId":"9099","approxStoredLocation":"Kumaripati, Lalitpur","approxValue":5000000,"isDeleted":false,"_id":"5d42b035de9dd0129e05dfd9"}],"vehiclesDetails":[{"isSynced":true,"lastUpdatedAt":1223456789,"localId":"123","vehicleType":"Car","description":"Black","makeModel":"Ford","registrationNumber":"345awefgqq112","joinOwnerShip":false,"joinOwnerShipDetails":[{"localId":"123","email":"oqpratik@gmail.com","lastName":"Shrestha","middleName":"","nickName":"Pratik","address":"Thaiba","contactNumber":"9841151757","lastUpdatedAt":1223456789,"isSynced":true,"status":true,"isDeleted":false,"_id":"5d3fcedde497235031f411f5","relation":"Spouse","firstName":"Pratik","createdAt":"2019-07-30T05:00:13.769Z","updatedAt":"2019-07-30T05:00:13.769Z"}],"approxValue":6500000,"isDeleted":false,"_id":"5d427bf137093203bdad483b"},{"isSynced":true,"lastUpdatedAt":1564649867,"localId":"6420C689-0F11-4F18-84A1-254B471E712E","vehicleType":"Car","description":"","makeModel":"Tgv133","registrationNumber":"Tgcz14567","joinOwnerShip":true,"joinOwnerShipDetails":[],"approxValue":25000,"isDeleted":false,"_id":"5d42a98bde9dd0129e05df83"},{"isSynced":true,"lastUpdatedAt":1564649893,"localId":"6420C689-0F11-4F18-84A1-254B471E712E","vehicleType":"Car","description":"","makeModel":"Tgv133","registrationNumber":"Tgcz14567","joinOwnerShip":false,"joinOwnerShipDetails":[],"approxValue":25000,"isDeleted":false,"_id":"5d42a9a6de9dd0129e05df89"},{"isSynced":true,"lastUpdatedAt":1564649893,"localId":"6420C689-0F11-4F18-84A1-254B471E712E","vehicleType":"Car","description":"","makeModel":"Tgv133","registrationNumber":"Tgcz14567","joinOwnerShip":false,"joinOwnerShipDetails":[],"approxValue":25000,"isDeleted":false,"_id":"5d42a9b7de9dd0129e05df8f"},{"isSynced":true,"lastUpdatedAt":1564649893,"localId":"6420C689-0F11-4F18-84A1-254B471E712E","vehicleType":"Car","description":"","makeModel":"Tgv133","registrationNumber":"Tgcz14567","joinOwnerShip":false,"joinOwnerShipDetails":[],"approxValue":25000,"isDeleted":false,"_id":"5d42a9d6de9dd0129e05df96"},{"isSynced":true,"lastUpdatedAt":1564649893,"localId":"6420C689-0F11-4F18-84A1-254B471E712E","vehicleType":"Car","description":"","makeModel":"Tgv133","registrationNumber":"Tgcz14567","joinOwnerShip":false,"joinOwnerShipDetails":[],"approxValue":25000,"isDeleted":false,"_id":"5d42aa0ede9dd0129e05df9e"},{"isSynced":true,"lastUpdatedAt":1564649893,"localId":"6420C689-0F11-4F18-84A1-254B471E712E","vehicleType":"Car","description":"","makeModel":"Tgv133","registrationNumber":"Tgcz14567","joinOwnerShip":false,"joinOwnerShipDetails":[],"approxValue":25000,"isDeleted":false,"_id":"5d42aa1cde9dd0129e05dfa7"},{"isSynced":true,"lastUpdatedAt":1564649893,"localId":"6420C689-0F11-4F18-84A1-254B471E712E","vehicleType":"Car","description":"","makeModel":"Tgv133","registrationNumber":"Tgcz14567","joinOwnerShip":false,"joinOwnerShipDetails":[],"approxValue":25000,"isDeleted":false,"_id":"5d42abbdde9dd0129e05dfb1"},{"isSynced":true,"lastUpdatedAt":1223456789,"localId":"344","vehicleType":"Car","description":"Black","makeModel":"Ford","registrationNumber":"345awefgqq112","joinOwnerShip":false,"joinOwnerShipDetails":[],"approxValue":6500000,"isDeleted":false,"_id":"5d42ae81de9dd0129e05dfc6"},{"isSynced":true,"lastUpdatedAt":1223456789,"localId":"344","vehicleType":"Car","description":"Black","makeModel":"Ford","registrationNumber":"345awefgqq112","joinOwnerShip":false,"joinOwnerShipDetails":[],"approxValue":6500000,"isDeleted":false,"_id":"5d42b035de9dd0129e05dfda"}],"debtDetails":[{"isSynced":true,"lastUpdatedAt":1223456789,"localId":"123","personName":"Pratik Shrestha","approxValue":340000,"isDeleted":false,"_id":"5d427bf137093203bdad483c"},{"isSynced":true,"lastUpdatedAt":1564649910,"localId":"1857C403-B757-47FA-8614-6F4A593E1AEE","personName":"Bhub","approxValue":2580000,"isDeleted":false,"_id":"5d42a9b7de9dd0129e05df90"},{"isSynced":true,"lastUpdatedAt":1564649910,"localId":"1857C403-B757-47FA-8614-6F4A593E1AEE","personName":"Bhub","approxValue":2580000,"isDeleted":false,"_id":"5d42a9d6de9dd0129e05df97"},{"isSynced":true,"lastUpdatedAt":1564649910,"localId":"1857C403-B757-47FA-8614-6F4A593E1AEE","personName":"Bhub","approxValue":2580000,"isDeleted":false,"_id":"5d42aa0ede9dd0129e05df9f"},{"isSynced":true,"lastUpdatedAt":1564649910,"localId":"1857C403-B757-47FA-8614-6F4A593E1AEE","personName":"Bhub","approxValue":2580000,"isDeleted":false,"_id":"5d42aa1cde9dd0129e05dfa8"},{"isSynced":true,"lastUpdatedAt":1564649910,"localId":"1857C403-B757-47FA-8614-6F4A593E1AEE","personName":"Bhub","approxValue":2580000,"isDeleted":false,"_id":"5d42abbdde9dd0129e05dfb2"},{"isSynced":true,"lastUpdatedAt":1223456789,"localId":"15523","personName":"Pratik Shrestha","approxValue":340000,"isDeleted":false,"_id":"5d42ae81de9dd0129e05dfc7"},{"isSynced":true,"lastUpdatedAt":1223456789,"localId":"15523","personName":"Pratik Shrestha","approxValue":340000,"isDeleted":false,"_id":"5d42b035de9dd0129e05dfdb"}],"lifeInsuranceDetails":[{"isSynced":true,"lastUpdatedAt":1223456789,"localId":"123","name":"Sunita","isNominated":false,"nominationDetails":[null],"approxValue":0,"isDeleted":false,"_id":"5d427bf137093203bdad483d"},{"isSynced":true,"lastUpdatedAt":1564649941,"localId":"D4613D75-34CD-4E19-B402-9F66C8C73808","name":"Sunita","isNominated":false,"nominationDetails":[],"approxValue":25055,"isDeleted":false,"_id":"5d42a9d6de9dd0129e05df98"},{"isSynced":true,"lastUpdatedAt":1564649941,"localId":"D4613D75-34CD-4E19-B402-9F66C8C73808","name":"Sunita","isNominated":false,"nominationDetails":[],"approxValue":25055,"isDeleted":false,"_id":"5d42aa0ede9dd0129e05dfa0"},{"isSynced":true,"lastUpdatedAt":1564649941,"localId":"D4613D75-34CD-4E19-B402-9F66C8C73808","name":"Sunita","isNominated":false,"nominationDetails":[],"approxValue":25055,"isDeleted":false,"_id":"5d42aa1cde9dd0129e05dfa9"},{"isSynced":true,"lastUpdatedAt":1564649941,"localId":"D4613D75-34CD-4E19-B402-9F66C8C73808","name":"Sunita","isNominated":false,"nominationDetails":[],"approxValue":25055,"isDeleted":false,"_id":"5d42abbdde9dd0129e05dfb3"},{"isSynced":true,"lastUpdatedAt":1223456789,"localId":"353","name":"Sunita","isNominated":false,"nominationDetails":[],"approxValue":0,"isDeleted":false,"_id":"5d42ae81de9dd0129e05dfc8"},{"isSynced":true,"lastUpdatedAt":1223456789,"localId":"353","name":"Sunita","isNominated":false,"nominationDetails":[],"approxValue":0,"isDeleted":false,"_id":"5d42b035de9dd0129e05dfdc"}],"superannuationDetails":[{"isSynced":true,"lastUpdatedAt":1223456789,"localId":"123","superFundName":"Four sisters","isSuperNomination":false,"superNominationDetails":[null],"nominationBinding":"string","approxValue":0,"isDeleted":false,"_id":"5d427bf137093203bdad483e"},{"isSynced":true,"lastUpdatedAt":1564649998,"localId":"84439B11-5654-4B3E-953D-8F3A4BD890F3","superFundName":"Hhvv","isSuperNomination":false,"superNominationDetails":[],"nominationBinding":"2019-07-01T14:44:10.000Z","approxValue":0,"isDeleted":false,"_id":"5d42aa0ede9dd0129e05dfa1"},{"isSynced":true,"lastUpdatedAt":1564649998,"localId":"84439B11-5654-4B3E-953D-8F3A4BD890F3","superFundName":"Hhvv","isSuperNomination":false,"superNominationDetails":[],"nominationBinding":"2019-07-01T14:44:10.000Z","approxValue":0,"isDeleted":false,"_id":"5d42aa1cde9dd0129e05dfaa"},{"isSynced":true,"lastUpdatedAt":1564649998,"localId":"84439B11-5654-4B3E-953D-8F3A4BD890F3","superFundName":"Hhvv","isSuperNomination":false,"superNominationDetails":[],"nominationBinding":"2019-07-01T14:44:10.000Z","approxValue":0,"isDeleted":false,"_id":"5d42abbdde9dd0129e05dfb4"},{"isSynced":true,"lastUpdatedAt":1223456789,"localId":"145323","superFundName":"Four sisters","isSuperNomination":false,"superNominationDetails":[],"nominationBinding":"2019-07-01T14:44:10.000Z","approxValue":0,"isDeleted":false,"_id":"5d42ae81de9dd0129e05dfc9"},{"isSynced":true,"lastUpdatedAt":1223456789,"localId":"145323","superFundName":"Four sisters","isSuperNomination":false,"superNominationDetails":[],"nominationBinding":"2019-07-01T14:44:10.000Z","approxValue":0,"isDeleted":false,"_id":"5d42b035de9dd0129e05dfdd"}],"otherDetails":[{"isSynced":true,"lastUpdatedAt":1223456789,"localId":"123","title":"Flat","description":"Beautiful flat with terrace view.","approxValue":500000,"isDeleted":false,"_id":"5d427bf137093203bdad483f"},{"isSynced":true,"lastUpdatedAt":1564650011,"localId":"DF7FC130-C462-4C76-B582-4C151A5ABD56","title":"Vvb","description":"Ghh","approxValue":25000,"isDeleted":false,"_id":"5d42aa1cde9dd0129e05dfab"},{"isSynced":true,"lastUpdatedAt":1564650011,"localId":"DF7FC130-C462-4C76-B582-4C151A5ABD56","title":"Vvb","description":"Ghh","approxValue":25000,"isDeleted":false,"_id":"5d42abbdde9dd0129e05dfb5"},{"isSynced":true,"lastUpdatedAt":1223456789,"localId":"4636","title":"Flat","description":"Beautiful flat with terrace view.","approxValue":500000,"isDeleted":false,"_id":"5d42ae81de9dd0129e05dfca"},{"isSynced":true,"lastUpdatedAt":1223456789,"localId":"4636","title":"Flat","description":"Beautiful flat with terrace view.","approxValue":500000,"isDeleted":false,"_id":"5d42b035de9dd0129e05dfde"}],"createdAt":"2019-08-01T05:43:13.343Z","updatedAt":"2019-08-01T09:26:13.742Z","__v":0}]}]]>
    </line>
    <line>
      <![CDATA[Response is: {"message":"success","data":[{"localId":"123","isDeleted":false,"isSynced":true,"lastUpdatedAt":1223456789,"_id":"5d42a8a3de9dd0129e05df68","user":{"lastName":"Rai","middleName":"Shrestha","phoneNumber":"9843719653","mobileNumber":"9843719653","birthDate":"1989-12-29T00:00:00.000Z","pinNumber":null,"currentAddress":"Thaiba,Godawari","email":"yangjee5@getnada.com","emailVerifyToken":"62065690-b41b-11e9-b76b-d1da4d13123f","emailVerifyCode":"i5sOJm","isEmailVerified":true,"emailVerifiedAt":1564636550872,"isFirstLogin":false,"isPurchased":false,"passwordToken":null,"passwordTokenExpiry":null,"emailVerifyCodeExpiry":"1564738061","status":1,"deviceType":null,"deviceId":null,"deviceToken":null,"_id":"5d4274e437093203bdad4815","firstName":"Yangjee","password":"$2a$10$dS8sluMSxYkVegpRXevSDubR/q51/.xgP/Y1z/RXOD1XT0OeQzYme","createdAt":"2019-08-01T05:13:08.083Z","updatedAt":"2019-08-01T09:27:41.064Z","__v":0,"fullName":"Yangjee Rai","id":"5d4274e437093203bdad4815"},"mortgageDetails":[{"isSynced":true,"lastUpdatedAt":1223456789,"localId":"123","bankName":"NMB","accountNumber":"1234yhmsgh","relatesTo":"Personal","approxValue":6000000,"isDeleted":false,"_id":"5d42a8a3de9dd0129e05df69"}],"personalLoanDetails":[{"isSynced":true,"lastUpdatedAt":1223456789,"localId":"123","bankName":"Nabil Bank","accountNumber":"agaga124","approxValue":700000,"isDeleted":false,"_id":"5d42a8a3de9dd0129e05df6a"}],"creditCardDetails":[{"isSynced":true,"lastUpdatedAt":1223456789,"localId":"456","issuerName":"Bakhat Rai","accountNumber":"67sss123sh","approxValue":1000000,"isDeleted":false,"_id":"5d42a8a3de9dd0129e05df6b"}],"debtDetails":[{"isSynced":true,"lastUpdatedAt":1223456789,"localId":"12344","personName":"Sunita","approxValue":699990,"isDeleted":false,"_id":"5d42a8a3de9dd0129e05df6c"}],"hecsDetails":[{"isSynced":true,"lastUpdatedAt":1223456789,"localId":"567878","approxValue":900000,"isDeleted":false,"_id":"5d42a8a3de9dd0129e05df6d"}],"otherDetails":[{"isSynced":true,"lastUpdatedAt":1223456789,"localId":"4567","title":"Main","description":"Furniture","personName":"Anita Rai","approxValue":700000,"isDeleted":false,"_id":"5d42a8a3de9dd0129e05df6e"}],"createdAt":"2019-08-01T08:53:55.614Z","updatedAt":"2019-08-01T08:53:55.637Z","__v":0}]}]]>
    </line>
    <line>
      <![CDATA[Response is: {"message":"success","data":[{"families":{"localId":"BF3A9A92-C858-4337-9411-4E7ADE37D9CC","email":null,"lastName":"Rai","middleName":"","nickName":"","address":"Narayanthan","contactNumber":"9843719653","lastUpdatedAt":1564636988,"isSynced":true,"status":true,"isDeleted":false,"_id":"5d42773d37093203bdad4820","relation":"Father","firstName":"Bakhat","createdAt":"2019-08-01T05:23:09.178Z","updatedAt":"2019-08-01T05:23:09.178Z"},"isSynced":true,"executorType":"primary","isDeleted":false,"_id":"5d42797d37093203bdad482d","localId":"123","lastUpdatedAt":1223456789,"user":{"lastName":"Rai","middleName":"Shrestha","phoneNumber":"9843719653","mobileNumber":"9843719653","birthDate":"1989-12-29T00:00:00.000Z","pinNumber":null,"currentAddress":"Thaiba,Godawari","email":"yangjee5@getnada.com","emailVerifyToken":"62065690-b41b-11e9-b76b-d1da4d13123f","emailVerifyCode":"i5sOJm","isEmailVerified":true,"emailVerifiedAt":1564636550872,"isFirstLogin":false,"isPurchased":false,"passwordToken":null,"passwordTokenExpiry":null,"emailVerifyCodeExpiry":"1564738061","status":1,"deviceType":null,"deviceId":null,"deviceToken":null,"_id":"5d4274e437093203bdad4815","firstName":"Yangjee","password":"$2a$10$dS8sluMSxYkVegpRXevSDubR/q51/.xgP/Y1z/RXOD1XT0OeQzYme","createdAt":"2019-08-01T05:13:08.083Z","updatedAt":"2019-08-01T09:27:41.064Z","__v":0,"fullName":"Yangjee Rai","id":"5d4274e437093203bdad4815"},"__v":0,"createdAt":"2019-08-01T05:32:45.329Z","updatedAt":"2019-08-01T05:32:45.329Z"},{"families":null,"isSynced":true,"executorType":"secondary","isDeleted":false,"_id":"5d42799037093203bdad482e","lastUpdatedAt":1564637515,"localId":"8B2F7000-B873-4625-AD69-FCE4A51F72B3","user":{"lastName":"Rai","middleName":"Shrestha","phoneNumber":"9843719653","mobileNumber":"9843719653","birthDate":"1989-12-29T00:00:00.000Z","pinNumber":null,"currentAddress":"Thaiba,Godawari","email":"yangjee5@getnada.com","emailVerifyToken":"62065690-b41b-11e9-b76b-d1da4d13123f","emailVerifyCode":"i5sOJm","isEmailVerified":true,"emailVerifiedAt":1564636550872,"isFirstLogin":false,"isPurchased":false,"passwordToken":null,"passwordTokenExpiry":null,"emailVerifyCodeExpiry":"1564738061","status":1,"deviceType":null,"deviceId":null,"deviceToken":null,"_id":"5d4274e437093203bdad4815","firstName":"Yangjee","password":"$2a$10$dS8sluMSxYkVegpRXevSDubR/q51/.xgP/Y1z/RXOD1XT0OeQzYme","createdAt":"2019-08-01T05:13:08.083Z","updatedAt":"2019-08-01T09:27:41.064Z","__v":0,"fullName":"Yangjee Rai","id":"5d4274e437093203bdad4815"},"__v":0,"createdAt":"2019-08-01T05:33:04.016Z","updatedAt":"2019-08-01T05:33:04.016Z"},{"families":null,"isSynced":true,"executorType":"primary","isDeleted":false,"_id":"5d42799037093203bdad482f","lastUpdatedAt":1564637515,"localId":"7AEFCC72-412A-4301-8DEF-EA2D070AE00B","user":{"lastName":"Rai","middleName":"Shrestha","phoneNumber":"9843719653","mobileNumber":"9843719653","birthDate":"1989-12-29T00:00:00.000Z","pinNumber":null,"currentAddress":"Thaiba,Godawari","email":"yangjee5@getnada.com","emailVerifyToken":"62065690-b41b-11e9-b76b-d1da4d13123f","emailVerifyCode":"i5sOJm","isEmailVerified":true,"emailVerifiedAt":1564636550872,"isFirstLogin":false,"isPurchased":false,"passwordToken":null,"passwordTokenExpiry":null,"emailVerifyCodeExpiry":"1564738061","status":1,"deviceType":null,"deviceId":null,"deviceToken":null,"_id":"5d4274e437093203bdad4815","firstName":"Yangjee","password":"$2a$10$dS8sluMSxYkVegpRXevSDubR/q51/.xgP/Y1z/RXOD1XT0OeQzYme","createdAt":"2019-08-01T05:13:08.083Z","updatedAt":"2019-08-01T09:27:41.064Z","__v":0,"fullName":"Yangjee Rai","id":"5d4274e437093203bdad4815"},"__v":0,"createdAt":"2019-08-01T05:33:04.016Z","updatedAt":"2019-08-01T05:33:04.016Z"},{"families":null,"isSynced":true,"executorType":"altSecondary","isDeleted":false,"_id":"5d42799037093203bdad4830","lastUpdatedAt":1564637515,"localId":"80B4BE2E-8064-4F3C-BE60-491FD51E90E8","user":{"lastName":"Rai","middleName":"Shrestha","phoneNumber":"9843719653","mobileNumber":"9843719653","birthDate":"1989-12-29T00:00:00.000Z","pinNumber":null,"currentAddress":"Thaiba,Godawari","email":"yangjee5@getnada.com","emailVerifyToken":"62065690-b41b-11e9-b76b-d1da4d13123f","emailVerifyCode":"i5sOJm","isEmailVerified":true,"emailVerifiedAt":1564636550872,"isFirstLogin":false,"isPurchased":false,"passwordToken":null,"passwordTokenExpiry":null,"emailVerifyCodeExpiry":"1564738061","status":1,"deviceType":null,"deviceId":null,"deviceToken":null,"_id":"5d4274e437093203bdad4815","firstName":"Yangjee","password":"$2a$10$dS8sluMSxYkVegpRXevSDubR/q51/.xgP/Y1z/RXOD1XT0OeQzYme","createdAt":"2019-08-01T05:13:08.083Z","updatedAt":"2019-08-01T09:27:41.064Z","__v":0,"fullName":"Yangjee Rai","id":"5d4274e437093203bdad4815"},"__v":0,"createdAt":"2019-08-01T05:33:04.016Z","updatedAt":"2019-08-01T05:33:04.016Z"},{"families":{"localId":"BF3A9A92-C858-4337-9411-4E7ADE37D9CC","email":null,"lastName":"Rai","middleName":"","nickName":"","address":"Narayanthan","contactNumber":"9843719653","lastUpdatedAt":1564636988,"isSynced":true,"status":true,"isDeleted":false,"_id":"5d42773d37093203bdad4820","relation":"Father","firstName":"Bakhat","createdAt":"2019-08-01T05:23:09.178Z","updatedAt":"2019-08-01T05:23:09.178Z"},"isSynced":true,"executorType":"primary","isDeleted":false,"_id":"5d42a544de9dd0129e05df5b","localId":"123","lastUpdatedAt":1223456789,"user":{"lastName":"Rai","middleName":"Shrestha","phoneNumber":"9843719653","mobileNumber":"9843719653","birthDate":"1989-12-29T00:00:00.000Z","pinNumber":null,"currentAddress":"Thaiba,Godawari","email":"yangjee5@getnada.com","emailVerifyToken":"62065690-b41b-11e9-b76b-d1da4d13123f","emailVerifyCode":"i5sOJm","isEmailVerified":true,"emailVerifiedAt":1564636550872,"isFirstLogin":false,"isPurchased":false,"passwordToken":null,"passwordTokenExpiry":null,"emailVerifyCodeExpiry":"1564738061","status":1,"deviceType":null,"deviceId":null,"deviceToken":null,"_id":"5d4274e437093203bdad4815","firstName":"Yangjee","password":"$2a$10$dS8sluMSxYkVegpRXevSDubR/q51/.xgP/Y1z/RXOD1XT0OeQzYme","createdAt":"2019-08-01T05:13:08.083Z","updatedAt":"2019-08-01T09:27:41.064Z","__v":0,"fullName":"Yangjee Rai","id":"5d4274e437093203bdad4815"},"__v":0,"createdAt":"2019-08-01T08:39:32.733Z","updatedAt":"2019-08-01T08:39:32.733Z"}]}]]>
    </line>
    <line>
      <![CDATA[Response is: {"message":"success","data":[{"families":null,"isSynced":true,"guardianOf":"pet","isDeleted":false,"_id":"5d42a2f3de9dd0129e05df52","localId":"78127867-D2DA-4BFC-90B6-06BDDE5F9F3C","lastUpdatedAt":1564647996,"user":{"lastName":"Rai","middleName":"Shrestha","phoneNumber":"9843719653","mobileNumber":"9843719653","birthDate":"1989-12-29T00:00:00.000Z","pinNumber":null,"currentAddress":"Thaiba,Godawari","email":"yangjee5@getnada.com","emailVerifyToken":"62065690-b41b-11e9-b76b-d1da4d13123f","emailVerifyCode":"i5sOJm","isEmailVerified":true,"emailVerifiedAt":1564636550872,"isFirstLogin":false,"isPurchased":false,"passwordToken":null,"passwordTokenExpiry":null,"emailVerifyCodeExpiry":"1564738061","status":1,"deviceType":null,"deviceId":null,"deviceToken":null,"_id":"5d4274e437093203bdad4815","firstName":"Yangjee","password":"$2a$10$dS8sluMSxYkVegpRXevSDubR/q51/.xgP/Y1z/RXOD1XT0OeQzYme","createdAt":"2019-08-01T05:13:08.083Z","updatedAt":"2019-08-01T09:27:41.064Z","__v":0,"fullName":"Yangjee Rai","id":"5d4274e437093203bdad4815"},"__v":0,"createdAt":"2019-08-01T08:29:39.025Z","updatedAt":"2019-08-01T08:29:39.025Z"},{"families":null,"isSynced":true,"guardianOf":"children","isDeleted":false,"_id":"5d42a2f3de9dd0129e05df53","lastUpdatedAt":1564647996,"localId":"397D7338-EC3F-45AE-910D-35464AF7168C","user":{"lastName":"Rai","middleName":"Shrestha","phoneNumber":"9843719653","mobileNumber":"9843719653","birthDate":"1989-12-29T00:00:00.000Z","pinNumber":null,"currentAddress":"Thaiba,Godawari","email":"yangjee5@getnada.com","emailVerifyToken":"62065690-b41b-11e9-b76b-d1da4d13123f","emailVerifyCode":"i5sOJm","isEmailVerified":true,"emailVerifiedAt":1564636550872,"isFirstLogin":false,"isPurchased":false,"passwordToken":null,"passwordTokenExpiry":null,"emailVerifyCodeExpiry":"1564738061","status":1,"deviceType":null,"deviceId":null,"deviceToken":null,"_id":"5d4274e437093203bdad4815","firstName":"Yangjee","password":"$2a$10$dS8sluMSxYkVegpRXevSDubR/q51/.xgP/Y1z/RXOD1XT0OeQzYme","createdAt":"2019-08-01T05:13:08.083Z","updatedAt":"2019-08-01T09:27:41.064Z","__v":0,"fullName":"Yangjee Rai","id":"5d4274e437093203bdad4815"},"__v":0,"createdAt":"2019-08-01T08:29:39.026Z","updatedAt":"2019-08-01T08:29:39.026Z"},{"families":{"localId":"BF3A9A92-C858-4337-9411-4E7ADE37D9CC","email":null,"lastName":"Rai","middleName":"","nickName":"","address":"Narayanthan","dob":"2019-08-01T00:00:00.000Z","contactNumber":"9843719653","lastUpdatedAt":1564636988,"isSynced":true,"status":true,"isDeleted":false,"_id":"5d42773d37093203bdad4820","user":"5d4274e437093203bdad4815","relation":"Father","firstName":"Bakhat","createdAt":"2019-08-01T05:23:09.178Z","updatedAt":"2019-08-01T05:23:09.178Z","__v":0},"isSynced":true,"guardianOf":"children","isDeleted":false,"_id":"5d42a824de9dd0129e05df64","localId":"123","lastUpdatedAt":1223456789,"user":{"lastName":"Rai","middleName":"Shrestha","phoneNumber":"9843719653","mobileNumber":"9843719653","birthDate":"1989-12-29T00:00:00.000Z","pinNumber":null,"currentAddress":"Thaiba,Godawari","email":"yangjee5@getnada.com","emailVerifyToken":"62065690-b41b-11e9-b76b-d1da4d13123f","emailVerifyCode":"i5sOJm","isEmailVerified":true,"emailVerifiedAt":1564636550872,"isFirstLogin":false,"isPurchased":false,"passwordToken":null,"passwordTokenExpiry":null,"emailVerifyCodeExpiry":"1564738061","status":1,"deviceType":null,"deviceId":null,"deviceToken":null,"_id":"5d4274e437093203bdad4815","firstName":"Yangjee","password":"$2a$10$dS8sluMSxYkVegpRXevSDubR/q51/.xgP/Y1z/RXOD1XT0OeQzYme","createdAt":"2019-08-01T05:13:08.083Z","updatedAt":"2019-08-01T09:27:41.064Z","__v":0,"fullName":"Yangjee Rai","id":"5d4274e437093203bdad4815"},"__v":0,"createdAt":"2019-08-01T08:51:48.599Z","updatedAt":"2019-08-01T08:51:48.599Z"}]}]]>
    </line>
    <line>
      <![CDATA[Response is: {"message":"success","data":[{"socialMediaControl":false,"socialMediaControlFamily":null,"organDonation":true,"organDonationDetail":"Qqqq","donateBlood":true,"donateBloodDetail":"Reer","funeralDirection":"Cremate","funeralDirectionDetail":"Make it white and pink","isSynced":true,"isDeleted":false,"_id":"5d427a3d37093203bdad4834","localId":"1234","lastUpdatedAt":12345555,"user":{"lastName":"Rai","middleName":"Shrestha","phoneNumber":"9843719653","mobileNumber":"9843719653","birthDate":"1989-12-29T00:00:00.000Z","pinNumber":null,"currentAddress":"Thaiba,Godawari","email":"yangjee5@getnada.com","emailVerifyToken":"62065690-b41b-11e9-b76b-d1da4d13123f","emailVerifyCode":"i5sOJm","isEmailVerified":true,"emailVerifiedAt":1564636550872,"isFirstLogin":false,"isPurchased":false,"passwordToken":null,"passwordTokenExpiry":null,"emailVerifyCodeExpiry":"1564738061","status":1,"deviceType":null,"deviceId":null,"deviceToken":null,"_id":"5d4274e437093203bdad4815","firstName":"Yangjee","password":"$2a$10$dS8sluMSxYkVegpRXevSDubR/q51/.xgP/Y1z/RXOD1XT0OeQzYme","createdAt":"2019-08-01T05:13:08.083Z","updatedAt":"2019-08-01T09:27:41.064Z","__v":0,"fullName":"Yangjee Rai","id":"5d4274e437093203bdad4815"},"__v":0,"createdAt":"2019-08-01T05:35:57.517Z","updatedAt":"2019-08-01T05:35:57.517Z"},{"socialMediaControl":false,"socialMediaControlFamily":null,"organDonation":true,"organDonationDetail":"HI all","donateBlood":true,"donateBloodDetail":"blood detail","funeralDirection":"Burial","funeralDirectionDetail":"Make it white and pink","isSynced":true,"isDeleted":false,"_id":"5d42a545de9dd0129e05df5c","localId":"1234","lastUpdatedAt":1223456789,"user":{"lastName":"Rai","middleName":"Shrestha","phoneNumber":"9843719653","mobileNumber":"9843719653","birthDate":"1989-12-29T00:00:00.000Z","pinNumber":null,"currentAddress":"Thaiba,Godawari","email":"yangjee5@getnada.com","emailVerifyToken":"62065690-b41b-11e9-b76b-d1da4d13123f","emailVerifyCode":"i5sOJm","isEmailVerified":true,"emailVerifiedAt":1564636550872,"isFirstLogin":false,"isPurchased":false,"passwordToken":null,"passwordTokenExpiry":null,"emailVerifyCodeExpiry":"1564738061","status":1,"deviceType":null,"deviceId":null,"deviceToken":null,"_id":"5d4274e437093203bdad4815","firstName":"Yangjee","password":"$2a$10$dS8sluMSxYkVegpRXevSDubR/q51/.xgP/Y1z/RXOD1XT0OeQzYme","createdAt":"2019-08-01T05:13:08.083Z","updatedAt":"2019-08-01T09:27:41.064Z","__v":0,"fullName":"Yangjee Rai","id":"5d4274e437093203bdad4815"},"__v":0,"createdAt":"2019-08-01T08:39:33.432Z","updatedAt":"2019-08-01T08:39:33.432Z"}]}]]>
    </line>
    <line>
      <![CDATA[Response is: {"message":"success","data":[{"localId":"123","name":"Blue cross","abn":"Hospital","address":"Tripureshwor","lastUpdatedAt":1223456789,"isSynced":true,"isDeleted":false,"_id":"5d42af09de9dd0129e05dfce","user":{"lastName":"Rai","middleName":"Shrestha","phoneNumber":"9843719653","mobileNumber":"9843719653","birthDate":"1989-12-29T00:00:00.000Z","pinNumber":null,"currentAddress":"Thaiba,Godawari","email":"yangjee5@getnada.com","emailVerifyToken":"62065690-b41b-11e9-b76b-d1da4d13123f","emailVerifyCode":"i5sOJm","isEmailVerified":true,"emailVerifiedAt":1564636550872,"isFirstLogin":false,"isPurchased":false,"passwordToken":null,"passwordTokenExpiry":null,"emailVerifyCodeExpiry":"1564738061","status":1,"deviceType":null,"deviceId":null,"deviceToken":null,"_id":"5d4274e437093203bdad4815","firstName":"Yangjee","password":"$2a$10$dS8sluMSxYkVegpRXevSDubR/q51/.xgP/Y1z/RXOD1XT0OeQzYme","createdAt":"2019-08-01T05:13:08.083Z","updatedAt":"2019-08-01T09:27:41.064Z","__v":0,"fullName":"Yangjee Rai","id":"5d4274e437093203bdad4815"},"__v":0,"createdAt":"2019-08-01T09:21:13.135Z","updatedAt":"2019-08-01T09:21:13.135Z"}]}]]>
    </line>
    <line>
      <![CDATA[Response is: {"message":"success","data":[{"_id":"5d42af09de9dd0129e05dfcf","localId":"123","createdAt":"2019-08-01T09:21:13.737Z","lastUpdatedAt":1564651423,"beneficiaryType":"percentage","selectedBeneficiaryType":"family","charity":null,"family":{"_id":"5d41269f9bdfe675adce9777","localId":"8F4786C4-70E6-4522-8D5B-9E65F5D53596","email":null,"lastName":"Rai","middleName":"","nickName":"","address":"Narayanthan","dob":"2019-07-29T00:00:00.000Z","contactNumber":"9802583588","lastUpdatedAt":1564550814,"isSynced":true,"status":true,"isDeleted":false,"user":"5d3fb9fbe497235031f411c7","relation":"Sister","firstName":"Himsikha","createdAt":"2019-07-31T05:26:55.293Z","updatedAt":"2019-07-31T05:26:55.293Z","__v":0},"age":8,"assetType":"","givenTo":"children","asset":{"joinOwnerShipDetails":[],"superNominationDetails":[]},"percentage":10,"isDeleted":true,"isSynced":true,"givenDetail":[{"percentage":56,"_id":"5d42af09de9dd0129e05dfd0","family":{"_id":"5d3fcedde497235031f411f5","localId":"123","email":"oqpratik@gmail.com","lastName":"Shrestha","middleName":"","nickName":"Pratik","address":"Thaiba","dob":"2019-01-24T00:00:00.000Z","contactNumber":"9841151757","lastUpdatedAt":1223456789,"isSynced":true,"status":true,"isDeleted":false,"user":"5d3fb9fbe497235031f411c7","relation":"Spouse","firstName":"Pratik","createdAt":"2019-07-30T05:00:13.769Z","updatedAt":"2019-07-30T05:00:13.769Z","__v":0},"localId":"1235"}]},{"_id":"5d42af9ade9dd0129e05dfd1","localId":"E5EA878E-0175-4BF1-A404-67328123F722","createdAt":"2019-08-01T09:23:38.616Z","lastUpdatedAt":1564651418,"beneficiaryType":"percentage","selectedBeneficiaryType":"family","charity":null,"family":{"_id":"5d41269f9bdfe675adce9777","localId":"8F4786C4-70E6-4522-8D5B-9E65F5D53596","email":null,"lastName":"Rai","middleName":"","nickName":"","address":"Narayanthan","dob":"2019-07-29T00:00:00.000Z","contactNumber":"9802583588","lastUpdatedAt":1564550814,"isSynced":true,"status":true,"isDeleted":false,"user":"5d3fb9fbe497235031f411c7","relation":"Sister","firstName":"Himsikha","createdAt":"2019-07-31T05:26:55.293Z","updatedAt":"2019-07-31T05:26:55.293Z","__v":0},"age":18,"assetType":"","givenTo":"children","asset":{"joinOwnerShipDetails":[],"superNominationDetails":[]},"percentage":32,"isDeleted":false,"isSynced":true,"givenDetail":[]},{"_id":"5d42afbfde9dd0129e05dfd2","localId":"0FA3F43D-90E6-4BA3-90DC-A39E46F7A344","createdAt":"2019-08-01T09:24:15.586Z","lastUpdatedAt":1564651455,"beneficiaryType":"percentage","selectedBeneficiaryType":"charity","charity":{"_id":"5d42af09de9dd0129e05dfce","localId":"123","name":"Blue cross","abn":"Hospital","address":"Tripureshwor","lastUpdatedAt":1223456789,"isSynced":true,"isDeleted":false,"user":"5d4274e437093203bdad4815","__v":0,"createdAt":"2019-08-01T09:21:13.135Z","updatedAt":"2019-08-01T09:21:13.135Z"},"family":null,"age":0,"assetType":"","givenTo":"","asset":{"joinOwnerShipDetails":[],"superNominationDetails":[]},"percentage":48,"isDeleted":false,"isSynced":true,"givenDetail":[]}]}]]>
    </line>
    <line>
      <![CDATA[Response is: {"message":"success","data":{}}]]>
    </line>
    <line>
      <![CDATA[Response is: {"message":"success","data":[]}]]>
    </line>
    <line>
      <![CDATA[Response is: {"message":"Assets updated successfully","data":{}}]]>
    </line>
    <line>
      <![CDATA[Response is: {"message":"Witness updated successfully","data":null}]]>
    </line>
    <line>
      <![CDATA[Response is: {"message":"Witness updated successfully","data":null}]]>
    </line>
    <line>
      <![CDATA[Response is: {"message":"Will Generated Successfully","data":{}}]]>
    </line>
  </reporter-output>
  <suite name="Default suite" duration-ms="58854" started-at="2019-08-01T09:27:06Z" finished-at="2019-08-01T09:28:05Z">
    <groups>
    </groups>
    <test name="Default test" duration-ms="58854" started-at="2019-08-01T09:27:06Z" finished-at="2019-08-01T09:28:05Z">
      <class name="ApiTest.APITest">
        <test-method status="PASS" signature="setUp()[pri:0, instance:ApiTest.APITest@ed9d034]" name="setUp" is-config="true" duration-ms="27" started-at="2019-08-01T09:27:06Z" finished-at="2019-08-01T09:27:06Z">
          <reporter-output>
          </reporter-output>
        </test-method> <!-- setUp -->
        <test-method status="PASS" signature="beforeMethod(java.lang.reflect.Method)[pri:0, instance:ApiTest.APITest@ed9d034]" name="beforeMethod" is-config="true" duration-ms="255" started-at="2019-08-01T09:27:07Z" finished-at="2019-08-01T09:27:08Z">
          <params>
            <param index="0">
              <value>
                <![CDATA[public void ApiTest.APITest.registerUser(java.util.Map) throws java.io.IOException]]>
              </value>
            </param>
          </params>
          <reporter-output>
          </reporter-output>
        </test-method> <!-- beforeMethod -->
        <test-method status="FAIL" signature="registerUser(java.util.Map)[pri:1, instance:ApiTest.APITest@ed9d034]" name="registerUser" duration-ms="5837" started-at="2019-08-01T09:27:08Z" data-provider="RegisterData" finished-at="2019-08-01T09:27:13Z">
          <params>
            <param index="0">
              <value>
                <![CDATA[{firstName=Yangjee, lastName=Rai, password=12345678a, TestCaseName=Using valid data, email=yangjee5@getnada.com}]]>
              </value>
            </param>
          </params>
          <exception class="java.lang.AssertionError">
            <message>
              <![CDATA[1 expectation failed.
Expected status code <200> but was <409>.
]]>
            </message>
            <full-stacktrace>
              <![CDATA[java.lang.AssertionError: 1 expectation failed.
Expected status code <200> but was <409>.

at sun.reflect.NativeConstructorAccessorImpl.newInstance0(Native Method)
at sun.reflect.NativeConstructorAccessorImpl.newInstance(Unknown Source)
at sun.reflect.DelegatingConstructorAccessorImpl.newInstance(Unknown Source)
at java.lang.reflect.Constructor.newInstance(Unknown Source)
at org.codehaus.groovy.reflection.CachedConstructor.invoke(CachedConstructor.java:80)
at org.codehaus.groovy.reflection.CachedConstructor.doConstructorInvoke(CachedConstructor.java:74)
at org.codehaus.groovy.runtime.callsite.ConstructorSite$ConstructorSiteNoUnwrap.callConstructor(ConstructorSite.java:84)
at org.codehaus.groovy.runtime.callsite.CallSiteArray.defaultCallConstructor(CallSiteArray.java:59)
at org.codehaus.groovy.runtime.callsite.AbstractCallSite.callConstructor(AbstractCallSite.java:237)
at org.codehaus.groovy.runtime.callsite.AbstractCallSite.callConstructor(AbstractCallSite.java:249)
at io.restassured.internal.ResponseSpecificationImpl$HamcrestAssertionClosure.validate(ResponseSpecificationImpl.groovy:492)
at io.restassured.internal.ResponseSpecificationImpl$HamcrestAssertionClosure$validate$1.call(Unknown Source)
at org.codehaus.groovy.runtime.callsite.CallSiteArray.defaultCall(CallSiteArray.java:47)
at org.codehaus.groovy.runtime.callsite.AbstractCallSite.call(AbstractCallSite.java:115)
at org.codehaus.groovy.runtime.callsite.AbstractCallSite.call(AbstractCallSite.java:127)
at io.restassured.internal.ResponseSpecificationImpl.validateResponseIfRequired(ResponseSpecificationImpl.groovy:655)
at sun.reflect.NativeMethodAccessorImpl.invoke0(Native Method)
at sun.reflect.NativeMethodAccessorImpl.invoke(Unknown Source)
at sun.reflect.DelegatingMethodAccessorImpl.invoke(Unknown Source)
at java.lang.reflect.Method.invoke(Unknown Source)
at org.codehaus.groovy.runtime.callsite.PlainObjectMetaMethodSite.doInvoke(PlainObjectMetaMethodSite.java:43)
at org.codehaus.groovy.runtime.callsite.PogoMetaMethodSite$PogoCachedMethodSiteNoUnwrapNoCoerce.invoke(PogoMetaMethodSite.java:190)
at org.codehaus.groovy.runtime.callsite.PogoMetaMethodSite.callCurrent(PogoMetaMethodSite.java:58)
at org.codehaus.groovy.runtime.callsite.CallSiteArray.defaultCallCurrent(CallSiteArray.java:51)
at org.codehaus.groovy.runtime.callsite.AbstractCallSite.callCurrent(AbstractCallSite.java:156)
at org.codehaus.groovy.runtime.callsite.AbstractCallSite.callCurrent(AbstractCallSite.java:168)
at io.restassured.internal.ResponseSpecificationImpl.statusCode(ResponseSpecificationImpl.groovy:125)
at io.restassured.specification.ResponseSpecification$statusCode$0.callCurrent(Unknown Source)
at org.codehaus.groovy.runtime.callsite.CallSiteArray.defaultCallCurrent(CallSiteArray.java:51)
at org.codehaus.groovy.runtime.callsite.AbstractCallSite.callCurrent(AbstractCallSite.java:156)
at org.codehaus.groovy.runtime.callsite.AbstractCallSite.callCurrent(AbstractCallSite.java:168)
at io.restassured.internal.ResponseSpecificationImpl.statusCode(ResponseSpecificationImpl.groovy:133)
at io.restassured.internal.ValidatableResponseOptionsImpl.statusCode(ValidatableResponseOptionsImpl.java:89)
at io.restassured.internal.ValidatableResponseImpl.super$2$statusCode(ValidatableResponseImpl.groovy)
at sun.reflect.NativeMethodAccessorImpl.invoke0(Native Method)
at sun.reflect.NativeMethodAccessorImpl.invoke(Unknown Source)
at sun.reflect.DelegatingMethodAccessorImpl.invoke(Unknown Source)
at java.lang.reflect.Method.invoke(Unknown Source)
at org.codehaus.groovy.reflection.CachedMethod.invoke(CachedMethod.java:101)
at groovy.lang.MetaMethod.doMethodInvoke(MetaMethod.java:323)
at groovy.lang.MetaClassImpl.invokeMethod(MetaClassImpl.java:1217)
at org.codehaus.groovy.runtime.ScriptBytecodeAdapter.invokeMethodOnSuperN(ScriptBytecodeAdapter.java:144)
at io.restassured.internal.ValidatableResponseImpl.statusCode(ValidatableResponseImpl.groovy:142)
at io.restassured.internal.ValidatableResponseImpl.statusCode(ValidatableResponseImpl.groovy)
at ApiTest.APITest.registerUser(APITest.java:105)
at sun.reflect.NativeMethodAccessorImpl.invoke0(Native Method)
at sun.reflect.NativeMethodAccessorImpl.invoke(Unknown Source)
at sun.reflect.DelegatingMethodAccessorImpl.invoke(Unknown Source)
at java.lang.reflect.Method.invoke(Unknown Source)
at org.testng.internal.MethodInvocationHelper.invokeMethod(MethodInvocationHelper.java:124)
at org.testng.internal.Invoker.invokeMethod(Invoker.java:583)
at org.testng.internal.Invoker.invokeTestMethod(Invoker.java:719)
at org.testng.internal.Invoker.invokeTestMethods(Invoker.java:989)
at org.testng.internal.TestMethodWorker.invokeTestMethods(TestMethodWorker.java:125)
at org.testng.internal.TestMethodWorker.run(TestMethodWorker.java:109)
at org.testng.TestRunner.privateRun(TestRunner.java:648)
at org.testng.TestRunner.run(TestRunner.java:505)
at org.testng.SuiteRunner.runTest(SuiteRunner.java:455)
at org.testng.SuiteRunner.runSequentially(SuiteRunner.java:450)
at org.testng.SuiteRunner.privateRun(SuiteRunner.java:415)
at org.testng.SuiteRunner.run(SuiteRunner.java:364)
at org.testng.SuiteRunnerWorker.runSuite(SuiteRunnerWorker.java:52)
at org.testng.SuiteRunnerWorker.run(SuiteRunnerWorker.java:84)
at org.testng.TestNG.runSuitesSequentially(TestNG.java:1208)
at org.testng.TestNG.runSuitesLocally(TestNG.java:1137)
at org.testng.TestNG.runSuites(TestNG.java:1049)
at org.testng.TestNG.run(TestNG.java:1017)
at org.testng.remote.AbstractRemoteTestNG.run(AbstractRemoteTestNG.java:114)
at org.testng.remote.RemoteTestNG.initAndRun(RemoteTestNG.java:251)
at org.testng.remote.RemoteTestNG.main(RemoteTestNG.java:77)
]]>
            </full-stacktrace>
          </exception> <!-- java.lang.AssertionError -->
          <reporter-output>
          </reporter-output>
        </test-method> <!-- registerUser -->
        <test-method status="PASS" signature="afterMethod(org.testng.ITestResult)[pri:0, instance:ApiTest.APITest@ed9d034]" name="afterMethod" is-config="true" duration-ms="593" started-at="2019-08-01T09:27:13Z" finished-at="2019-08-01T09:27:14Z">
          <params>
            <param index="0">
              <value>
                <![CDATA[[TestResult name=registerUser status=FAILURE method=APITest.registerUser(java.util.Map)[pri:1, instance:ApiTest.APITest@ed9d034] output={null}]]]>
              </value>
            </param>
          </params>
          <reporter-output>
          </reporter-output>
        </test-method> <!-- afterMethod -->
        <test-method status="PASS" signature="beforeMethod(java.lang.reflect.Method)[pri:0, instance:ApiTest.APITest@ed9d034]" name="beforeMethod" is-config="true" duration-ms="1" started-at="2019-08-01T09:27:14Z" finished-at="2019-08-01T09:27:14Z">
          <params>
            <param index="0">
              <value>
                <![CDATA[public void ApiTest.APITest.registerUser(java.util.Map) throws java.io.IOException]]>
              </value>
            </param>
          </params>
          <reporter-output>
          </reporter-output>
        </test-method> <!-- beforeMethod -->
        <test-method status="FAIL" signature="registerUser(java.util.Map)[pri:1, instance:ApiTest.APITest@ed9d034]" name="registerUser" duration-ms="550" started-at="2019-08-01T09:27:14Z" data-provider="RegisterData" finished-at="2019-08-01T09:27:15Z">
          <params>
            <param index="0">
              <value>
                <![CDATA[{firstName=Yangjee, lastName=Rai, password=12345678a, TestCaseName=Using invalid email, email=yangjee@}]]>
              </value>
            </param>
          </params>
          <exception class="java.lang.AssertionError">
            <message>
              <![CDATA[1 expectation failed.
Expected status code <200> but was <422>.
]]>
            </message>
            <full-stacktrace>
              <![CDATA[java.lang.AssertionError: 1 expectation failed.
Expected status code <200> but was <422>.

at sun.reflect.NativeConstructorAccessorImpl.newInstance0(Native Method)
at sun.reflect.NativeConstructorAccessorImpl.newInstance(Unknown Source)
at sun.reflect.DelegatingConstructorAccessorImpl.newInstance(Unknown Source)
at java.lang.reflect.Constructor.newInstance(Unknown Source)
at org.codehaus.groovy.reflection.CachedConstructor.invoke(CachedConstructor.java:80)
at org.codehaus.groovy.reflection.CachedConstructor.doConstructorInvoke(CachedConstructor.java:74)
at org.codehaus.groovy.runtime.callsite.ConstructorSite$ConstructorSiteNoUnwrap.callConstructor(ConstructorSite.java:84)
at org.codehaus.groovy.runtime.callsite.AbstractCallSite.callConstructor(AbstractCallSite.java:249)
at io.restassured.internal.ResponseSpecificationImpl$HamcrestAssertionClosure.validate(ResponseSpecificationImpl.groovy:492)
at io.restassured.internal.ResponseSpecificationImpl$HamcrestAssertionClosure$validate$1.call(Unknown Source)
at io.restassured.internal.ResponseSpecificationImpl.validateResponseIfRequired(ResponseSpecificationImpl.groovy:655)
at sun.reflect.NativeMethodAccessorImpl.invoke0(Native Method)
at sun.reflect.NativeMethodAccessorImpl.invoke(Unknown Source)
at sun.reflect.DelegatingMethodAccessorImpl.invoke(Unknown Source)
at java.lang.reflect.Method.invoke(Unknown Source)
at org.codehaus.groovy.runtime.callsite.PlainObjectMetaMethodSite.doInvoke(PlainObjectMetaMethodSite.java:43)
at org.codehaus.groovy.runtime.callsite.PogoMetaMethodSite$PogoCachedMethodSiteNoUnwrapNoCoerce.invoke(PogoMetaMethodSite.java:190)
at org.codehaus.groovy.runtime.callsite.PogoMetaMethodSite.callCurrent(PogoMetaMethodSite.java:58)
at org.codehaus.groovy.runtime.callsite.AbstractCallSite.callCurrent(AbstractCallSite.java:168)
at io.restassured.internal.ResponseSpecificationImpl.statusCode(ResponseSpecificationImpl.groovy:125)
at io.restassured.specification.ResponseSpecification$statusCode$0.callCurrent(Unknown Source)
at io.restassured.internal.ResponseSpecificationImpl.statusCode(ResponseSpecificationImpl.groovy:133)
at io.restassured.internal.ValidatableResponseOptionsImpl.statusCode(ValidatableResponseOptionsImpl.java:89)
at io.restassured.internal.ValidatableResponseImpl.super$2$statusCode(ValidatableResponseImpl.groovy)
at sun.reflect.NativeMethodAccessorImpl.invoke0(Native Method)
at sun.reflect.NativeMethodAccessorImpl.invoke(Unknown Source)
at sun.reflect.DelegatingMethodAccessorImpl.invoke(Unknown Source)
at java.lang.reflect.Method.invoke(Unknown Source)
at org.codehaus.groovy.reflection.CachedMethod.invoke(CachedMethod.java:101)
at groovy.lang.MetaMethod.doMethodInvoke(MetaMethod.java:323)
at groovy.lang.MetaClassImpl.invokeMethod(MetaClassImpl.java:1217)
at org.codehaus.groovy.runtime.ScriptBytecodeAdapter.invokeMethodOnSuperN(ScriptBytecodeAdapter.java:144)
at io.restassured.internal.ValidatableResponseImpl.statusCode(ValidatableResponseImpl.groovy:142)
at io.restassured.internal.ValidatableResponseImpl.statusCode(ValidatableResponseImpl.groovy)
at ApiTest.APITest.registerUser(APITest.java:105)
at sun.reflect.NativeMethodAccessorImpl.invoke0(Native Method)
at sun.reflect.NativeMethodAccessorImpl.invoke(Unknown Source)
at sun.reflect.DelegatingMethodAccessorImpl.invoke(Unknown Source)
at java.lang.reflect.Method.invoke(Unknown Source)
at org.testng.internal.MethodInvocationHelper.invokeMethod(MethodInvocationHelper.java:124)
at org.testng.internal.Invoker.invokeMethod(Invoker.java:583)
at org.testng.internal.Invoker.invokeTestMethod(Invoker.java:719)
at org.testng.internal.Invoker.invokeTestMethods(Invoker.java:989)
at org.testng.internal.TestMethodWorker.invokeTestMethods(TestMethodWorker.java:125)
at org.testng.internal.TestMethodWorker.run(TestMethodWorker.java:109)
at org.testng.TestRunner.privateRun(TestRunner.java:648)
at org.testng.TestRunner.run(TestRunner.java:505)
at org.testng.SuiteRunner.runTest(SuiteRunner.java:455)
at org.testng.SuiteRunner.runSequentially(SuiteRunner.java:450)
at org.testng.SuiteRunner.privateRun(SuiteRunner.java:415)
at org.testng.SuiteRunner.run(SuiteRunner.java:364)
at org.testng.SuiteRunnerWorker.runSuite(SuiteRunnerWorker.java:52)
at org.testng.SuiteRunnerWorker.run(SuiteRunnerWorker.java:84)
at org.testng.TestNG.runSuitesSequentially(TestNG.java:1208)
at org.testng.TestNG.runSuitesLocally(TestNG.java:1137)
at org.testng.TestNG.runSuites(TestNG.java:1049)
at org.testng.TestNG.run(TestNG.java:1017)
at org.testng.remote.AbstractRemoteTestNG.run(AbstractRemoteTestNG.java:114)
at org.testng.remote.RemoteTestNG.initAndRun(RemoteTestNG.java:251)
at org.testng.remote.RemoteTestNG.main(RemoteTestNG.java:77)
]]>
            </full-stacktrace>
          </exception> <!-- java.lang.AssertionError -->
          <reporter-output>
          </reporter-output>
        </test-method> <!-- registerUser -->
        <test-method status="PASS" signature="afterMethod(org.testng.ITestResult)[pri:0, instance:ApiTest.APITest@ed9d034]" name="afterMethod" is-config="true" duration-ms="151" started-at="2019-08-01T09:27:15Z" finished-at="2019-08-01T09:27:15Z">
          <params>
            <param index="0">
              <value>
                <![CDATA[[TestResult name=registerUser status=FAILURE method=APITest.registerUser(java.util.Map)[pri:1, instance:ApiTest.APITest@ed9d034] output={null}]]]>
              </value>
            </param>
          </params>
          <reporter-output>
          </reporter-output>
        </test-method> <!-- afterMethod -->
        <test-method status="PASS" signature="beforeMethod(java.lang.reflect.Method)[pri:0, instance:ApiTest.APITest@ed9d034]" name="beforeMethod" is-config="true" duration-ms="0" started-at="2019-08-01T09:27:15Z" finished-at="2019-08-01T09:27:15Z">
          <params>
            <param index="0">
              <value>
                <![CDATA[public void ApiTest.APITest.registerUser(java.util.Map) throws java.io.IOException]]>
              </value>
            </param>
          </params>
          <reporter-output>
          </reporter-output>
        </test-method> <!-- beforeMethod -->
        <test-method status="FAIL" signature="registerUser(java.util.Map)[pri:1, instance:ApiTest.APITest@ed9d034]" name="registerUser" duration-ms="584" started-at="2019-08-01T09:27:15Z" data-provider="RegisterData" finished-at="2019-08-01T09:27:15Z">
          <params>
            <param index="0">
              <value>
                <![CDATA[{firstName=Yangjee, lastName=Rai, password=yang, TestCaseName=Using invalid password, email=yangjee@yopmail.com}]]>
              </value>
            </param>
          </params>
          <exception class="java.lang.AssertionError">
            <message>
              <![CDATA[1 expectation failed.
Expected status code <200> but was <422>.
]]>
            </message>
            <full-stacktrace>
              <![CDATA[java.lang.AssertionError: 1 expectation failed.
Expected status code <200> but was <422>.

at sun.reflect.NativeConstructorAccessorImpl.newInstance0(Native Method)
at sun.reflect.NativeConstructorAccessorImpl.newInstance(Unknown Source)
at sun.reflect.DelegatingConstructorAccessorImpl.newInstance(Unknown Source)
at java.lang.reflect.Constructor.newInstance(Unknown Source)
at org.codehaus.groovy.reflection.CachedConstructor.invoke(CachedConstructor.java:80)
at org.codehaus.groovy.reflection.CachedConstructor.doConstructorInvoke(CachedConstructor.java:74)
at org.codehaus.groovy.runtime.callsite.ConstructorSite$ConstructorSiteNoUnwrap.callConstructor(ConstructorSite.java:84)
at org.codehaus.groovy.runtime.callsite.AbstractCallSite.callConstructor(AbstractCallSite.java:249)
at io.restassured.internal.ResponseSpecificationImpl$HamcrestAssertionClosure.validate(ResponseSpecificationImpl.groovy:492)
at io.restassured.internal.ResponseSpecificationImpl$HamcrestAssertionClosure$validate$1.call(Unknown Source)
at io.restassured.internal.ResponseSpecificationImpl.validateResponseIfRequired(ResponseSpecificationImpl.groovy:655)
at sun.reflect.NativeMethodAccessorImpl.invoke0(Native Method)
at sun.reflect.NativeMethodAccessorImpl.invoke(Unknown Source)
at sun.reflect.DelegatingMethodAccessorImpl.invoke(Unknown Source)
at java.lang.reflect.Method.invoke(Unknown Source)
at org.codehaus.groovy.runtime.callsite.PlainObjectMetaMethodSite.doInvoke(PlainObjectMetaMethodSite.java:43)
at org.codehaus.groovy.runtime.callsite.PogoMetaMethodSite$PogoCachedMethodSiteNoUnwrapNoCoerce.invoke(PogoMetaMethodSite.java:190)
at org.codehaus.groovy.runtime.callsite.PogoMetaMethodSite.callCurrent(PogoMetaMethodSite.java:58)
at org.codehaus.groovy.runtime.callsite.AbstractCallSite.callCurrent(AbstractCallSite.java:168)
at io.restassured.internal.ResponseSpecificationImpl.statusCode(ResponseSpecificationImpl.groovy:125)
at io.restassured.specification.ResponseSpecification$statusCode$0.callCurrent(Unknown Source)
at io.restassured.internal.ResponseSpecificationImpl.statusCode(ResponseSpecificationImpl.groovy:133)
at io.restassured.internal.ValidatableResponseOptionsImpl.statusCode(ValidatableResponseOptionsImpl.java:89)
at io.restassured.internal.ValidatableResponseImpl.super$2$statusCode(ValidatableResponseImpl.groovy)
at sun.reflect.NativeMethodAccessorImpl.invoke0(Native Method)
at sun.reflect.NativeMethodAccessorImpl.invoke(Unknown Source)
at sun.reflect.DelegatingMethodAccessorImpl.invoke(Unknown Source)
at java.lang.reflect.Method.invoke(Unknown Source)
at org.codehaus.groovy.reflection.CachedMethod.invoke(CachedMethod.java:101)
at groovy.lang.MetaMethod.doMethodInvoke(MetaMethod.java:323)
at groovy.lang.MetaClassImpl.invokeMethod(MetaClassImpl.java:1217)
at org.codehaus.groovy.runtime.ScriptBytecodeAdapter.invokeMethodOnSuperN(ScriptBytecodeAdapter.java:144)
at io.restassured.internal.ValidatableResponseImpl.statusCode(ValidatableResponseImpl.groovy:142)
at io.restassured.internal.ValidatableResponseImpl.statusCode(ValidatableResponseImpl.groovy)
at ApiTest.APITest.registerUser(APITest.java:105)
at sun.reflect.NativeMethodAccessorImpl.invoke0(Native Method)
at sun.reflect.NativeMethodAccessorImpl.invoke(Unknown Source)
at sun.reflect.DelegatingMethodAccessorImpl.invoke(Unknown Source)
at java.lang.reflect.Method.invoke(Unknown Source)
at org.testng.internal.MethodInvocationHelper.invokeMethod(MethodInvocationHelper.java:124)
at org.testng.internal.Invoker.invokeMethod(Invoker.java:583)
at org.testng.internal.Invoker.invokeTestMethod(Invoker.java:719)
at org.testng.internal.Invoker.invokeTestMethods(Invoker.java:989)
at org.testng.internal.TestMethodWorker.invokeTestMethods(TestMethodWorker.java:125)
at org.testng.internal.TestMethodWorker.run(TestMethodWorker.java:109)
at org.testng.TestRunner.privateRun(TestRunner.java:648)
at org.testng.TestRunner.run(TestRunner.java:505)
at org.testng.SuiteRunner.runTest(SuiteRunner.java:455)
at org.testng.SuiteRunner.runSequentially(SuiteRunner.java:450)
at org.testng.SuiteRunner.privateRun(SuiteRunner.java:415)
at org.testng.SuiteRunner.run(SuiteRunner.java:364)
at org.testng.SuiteRunnerWorker.runSuite(SuiteRunnerWorker.java:52)
at org.testng.SuiteRunnerWorker.run(SuiteRunnerWorker.java:84)
at org.testng.TestNG.runSuitesSequentially(TestNG.java:1208)
at org.testng.TestNG.runSuitesLocally(TestNG.java:1137)
at org.testng.TestNG.runSuites(TestNG.java:1049)
at org.testng.TestNG.run(TestNG.java:1017)
at org.testng.remote.AbstractRemoteTestNG.run(AbstractRemoteTestNG.java:114)
at org.testng.remote.RemoteTestNG.initAndRun(RemoteTestNG.java:251)
at org.testng.remote.RemoteTestNG.main(RemoteTestNG.java:77)
]]>
            </full-stacktrace>
          </exception> <!-- java.lang.AssertionError -->
          <reporter-output>
          </reporter-output>
        </test-method> <!-- registerUser -->
        <test-method status="PASS" signature="afterMethod(org.testng.ITestResult)[pri:0, instance:ApiTest.APITest@ed9d034]" name="afterMethod" is-config="true" duration-ms="102" started-at="2019-08-01T09:27:15Z" finished-at="2019-08-01T09:27:15Z">
          <params>
            <param index="0">
              <value>
                <![CDATA[[TestResult name=registerUser status=FAILURE method=APITest.registerUser(java.util.Map)[pri:1, instance:ApiTest.APITest@ed9d034] output={null}]]]>
              </value>
            </param>
          </params>
          <reporter-output>
          </reporter-output>
        </test-method> <!-- afterMethod -->
        <test-method status="PASS" signature="beforeMethod(java.lang.reflect.Method)[pri:0, instance:ApiTest.APITest@ed9d034]" name="beforeMethod" is-config="true" duration-ms="0" started-at="2019-08-01T09:27:15Z" finished-at="2019-08-01T09:27:15Z">
          <params>
            <param index="0">
              <value>
                <![CDATA[public void ApiTest.APITest.registerUser(java.util.Map) throws java.io.IOException]]>
              </value>
            </param>
          </params>
          <reporter-output>
          </reporter-output>
        </test-method> <!-- beforeMethod -->
        <test-method status="FAIL" signature="registerUser(java.util.Map)[pri:1, instance:ApiTest.APITest@ed9d034]" name="registerUser" duration-ms="812" started-at="2019-08-01T09:27:15Z" data-provider="RegisterData" finished-at="2019-08-01T09:27:16Z">
          <params>
            <param index="0">
              <value>
                <![CDATA[{firstName=Yangjee, lastName=Rai, password=12345678a, TestCaseName=Using already registered email, email=yangjee@yopmail.com}]]>
              </value>
            </param>
          </params>
          <exception class="java.lang.AssertionError">
            <message>
              <![CDATA[1 expectation failed.
Expected status code <200> but was <302>.
]]>
            </message>
            <full-stacktrace>
              <![CDATA[java.lang.AssertionError: 1 expectation failed.
Expected status code <200> but was <302>.

at sun.reflect.NativeConstructorAccessorImpl.newInstance0(Native Method)
at sun.reflect.NativeConstructorAccessorImpl.newInstance(Unknown Source)
at sun.reflect.DelegatingConstructorAccessorImpl.newInstance(Unknown Source)
at java.lang.reflect.Constructor.newInstance(Unknown Source)
at org.codehaus.groovy.reflection.CachedConstructor.invoke(CachedConstructor.java:80)
at org.codehaus.groovy.reflection.CachedConstructor.doConstructorInvoke(CachedConstructor.java:74)
at org.codehaus.groovy.runtime.callsite.ConstructorSite$ConstructorSiteNoUnwrap.callConstructor(ConstructorSite.java:84)
at org.codehaus.groovy.runtime.callsite.AbstractCallSite.callConstructor(AbstractCallSite.java:249)
at io.restassured.internal.ResponseSpecificationImpl$HamcrestAssertionClosure.validate(ResponseSpecificationImpl.groovy:492)
at io.restassured.internal.ResponseSpecificationImpl$HamcrestAssertionClosure$validate$1.call(Unknown Source)
at io.restassured.internal.ResponseSpecificationImpl.validateResponseIfRequired(ResponseSpecificationImpl.groovy:655)
at sun.reflect.NativeMethodAccessorImpl.invoke0(Native Method)
at sun.reflect.NativeMethodAccessorImpl.invoke(Unknown Source)
at sun.reflect.DelegatingMethodAccessorImpl.invoke(Unknown Source)
at java.lang.reflect.Method.invoke(Unknown Source)
at org.codehaus.groovy.runtime.callsite.PlainObjectMetaMethodSite.doInvoke(PlainObjectMetaMethodSite.java:43)
at org.codehaus.groovy.runtime.callsite.PogoMetaMethodSite$PogoCachedMethodSiteNoUnwrapNoCoerce.invoke(PogoMetaMethodSite.java:190)
at org.codehaus.groovy.runtime.callsite.PogoMetaMethodSite.callCurrent(PogoMetaMethodSite.java:58)
at org.codehaus.groovy.runtime.callsite.AbstractCallSite.callCurrent(AbstractCallSite.java:168)
at io.restassured.internal.ResponseSpecificationImpl.statusCode(ResponseSpecificationImpl.groovy:125)
at io.restassured.specification.ResponseSpecification$statusCode$0.callCurrent(Unknown Source)
at io.restassured.internal.ResponseSpecificationImpl.statusCode(ResponseSpecificationImpl.groovy:133)
at io.restassured.internal.ValidatableResponseOptionsImpl.statusCode(ValidatableResponseOptionsImpl.java:89)
at io.restassured.internal.ValidatableResponseImpl.super$2$statusCode(ValidatableResponseImpl.groovy)
at sun.reflect.NativeMethodAccessorImpl.invoke0(Native Method)
at sun.reflect.NativeMethodAccessorImpl.invoke(Unknown Source)
at sun.reflect.DelegatingMethodAccessorImpl.invoke(Unknown Source)
at java.lang.reflect.Method.invoke(Unknown Source)
at org.codehaus.groovy.reflection.CachedMethod.invoke(CachedMethod.java:101)
at groovy.lang.MetaMethod.doMethodInvoke(MetaMethod.java:323)
at groovy.lang.MetaClassImpl.invokeMethod(MetaClassImpl.java:1217)
at org.codehaus.groovy.runtime.ScriptBytecodeAdapter.invokeMethodOnSuperN(ScriptBytecodeAdapter.java:144)
at io.restassured.internal.ValidatableResponseImpl.statusCode(ValidatableResponseImpl.groovy:142)
at io.restassured.internal.ValidatableResponseImpl.statusCode(ValidatableResponseImpl.groovy)
at ApiTest.APITest.registerUser(APITest.java:105)
at sun.reflect.NativeMethodAccessorImpl.invoke0(Native Method)
at sun.reflect.NativeMethodAccessorImpl.invoke(Unknown Source)
at sun.reflect.DelegatingMethodAccessorImpl.invoke(Unknown Source)
at java.lang.reflect.Method.invoke(Unknown Source)
at org.testng.internal.MethodInvocationHelper.invokeMethod(MethodInvocationHelper.java:124)
at org.testng.internal.Invoker.invokeMethod(Invoker.java:583)
at org.testng.internal.Invoker.invokeTestMethod(Invoker.java:719)
at org.testng.internal.Invoker.invokeTestMethods(Invoker.java:989)
at org.testng.internal.TestMethodWorker.invokeTestMethods(TestMethodWorker.java:125)
at org.testng.internal.TestMethodWorker.run(TestMethodWorker.java:109)
at org.testng.TestRunner.privateRun(TestRunner.java:648)
at org.testng.TestRunner.run(TestRunner.java:505)
at org.testng.SuiteRunner.runTest(SuiteRunner.java:455)
at org.testng.SuiteRunner.runSequentially(SuiteRunner.java:450)
at org.testng.SuiteRunner.privateRun(SuiteRunner.java:415)
at org.testng.SuiteRunner.run(SuiteRunner.java:364)
at org.testng.SuiteRunnerWorker.runSuite(SuiteRunnerWorker.java:52)
at org.testng.SuiteRunnerWorker.run(SuiteRunnerWorker.java:84)
at org.testng.TestNG.runSuitesSequentially(TestNG.java:1208)
at org.testng.TestNG.runSuitesLocally(TestNG.java:1137)
at org.testng.TestNG.runSuites(TestNG.java:1049)
at org.testng.TestNG.run(TestNG.java:1017)
at org.testng.remote.AbstractRemoteTestNG.run(AbstractRemoteTestNG.java:114)
at org.testng.remote.RemoteTestNG.initAndRun(RemoteTestNG.java:251)
at org.testng.remote.RemoteTestNG.main(RemoteTestNG.java:77)
]]>
            </full-stacktrace>
          </exception> <!-- java.lang.AssertionError -->
          <reporter-output>
          </reporter-output>
        </test-method> <!-- registerUser -->
        <test-method status="PASS" signature="afterMethod(org.testng.ITestResult)[pri:0, instance:ApiTest.APITest@ed9d034]" name="afterMethod" is-config="true" duration-ms="79" started-at="2019-08-01T09:27:16Z" finished-at="2019-08-01T09:27:16Z">
          <params>
            <param index="0">
              <value>
                <![CDATA[[TestResult name=registerUser status=FAILURE method=APITest.registerUser(java.util.Map)[pri:1, instance:ApiTest.APITest@ed9d034] output={null}]]]>
              </value>
            </param>
          </params>
          <reporter-output>
          </reporter-output>
[...]
se,"_id":"5d42a2f3de9dd0129e05df52","localId":"78127867-D2DA-4BFC-90B6-06BDDE5F9F3C","lastUpdatedAt":1564647996,"user":{"lastName":"Rai","middleName":"Shrestha","phoneNumber":"9843719653","mobileNumber":"9843719653","birthDate":"1989-12-29T00:00:00.000Z","pinNumber":null,"currentAddress":"Thaiba,Godawari","email":"yangjee5@getnada.com","emailVerifyToken":"62065690-b41b-11e9-b76b-d1da4d13123f","emailVerifyCode":"i5sOJm","isEmailVerified":true,"emailVerifiedAt":1564636550872,"isFirstLogin":false,"isPurchased":false,"passwordToken":null,"passwordTokenExpiry":null,"emailVerifyCodeExpiry":"1564738061","status":1,"deviceType":null,"deviceId":null,"deviceToken":null,"_id":"5d4274e437093203bdad4815","firstName":"Yangjee","password":"$2a$10$dS8sluMSxYkVegpRXevSDubR/q51/.xgP/Y1z/RXOD1XT0OeQzYme","createdAt":"2019-08-01T05:13:08.083Z","updatedAt":"2019-08-01T09:27:41.064Z","__v":0,"fullName":"Yangjee Rai","id":"5d4274e437093203bdad4815"},"__v":0,"createdAt":"2019-08-01T08:29:39.025Z","updatedAt":"2019-08-01T08:29:39.025Z"},{"families":null,"isSynced":true,"guardianOf":"children","isDeleted":false,"_id":"5d42a2f3de9dd0129e05df53","lastUpdatedAt":1564647996,"localId":"397D7338-EC3F-45AE-910D-35464AF7168C","user":{"lastName":"Rai","middleName":"Shrestha","phoneNumber":"9843719653","mobileNumber":"9843719653","birthDate":"1989-12-29T00:00:00.000Z","pinNumber":null,"currentAddress":"Thaiba,Godawari","email":"yangjee5@getnada.com","emailVerifyToken":"62065690-b41b-11e9-b76b-d1da4d13123f","emailVerifyCode":"i5sOJm","isEmailVerified":true,"emailVerifiedAt":1564636550872,"isFirstLogin":false,"isPurchased":false,"passwordToken":null,"passwordTokenExpiry":null,"emailVerifyCodeExpiry":"1564738061","status":1,"deviceType":null,"deviceId":null,"deviceToken":null,"_id":"5d4274e437093203bdad4815","firstName":"Yangjee","password":"$2a$10$dS8sluMSxYkVegpRXevSDubR/q51/.xgP/Y1z/RXOD1XT0OeQzYme","createdAt":"2019-08-01T05:13:08.083Z","updatedAt":"2019-08-01T09:27:41.064Z","__v":0,"fullName":"Yangjee Rai","id":"5d4274e437093203bdad4815"},"__v":0,"createdAt":"2019-08-01T08:29:39.026Z","updatedAt":"2019-08-01T08:29:39.026Z"},{"families":{"localId":"BF3A9A92-C858-4337-9411-4E7ADE37D9CC","email":null,"lastName":"Rai","middleName":"","nickName":"","address":"Narayanthan","dob":"2019-08-01T00:00:00.000Z","contactNumber":"9843719653","lastUpdatedAt":1564636988,"isSynced":true,"status":true,"isDeleted":false,"_id":"5d42773d37093203bdad4820","user":"5d4274e437093203bdad4815","relation":"Father","firstName":"Bakhat","createdAt":"2019-08-01T05:23:09.178Z","updatedAt":"2019-08-01T05:23:09.178Z","__v":0},"isSynced":true,"guardianOf":"children","isDeleted":false,"_id":"5d42a824de9dd0129e05df64","localId":"123","lastUpdatedAt":1223456789,"user":{"lastName":"Rai","middleName":"Shrestha","phoneNumber":"9843719653","mobileNumber":"9843719653","birthDate":"1989-12-29T00:00:00.000Z","pinNumber":null,"currentAddress":"Thaiba,Godawari","email":"yangjee5@getnada.com","emailVerifyToken":"62065690-b41b-11e9-b76b-d1da4d13123f","emailVerifyCode":"i5sOJm","isEmailVerified":true,"emailVerifiedAt":1564636550872,"isFirstLogin":false,"isPurchased":false,"passwordToken":null,"passwordTokenExpiry":null,"emailVerifyCodeExpiry":"1564738061","status":1,"deviceType":null,"deviceId":null,"deviceToken":null,"_id":"5d4274e437093203bdad4815","firstName":"Yangjee","password":"$2a$10$dS8sluMSxYkVegpRXevSDubR/q51/.xgP/Y1z/RXOD1XT0OeQzYme","createdAt":"2019-08-01T05:13:08.083Z","updatedAt":"2019-08-01T09:27:41.064Z","__v":0,"fullName":"Yangjee Rai","id":"5d4274e437093203bdad4815"},"__v":0,"createdAt":"2019-08-01T08:51:48.599Z","updatedAt":"2019-08-01T08:51:48.599Z"}]}]]>
            </line>
            <line>
              <![CDATA[Response is: {"message":"success","data":[{"socialMediaControl":false,"socialMediaControlFamily":null,"organDonation":true,"organDonationDetail":"Qqqq","donateBlood":true,"donateBloodDetail":"Reer","funeralDirection":"Cremate","funeralDirectionDetail":"Make it white and pink","isSynced":true,"isDeleted":false,"_id":"5d427a3d37093203bdad4834","localId":"1234","lastUpdatedAt":12345555,"user":{"lastName":"Rai","middleName":"Shrestha","phoneNumber":"9843719653","mobileNumber":"9843719653","birthDate":"1989-12-29T00:00:00.000Z","pinNumber":null,"currentAddress":"Thaiba,Godawari","email":"yangjee5@getnada.com","emailVerifyToken":"62065690-b41b-11e9-b76b-d1da4d13123f","emailVerifyCode":"i5sOJm","isEmailVerified":true,"emailVerifiedAt":1564636550872,"isFirstLogin":false,"isPurchased":false,"passwordToken":null,"passwordTokenExpiry":null,"emailVerifyCodeExpiry":"1564738061","status":1,"deviceType":null,"deviceId":null,"deviceToken":null,"_id":"5d4274e437093203bdad4815","firstName":"Yangjee","password":"$2a$10$dS8sluMSxYkVegpRXevSDubR/q51/.xgP/Y1z/RXOD1XT0OeQzYme","createdAt":"2019-08-01T05:13:08.083Z","updatedAt":"2019-08-01T09:27:41.064Z","__v":0,"fullName":"Yangjee Rai","id":"5d4274e437093203bdad4815"},"__v":0,"createdAt":"2019-08-01T05:35:57.517Z","updatedAt":"2019-08-01T05:35:57.517Z"},{"socialMediaControl":false,"socialMediaControlFamily":null,"organDonation":true,"organDonationDetail":"HI all","donateBlood":true,"donateBloodDetail":"blood detail","funeralDirection":"Burial","funeralDirectionDetail":"Make it white and pink","isSynced":true,"isDeleted":false,"_id":"5d42a545de9dd0129e05df5c","localId":"1234","lastUpdatedAt":1223456789,"user":{"lastName":"Rai","middleName":"Shrestha","phoneNumber":"9843719653","mobileNumber":"9843719653","birthDate":"1989-12-29T00:00:00.000Z","pinNumber":null,"currentAddress":"Thaiba,Godawari","email":"yangjee5@getnada.com","emailVerifyToken":"62065690-b41b-11e9-b76b-d1da4d13123f","emailVerifyCode":"i5sOJm","isEmailVerified":true,"emailVerifiedAt":1564636550872,"isFirstLogin":false,"isPurchased":false,"passwordToken":null,"passwordTokenExpiry":null,"emailVerifyCodeExpiry":"1564738061","status":1,"deviceType":null,"deviceId":null,"deviceToken":null,"_id":"5d4274e437093203bdad4815","firstName":"Yangjee","password":"$2a$10$dS8sluMSxYkVegpRXevSDubR/q51/.xgP/Y1z/RXOD1XT0OeQzYme","createdAt":"2019-08-01T05:13:08.083Z","updatedAt":"2019-08-01T09:27:41.064Z","__v":0,"fullName":"Yangjee Rai","id":"5d4274e437093203bdad4815"},"__v":0,"createdAt":"2019-08-01T08:39:33.432Z","updatedAt":"2019-08-01T08:39:33.432Z"}]}]]>
            </line>
            <line>
              <![CDATA[Response is: {"message":"success","data":[{"localId":"123","name":"Blue cross","abn":"Hospital","address":"Tripureshwor","lastUpdatedAt":1223456789,"isSynced":true,"isDeleted":false,"_id":"5d42af09de9dd0129e05dfce","user":{"lastName":"Rai","middleName":"Shrestha","phoneNumber":"9843719653","mobileNumber":"9843719653","birthDate":"1989-12-29T00:00:00.000Z","pinNumber":null,"currentAddress":"Thaiba,Godawari","email":"yangjee5@getnada.com","emailVerifyToken":"62065690-b41b-11e9-b76b-d1da4d13123f","emailVerifyCode":"i5sOJm","isEmailVerified":true,"emailVerifiedAt":1564636550872,"isFirstLogin":false,"isPurchased":false,"passwordToken":null,"passwordTokenExpiry":null,"emailVerifyCodeExpiry":"1564738061","status":1,"deviceType":null,"deviceId":null,"deviceToken":null,"_id":"5d4274e437093203bdad4815","firstName":"Yangjee","password":"$2a$10$dS8sluMSxYkVegpRXevSDubR/q51/.xgP/Y1z/RXOD1XT0OeQzYme","createdAt":"2019-08-01T05:13:08.083Z","updatedAt":"2019-08-01T09:27:41.064Z","__v":0,"fullName":"Yangjee Rai","id":"5d4274e437093203bdad4815"},"__v":0,"createdAt":"2019-08-01T09:21:13.135Z","updatedAt":"2019-08-01T09:21:13.135Z"}]}]]>
            </line>
            <line>
              <![CDATA[Response is: {"message":"success","data":[{"_id":"5d42af09de9dd0129e05dfcf","localId":"123","createdAt":"2019-08-01T09:21:13.737Z","lastUpdatedAt":1564651423,"beneficiaryType":"percentage","selectedBeneficiaryType":"family","charity":null,"family":{"_id":"5d41269f9bdfe675adce9777","localId":"8F4786C4-70E6-4522-8D5B-9E65F5D53596","email":null,"lastName":"Rai","middleName":"","nickName":"","address":"Narayanthan","dob":"2019-07-29T00:00:00.000Z","contactNumber":"9802583588","lastUpdatedAt":1564550814,"isSynced":true,"status":true,"isDeleted":false,"user":"5d3fb9fbe497235031f411c7","relation":"Sister","firstName":"Himsikha","createdAt":"2019-07-31T05:26:55.293Z","updatedAt":"2019-07-31T05:26:55.293Z","__v":0},"age":8,"assetType":"","givenTo":"children","asset":{"joinOwnerShipDetails":[],"superNominationDetails":[]},"percentage":10,"isDeleted":true,"isSynced":true,"givenDetail":[{"percentage":56,"_id":"5d42af09de9dd0129e05dfd0","family":{"_id":"5d3fcedde497235031f411f5","localId":"123","email":"oqpratik@gmail.com","lastName":"Shrestha","middleName":"","nickName":"Pratik","address":"Thaiba","dob":"2019-01-24T00:00:00.000Z","contactNumber":"9841151757","lastUpdatedAt":1223456789,"isSynced":true,"status":true,"isDeleted":false,"user":"5d3fb9fbe497235031f411c7","relation":"Spouse","firstName":"Pratik","createdAt":"2019-07-30T05:00:13.769Z","updatedAt":"2019-07-30T05:00:13.769Z","__v":0},"localId":"1235"}]},{"_id":"5d42af9ade9dd0129e05dfd1","localId":"E5EA878E-0175-4BF1-A404-67328123F722","createdAt":"2019-08-01T09:23:38.616Z","lastUpdatedAt":1564651418,"beneficiaryType":"percentage","selectedBeneficiaryType":"family","charity":null,"family":{"_id":"5d41269f9bdfe675adce9777","localId":"8F4786C4-70E6-4522-8D5B-9E65F5D53596","email":null,"lastName":"Rai","middleName":"","nickName":"","address":"Narayanthan","dob":"2019-07-29T00:00:00.000Z","contactNumber":"9802583588","lastUpdatedAt":1564550814,"isSynced":true,"status":true,"isDeleted":false,"user":"5d3fb9fbe497235031f411c7","relation":"Sister","firstName":"Himsikha","createdAt":"2019-07-31T05:26:55.293Z","updatedAt":"2019-07-31T05:26:55.293Z","__v":0},"age":18,"assetType":"","givenTo":"children","asset":{"joinOwnerShipDetails":[],"superNominationDetails":[]},"percentage":32,"isDeleted":false,"isSynced":true,"givenDetail":[]},{"_id":"5d42afbfde9dd0129e05dfd2","localId":"0FA3F43D-90E6-4BA3-90DC-A39E46F7A344","createdAt":"2019-08-01T09:24:15.586Z","lastUpdatedAt":1564651455,"beneficiaryType":"percentage","selectedBeneficiaryType":"charity","charity":{"_id":"5d42af09de9dd0129e05dfce","localId":"123","name":"Blue cross","abn":"Hospital","address":"Tripureshwor","lastUpdatedAt":1223456789,"isSynced":true,"isDeleted":false,"user":"5d4274e437093203bdad4815","__v":0,"createdAt":"2019-08-01T09:21:13.135Z","updatedAt":"2019-08-01T09:21:13.135Z"},"family":null,"age":0,"assetType":"","givenTo":"","asset":{"joinOwnerShipDetails":[],"superNominationDetails":[]},"percentage":48,"isDeleted":false,"isSynced":true,"givenDetail":[]}]}]]>
            </line>
            <line>
              <![CDATA[Response is: {"message":"success","data":{}}]]>
            </line>
            <line>
              <![CDATA[Response is: {"message":"success","data":[]}]]>
            </line>
          </reporter-output>
        </test-method> <!-- GetSyncData -->
        <test-method status="PASS" signature="afterMethod(org.testng.ITestResult)[pri:0, instance:ApiTest.APITest@ed9d034]" name="afterMethod" is-config="true" duration-ms="72" started-at="2019-08-01T09:28:01Z" finished-at="2019-08-01T09:28:01Z">
          <params>
            <param index="0">
              <value>
                <![CDATA[[TestResult name=GetSyncData status=SUCCESS method=APITest.GetSyncData()[pri:19, instance:ApiTest.APITest@ed9d034] output=Response is: {"message":"success","data":[{"localId":"BF3A9A92-C858-4337-9411-4E7ADE37D9CC","email":null,"lastName":"Rai","middleName":"","nickName":"","address":"Narayanthan","dob":"2019-08-01T00:00:00.000Z","contactNumber":"9843719653","lastUpdatedAt":1564636988,"isSynced":true,"status":true,"isDeleted":false,"_id":"5d42773d37093203bdad4820","user":{"lastName":"Rai","middleName":"Shrestha","phoneNumber":"9843719653","mobileNumber":"9843719653","birthDate":"1989-12-29T00:00:00.000Z","pinNumber":null,"currentAddress":"Thaiba,Godawari","email":"yangjee5@getnada.com","emailVerifyToken":"62065690-b41b-11e9-b76b-d1da4d13123f","emailVerifyCode":"i5sOJm","isEmailVerified":true,"emailVerifiedAt":1564636550872,"isFirstLogin":false,"isPurchased":false,"passwordToken":null,"passwordTokenExpiry":null,"emailVerifyCodeExpiry":"1564738061","status":1,"deviceType":null,"deviceId":null,"deviceToken":null,"_id":"5d4274e437093203bdad4815","firstName":"Yangjee","password":"$2a$10$dS8sluMSxYkVegpRXevSDubR/q51/.xgP/Y1z/RXOD1XT0OeQzYme","createdAt":"2019-08-01T05:13:08.083Z","updatedAt":"2019-08-01T09:27:41.064Z","__v":0,"fullName":"Yangjee Rai","id":"5d4274e437093203bdad4815"},"relation":"Father","firstName":"Bakhat","createdAt":"2019-08-01T05:23:09.178Z","updatedAt":"2019-08-01T05:23:09.178Z","__v":0}]}]]]>
              </value>
            </param>
          </params>
          <reporter-output>
          </reporter-output>
        </test-method> <!-- afterMethod -->
        <test-method status="PASS" signature="beforeMethod(java.lang.reflect.Method)[pri:0, instance:ApiTest.APITest@ed9d034]" name="beforeMethod" is-config="true" duration-ms="0" started-at="2019-08-01T09:28:01Z" finished-at="2019-08-01T09:28:01Z">
          <params>
            <param index="0">
              <value>
                <![CDATA[public void ApiTest.APITest.SyncAddUpdateAssets() throws java.io.IOException]]>
              </value>
            </param>
          </params>
          <reporter-output>
          </reporter-output>
        </test-method> <!-- beforeMethod -->
        <test-method status="PASS" signature="SyncAddUpdateAssets()[pri:21, instance:ApiTest.APITest@ed9d034]" name="SyncAddUpdateAssets" duration-ms="781" started-at="2019-08-01T09:28:01Z" finished-at="2019-08-01T09:28:02Z">
          <reporter-output>
            <line>
              <![CDATA[Response is: {"message":"Assets updated successfully","data":{}}]]>
            </line>
          </reporter-output>
        </test-method> <!-- SyncAddUpdateAssets -->
        <test-method status="PASS" signature="afterMethod(org.testng.ITestResult)[pri:0, instance:ApiTest.APITest@ed9d034]" name="afterMethod" is-config="true" duration-ms="76" started-at="2019-08-01T09:28:02Z" finished-at="2019-08-01T09:28:02Z">
          <params>
            <param index="0">
              <value>
                <![CDATA[[TestResult name=SyncAddUpdateAssets status=SUCCESS method=APITest.SyncAddUpdateAssets()[pri:21, instance:ApiTest.APITest@ed9d034] output=Response is: {"message":"Assets updated successfully","data":{}}]]]>
              </value>
            </param>
          </params>
          <reporter-output>
          </reporter-output>
        </test-method> <!-- afterMethod -->
        <test-method status="PASS" signature="beforeMethod(java.lang.reflect.Method)[pri:0, instance:ApiTest.APITest@ed9d034]" name="beforeMethod" is-config="true" duration-ms="1" started-at="2019-08-01T09:28:02Z" finished-at="2019-08-01T09:28:02Z">
          <params>
            <param index="0">
              <value>
                <![CDATA[public void ApiTest.APITest.SyncAddUpdateWitnesses() throws java.io.IOException]]>
              </value>
            </param>
          </params>
          <reporter-output>
          </reporter-output>
        </test-method> <!-- beforeMethod -->
        <test-method status="PASS" signature="SyncAddUpdateWitnesses()[pri:28, instance:ApiTest.APITest@ed9d034]" name="SyncAddUpdateWitnesses" duration-ms="519" started-at="2019-08-01T09:28:02Z" finished-at="2019-08-01T09:28:02Z">
          <reporter-output>
            <line>
              <![CDATA[Response is: {"message":"Witness updated successfully","data":null}]]>
            </line>
          </reporter-output>
        </test-method> <!-- SyncAddUpdateWitnesses -->
        <test-method status="PASS" signature="afterMethod(org.testng.ITestResult)[pri:0, instance:ApiTest.APITest@ed9d034]" name="afterMethod" is-config="true" duration-ms="88" started-at="2019-08-01T09:28:02Z" finished-at="2019-08-01T09:28:02Z">
          <params>
            <param index="0">
              <value>
                <![CDATA[[TestResult name=SyncAddUpdateWitnesses status=SUCCESS method=APITest.SyncAddUpdateWitnesses()[pri:28, instance:ApiTest.APITest@ed9d034] output=Response is: {"message":"Witness updated successfully","data":null}]]]>
              </value>
            </param>
          </params>
          <reporter-output>
          </reporter-output>
        </test-method> <!-- afterMethod -->
        <test-method status="PASS" signature="UploadWillFile()[pri:29, instance:ApiTest.APITest@ed9d034]" name="UploadWillFile" duration-ms="1198" started-at="2019-08-01T09:28:02Z" finished-at="2019-08-01T09:28:04Z">
          <reporter-output>
            <line>
              <![CDATA[Response is: {"message":"Witness updated successfully","data":null}]]>
            </line>
          </reporter-output>
        </test-method> <!-- UploadWillFile -->
        <test-method status="PASS" signature="beforeMethod(java.lang.reflect.Method)[pri:0, instance:ApiTest.APITest@ed9d034]" name="beforeMethod" is-config="true" duration-ms="0" started-at="2019-08-01T09:28:02Z" finished-at="2019-08-01T09:28:02Z">
          <params>
            <param index="0">
              <value>
                <![CDATA[public void ApiTest.APITest.UploadWillFile() throws java.io.IOException]]>
              </value>
            </param>
          </params>
          <reporter-output>
          </reporter-output>
        </test-method> <!-- beforeMethod -->
        <test-method status="PASS" signature="afterMethod(org.testng.ITestResult)[pri:0, instance:ApiTest.APITest@ed9d034]" name="afterMethod" is-config="true" duration-ms="93" started-at="2019-08-01T09:28:04Z" finished-at="2019-08-01T09:28:04Z">
          <params>
            <param index="0">
              <value>
                <![CDATA[[TestResult name=UploadWillFile status=SUCCESS method=APITest.UploadWillFile()[pri:29, instance:ApiTest.APITest@ed9d034] output=Response is: {"message":"Witness updated successfully","data":null}]]]>
              </value>
            </param>
          </params>
          <reporter-output>
          </reporter-output>
        </test-method> <!-- afterMethod -->
        <test-method status="PASS" signature="beforeMethod(java.lang.reflect.Method)[pri:0, instance:ApiTest.APITest@ed9d034]" name="beforeMethod" is-config="true" duration-ms="1" started-at="2019-08-01T09:28:04Z" finished-at="2019-08-01T09:28:04Z">
          <params>
            <param index="0">
              <value>
                <![CDATA[public void ApiTest.APITest.GenerateWill() throws java.io.IOException]]>
              </value>
            </param>
          </params>
          <reporter-output>
          </reporter-output>
        </test-method> <!-- beforeMethod -->
        <test-method status="PASS" signature="GenerateWill()[pri:30, instance:ApiTest.APITest@ed9d034]" name="GenerateWill" duration-ms="1277" started-at="2019-08-01T09:28:04Z" finished-at="2019-08-01T09:28:05Z">
          <reporter-output>
            <line>
              <![CDATA[Response is: {"message":"Will Generated Successfully","data":{}}]]>
            </line>
          </reporter-output>
        </test-method> <!-- GenerateWill -->
        <test-method status="PASS" signature="afterMethod(org.testng.ITestResult)[pri:0, instance:ApiTest.APITest@ed9d034]" name="afterMethod" is-config="true" duration-ms="75" started-at="2019-08-01T09:28:05Z" finished-at="2019-08-01T09:28:05Z">
          <params>
            <param index="0">
              <value>
                <![CDATA[[TestResult name=GenerateWill status=SUCCESS method=APITest.GenerateWill()[pri:30, instance:ApiTest.APITest@ed9d034] output=Response is: {"message":"Will Generated Successfully","data":{}}]]]>
              </value>
            </param>
          </params>
          <reporter-output>
          </reporter-output>
        </test-method> <!-- afterMethod -->
      </class> <!-- ApiTest.APITest -->
    </test> <!-- Default test -->
  </suite> <!-- Default suite -->
</testng-results>
