<?xml version="1.0" encoding="UTF-8"?>
<!-- Generated by org.testng.reporters.JUnitXMLReporter -->
<testsuite hostname="EBP065" ignored="1" name="Default test" tests="1" failures="0" timestamp="02 Aug 2019 11:48:27 GMT" time="0.12" errors="0">
  <testcase name="@BeforeTest setUp" time="0.084" classname="Listeners.BaseClass">
    <failure type="java.lang.NoSuchMethodError" message="org.openqa.selenium.remote.http.HttpClient$Factory.createDefault()Lorg/openqa/selenium/remote/http/HttpClient$Factory;">
      <![CDATA[java.lang.NoSuchMethodError: org.openqa.selenium.remote.http.HttpClient$Factory.createDefault()Lorg/openqa/selenium/remote/http/HttpClient$Factory;
at io.appium.java_client.remote.AppiumCommandExecutor.<init>(AppiumCommandExecutor.java:93)
at io.appium.java_client.AppiumDriver.<init>(AppiumDriver.java:93)
at io.appium.java_client.android.AndroidDriver.<init>(AndroidDriver.java:95)
at Listeners.BaseClass.setUp(BaseClass.java:45)
at sun.reflect.NativeMethodAccessorImpl.invoke0(Native Method)
at sun.reflect.NativeMethodAccessorImpl.invoke(Unknown Source)
at sun.reflect.DelegatingMethodAccessorImpl.invoke(Unknown Source)
at java.lang.reflect.Method.invoke(Unknown Source)
at org.testng.internal.MethodInvocationHelper.invokeMethod(MethodInvocationHelper.java:124)
at org.testng.internal.MethodInvocationHelper.invokeMethodConsideringTimeout(MethodInvocationHelper.java:59)
at org.testng.internal.Invoker.invokeConfigurationMethod(Invoker.java:458)
at org.testng.internal.Invoker.invokeConfigurations(Invoker.java:222)
at org.testng.internal.Invoker.invokeConfigurations(Invoker.java:142)
at org.testng.TestRunner.beforeRun(TestRunner.java:529)
at org.testng.TestRunner.run(TestRunner.java:497)
at org.testng.SuiteRunner.runTest(SuiteRunner.java:455)
at org.testng.SuiteRunner.runSequentially(SuiteRunner.java:450)
at org.testng.SuiteRunner.privateRun(SuiteRunner.java:415)
at org.testng.SuiteRunner.run(SuiteRunner.java:364)
at org.testng.SuiteRunnerWorker.runSuite(SuiteRunnerWorker.java:52)
at org.testng.SuiteRunnerWorker.run(SuiteRunnerWorker.java:84)
at org.testng.TestNG.runSuitesSequentially(TestNG.java:1208)
at org.testng.TestNG.runSuitesLocally(TestNG.java:1137)
at org.testng.TestNG.runSuites(TestNG.java:1049)
at org.testng.TestNG.run(TestNG.java:1017)
at org.testng.remote.AbstractRemoteTestNG.run(AbstractRemoteTestNG.java:114)
at org.testng.remote.RemoteTestNG.initAndRun(RemoteTestNG.java:251)
at org.testng.remote.RemoteTestNG.main(RemoteTestNG.java:77)
]]>
    </failure>
  </testcase> <!-- @BeforeTest setUp -->
  <testcase name="Signup" time="0.0" classname="Modules.SignUp">
    <skipped/>
  </testcase> <!-- Signup -->
  <testcase name="@BeforeTest setUp" time="0.0" classname="Listeners.BaseClass">
    <ignored/>
  </testcase> <!-- @BeforeTest setUp -->
</testsuite> <!-- Default test -->
