<?xml version="1.0" encoding="UTF-8"?>
<!-- Generated by org.testng.reporters.JUnitXMLReporter -->
<testsuite hostname="EBP065" ignored="1" name="Default test" tests="2" failures="0" timestamp="05 Aug 2019 10:41:26 GMT" time="30.078" errors="0">
  <testcase name="Signup" time="25.014" classname="Modules.SignUp"/>
  <testcase name="LoginTest" time="5.004" classname="Modules.Login"/>
  <testcase name="@BeforeTest setUp" time="0.0" classname="Listeners.BaseClass">
    <ignored/>
  </testcase> <!-- @BeforeTest setUp -->
</testsuite> <!-- Default test -->
