<?xml version="1.0" encoding="UTF-8"?>
<!-- Generated by org.testng.reporters.JUnitXMLReporter -->
<testsuite hostname="EBP065" ignored="3" name="Emulator 2" tests="2" failures="0" timestamp="05 Aug 2019 11:20:30 GMT" time="82.475" errors="0">
  <testcase name="Signup" time="50.071" classname="Modules.SignUp"/>
  <testcase name="LoginTest" time="6.136" classname="Modules.Login"/>
  <testcase name="@AfterTest stopAppiumServer" time="0.0" classname="Listeners.BaseClass">
    <ignored/>
  </testcase> <!-- @AfterTest stopAppiumServer -->
  <testcase name="@BeforeTest setUp" time="0.0" classname="Listeners.BaseClass">
    <ignored/>
  </testcase> <!-- @BeforeTest setUp -->
  <testcase name="@BeforeTest startAppoumserver" time="0.0" classname="Listeners.BaseClass">
    <ignored/>
  </testcase> <!-- @BeforeTest startAppoumserver -->
</testsuite> <!-- Emulator 2 -->
