<?xml version="1.0" encoding="UTF-8"?>
<!-- Generated by org.testng.reporters.JUnitXMLReporter -->
<testsuite hostname="EBP065" ignored="3" name="Emulator 1" tests="2" failures="0" timestamp="05 Aug 2019 11:26:20 GMT" time="46.782" errors="0">
  <testcase name="Signup" time="17.75" classname="Modules.SignUp"/>
  <testcase name="LoginTest" time="5.003" classname="Modules.Login"/>
  <testcase name="@AfterTest stopAppiumServer" time="0.0" classname="Listeners.BaseClassParallel">
    <ignored/>
  </testcase> <!-- @AfterTest stopAppiumServer -->
  <testcase name="@BeforeTest startAppoumserver" time="0.0" classname="Listeners.BaseClassParallel">
    <ignored/>
  </testcase> <!-- @BeforeTest startAppoumserver -->
  <testcase name="@BeforeTest setUp" time="0.0" classname="Listeners.BaseClassParallel">
    <ignored/>
  </testcase> <!-- @BeforeTest setUp -->
</testsuite> <!-- Emulator 1 -->
