<html>
<head>
<title>TestNG:  Default test</title>
<link href="../testng.css" rel="stylesheet" type="text/css" />
<link href="../my-testng.css" rel="stylesheet" type="text/css" />

<style type="text/css">
.log { display: none;} 
.stack-trace { display: none;} 
</style>
<script type="text/javascript">
<!--
function flip(e) {
  current = e.style.display;
  if (current == 'block') {
    e.style.display = 'none';
    return 0;
  }
  else {
    e.style.display = 'block';
    return 1;
  }
}

function toggleBox(szDivId, elem, msg1, msg2)
{
  var res = -1;  if (document.getElementById) {
    res = flip(document.getElementById(szDivId));
  }
  else if (document.all) {
    // this is the way old msie versions work
    res = flip(document.all[szDivId]);
  }
  if(elem) {
    if(res == 0) elem.innerHTML = msg1; else elem.innerHTML = msg2;
  }

}

function toggleAllBoxes() {
  if (document.getElementsByTagName) {
    d = document.getElementsByTagName('div');
    for (i = 0; i < d.length; i++) {
      if (d[i].className == 'log') {
        flip(d[i]);
      }
    }
  }
}

// -->
</script>

</head>
<body>
<h2 align='center'>Default test</h2><table border='1' align="center">
<tr>
<td>Tests passed/Failed/Skipped:</td><td>16/12/0</td>
</tr><tr>
<td>Started on:</td><td>Thu Aug 01 15:12:06 NPT 2019</td>
</tr>
<tr><td>Total time:</td><td>58 seconds (58854 ms)</td>
</tr><tr>
<td>Included groups:</td><td></td>
</tr><tr>
<td>Excluded groups:</td><td></td>
</tr>
</table><p/>
<small><i>(Hover the method name to see the test class name)</i></small><p/>
<table width='100%' border='1' class='invocation-failed'>
<tr><td colspan='4' align='center'><b>FAILED TESTS</b></td></tr>
<tr><td><b>Test method</b></td>
<td width="30%"><b>Exception</b></td>
<td width="10%"><b>Time (seconds)</b></td>
<td><b>Instance</b></td>
</tr>
<tr>
<td title='ApiTest.APITest.ForgotPassword()'><b>ForgotPassword</b><br>Test class: ApiTest.APITest<br/>
<a href="#Output-1709043290" onClick='toggleBox("Output-1709043290", this, "Show output", "Hide output");'>Show output</a>

<a href="#Output-1709043290" onClick="toggleAllBoxes();">Show all outputs</a>
<div class='log' id="Output-1709043290">
Response is: {"message":"We are unable to find any account with this email.","data":{}}<br/>
</div>
</td>
<td><div><pre>java.lang.AssertionError: 1 expectation failed.
Expected status code &lt;200&gt; but was &lt;310&gt;.

	at sun.reflect.NativeConstructorAccessorImpl.newInstance0(Native Method)
	at sun.reflect.NativeConstructorAccessorImpl.newInstance(Unknown Source)
	at sun.reflect.DelegatingConstructorAccessorImpl.newInstance(Unknown Source)
	at java.lang.reflect.Constructor.newInstance(Unknown Source)
	at org.codehaus.groovy.reflection.CachedConstructor.invoke(CachedConstructor.java:80)
	at org.codehaus.groovy.reflection.CachedConstructor.doConstructorInvoke(CachedConstructor.java:74)
	at org.codehaus.groovy.runtime.callsite.ConstructorSite$ConstructorSiteNoUnwrap.callConstructor(ConstructorSite.java:84)
	at org.codehaus.groovy.runtime.callsite.AbstractCallSite.callConstructor(AbstractCallSite.java:249)
	at io.restassured.internal.ResponseSpecificationImpl$HamcrestAssertionClosure.validate(ResponseSpecificationImpl.groovy:492)
	at io.restassured.internal.ResponseSpecificationImpl$HamcrestAssertionClosure$validate$1.call(Unknown Source)
	at io.restassured.internal.ResponseSpecificationImpl.validateResponseIfRequired(ResponseSpecificationImpl.groovy:655)
	at sun.reflect.NativeMethodAccessorImpl.invoke0(Native Method)
	at sun.reflect.NativeMethodAccessorImpl.invoke(Unknown Source)
	at sun.reflect.DelegatingMethodAccessorImpl.invoke(Unknown Source)
	at java.lang.reflect.Method.invoke(Unknown Source)
	at org.codehaus.groovy.runtime.callsite.PlainObjectMetaMethodSite.doInvoke(PlainObjectMetaMethodSite.java:43)
	at org.codehaus.groovy.runtime.callsite.PogoMetaMethodSite$PogoCachedMethodSiteNoUnwrapNoCoerce.invoke(PogoMetaMethodSite.java:190)
	at org.codehaus.groovy.runtime.callsite.PogoMetaMethodSite.callCurrent(PogoMetaMethodSite.java:58)
	at org.codehaus.groovy.runtime.callsite.AbstractCallSite.callCurrent(AbstractCallSite.java:168)
	at io.restassured.internal.ResponseSpecificationImpl.statusCode(ResponseSpecificationImpl.groovy:125)
	at io.restassured.specification.ResponseSpecification$statusCode$0.callCurrent(Unknown Source)
	at io.restassured.internal.ResponseSpecificationImpl.statusCode(ResponseSpecificationImpl.groovy:133)
	at io.restassured.internal.ValidatableResponseOptionsImpl.statusCode(ValidatableResponseOptionsImpl.java:89)
	at io.restassured.internal.ValidatableResponseImpl.super$2$statusCode(ValidatableResponseImpl.groovy)
	at sun.reflect.NativeMethodAccessorImpl.invoke0(Native Method)
	at sun.reflect.NativeMethodAccessorImpl.invoke(Unknown Source)
	at sun.reflect.DelegatingMethodAccessorImpl.invoke(Unknown Source)
	at java.lang.reflect.Method.invoke(Unknown Source)
	at org.codehaus.groovy.reflection.CachedMethod.invoke(CachedMethod.java:101)
	at groovy.lang.MetaMethod.doMethodInvoke(MetaMethod.java:323)
	at groovy.lang.MetaClassImpl.invokeMethod(MetaClassImpl.java:1217)
	at org.codehaus.groovy.runtime.ScriptBytecodeAdapter.invokeMethodOnSuperN(ScriptBytecodeAdapter.java:144)
	at io.restassured.internal.ValidatableResponseImpl.statusCode(ValidatableResponseImpl.groovy:142)
	at io.restassured.internal.ValidatableResponseImpl.statusCode(ValidatableResponseImpl.groovy)
	at ApiTest.APITest.ForgotPassword(APITest.java:264)
	at sun.reflect.NativeMethodAccessorImpl.invoke0(Native Method)
	at sun.reflect.NativeMethodAccessorImpl.invoke(Unknown Source)
	at sun.reflect.DelegatingMethodAccessorImpl.invoke(Unknown Source)
	at java.lang.reflect.Method.invoke(Unknown Source)
	at org.testng.internal.MethodInvocationHelper.invokeMethod(MethodInvocationHelper.java:124)
	at org.testng.internal.Invoker.invokeMethod(Invoker.java:583)
	at org.testng.internal.Invoker.invokeTestMethod(Invoker.java:719)
	at org.testng.internal.Invoker.invokeTestMethods(Invoker.java:989)
	at org.testng.internal.TestMethodWorker.invokeTestMethods(TestMethodWorker.java:125)
	at org.testng.internal.TestMethodWorker.run(TestMethodWorker.java:109)
	at org.testng.TestRunner.privateRun(TestRunner.java:648)
	at org.testng.TestRunner.run(TestRunner.java:505)
	at org.testng.SuiteRunner.runTest(SuiteRunner.java:455)
	at org.testng.SuiteRunner.runSequentially(SuiteRunner.java:450)
	at org.testng.SuiteRunner.privateRun(SuiteRunner.java:415)
	at org.testng.SuiteRunner.run(SuiteRunner.java:364)
	at org.testng.SuiteRunnerWorker.runSuite(SuiteRunnerWorker.java:52)
	at org.testng.SuiteRunnerWorker.run(SuiteRunnerWorker.java:84)
	at org.testng.TestNG.runSuitesSequentially(TestNG.java:1208)
	at org.testng.TestNG.runSuitesLocally(TestNG.java:1137)
	at org.testng.TestNG.runSuites(TestNG.java:1049)
	at org.testng.TestNG.run(TestNG.java:1017)
	at org.testng.remote.AbstractRemoteTestNG.run(AbstractRemoteTestNG.java:114)
	at org.testng.remote.RemoteTestNG.initAndRun(RemoteTestNG.java:251)
	at org.testng.remote.RemoteTestNG.main(RemoteTestNG.java:77)
</pre></div><a href='#' onClick='toggleBox("stack-trace1709043290", this, "Click to show all stack frames", "Click to hide stack frames")'>Click to show all stack frames</a>
<div class='stack-trace' id='stack-trace1709043290'><pre>java.lang.AssertionError: 1 expectation failed.
Expected status code &lt;200&gt; but was &lt;310&gt;.

	at sun.reflect.NativeConstructorAccessorImpl.newInstance0(Native Method)
	at sun.reflect.NativeConstructorAccessorImpl.newInstance(Unknown Source)
	at sun.reflect.DelegatingConstructorAccessorImpl.newInstance(Unknown Source)
	at java.lang.reflect.Constructor.newInstance(Unknown Source)
	at org.codehaus.groovy.reflection.CachedConstructor.invoke(CachedConstructor.java:80)
	at org.codehaus.groovy.reflection.CachedConstructor.doConstructorInvoke(CachedConstructor.java:74)
	at org.codehaus.groovy.runtime.callsite.ConstructorSite$ConstructorSiteNoUnwrap.callConstructor(ConstructorSite.java:84)
	at org.codehaus.groovy.runtime.callsite.AbstractCallSite.callConstructor(AbstractCallSite.java:249)
	at io.restassured.internal.ResponseSpecificationImpl$HamcrestAssertionClosure.validate(ResponseSpecificationImpl.groovy:492)
	at io.restassured.internal.ResponseSpecificationImpl$HamcrestAssertionClosure$validate$1.call(Unknown Source)
	at io.restassured.internal.ResponseSpecificationImpl.validateResponseIfRequired(ResponseSpecificationImpl.groovy:655)
	at sun.reflect.NativeMethodAccessorImpl.invoke0(Native Method)
	at sun.reflect.NativeMethodAccessorImpl.invoke(Unknown Source)
	at sun.reflect.DelegatingMethodAccessorImpl.invoke(Unknown Source)
	at java.lang.reflect.Method.invoke(Unknown Source)
	at org.codehaus.groovy.runtime.callsite.PlainObjectMetaMethodSite.doInvoke(PlainObjectMetaMethodSite.java:43)
	at org.codehaus.groovy.runtime.callsite.PogoMetaMethodSite$PogoCachedMethodSiteNoUnwrapNoCoerce.invoke(PogoMetaMethodSite.java:190)
	at org.codehaus.groovy.runtime.callsite.PogoMetaMethodSite.callCurrent(PogoMetaMethodSite.java:58)
	at org.codehaus.groovy.runtime.callsite.AbstractCallSite.callCurrent(AbstractCallSite.java:168)
	at io.restassured.internal.ResponseSpecificationImpl.statusCode(ResponseSpecificationImpl.groovy:125)
	at io.restassured.specification.ResponseSpecification$statusCode$0.callCurrent(Unknown Source)
	at io.restassured.internal.ResponseSpecificationImpl.statusCode(ResponseSpecificationImpl.groovy:133)
	at io.restassured.internal.ValidatableResponseOptionsImpl.statusCode(ValidatableResponseOptionsImpl.java:89)
	at io.restassured.internal.ValidatableResponseImpl.super$2$statusCode(ValidatableResponseImpl.groovy)
	at sun.reflect.NativeMethodAccessorImpl.invoke0(Native Method)
	at sun.reflect.NativeMethodAccessorImpl.invoke(Unknown Source)
	at sun.reflect.DelegatingMethodAccessorImpl.invoke(Unknown Source)
	at java.lang.reflect.Method.invoke(Unknown Source)
	at org.codehaus.groovy.reflection.CachedMethod.invoke(CachedMethod.java:101)
	at groovy.lang.MetaMethod.doMethodInvoke(MetaMethod.java:323)
	at groovy.lang.MetaClassImpl.invokeMethod(MetaClassImpl.java:1217)
	at org.codehaus.groovy.runtime.ScriptBytecodeAdapter.invokeMethodOnSuperN(ScriptBytecodeAdapter.java:144)
	at io.restassured.internal.ValidatableResponseImpl.statusCode(ValidatableResponseImpl.groovy:142)
	at io.restassured.internal.ValidatableResponseImpl.statusCode(ValidatableResponseImpl.groovy)
	at ApiTest.APITest.ForgotPassword(APITest.java:264)
	at sun.reflect.NativeMethodAccessorImpl.invoke0(Native Method)
	at sun.reflect.NativeMethodAccessorImpl.invoke(Unknown Source)
	at sun.reflect.DelegatingMethodAccessorImpl.invoke(Unknown Source)
	at java.lang.reflect.Method.invoke(Unknown Source)
	at org.testng.internal.MethodInvocationHelper.invokeMethod(MethodInvocationHelper.java:124)
	at org.testng.internal.Invoker.invokeMethod(Invoker.java:583)
	at org.testng.internal.Invoker.invokeTestMethod(Invoker.java:719)
	at org.testng.internal.Invoker.invokeTestMethods(Invoker.java:989)
	at org.testng.internal.TestMethodWorker.invokeTestMethods(TestMethodWorker.java:125)
	at org.testng.internal.TestMethodWorker.run(TestMethodWorker.java:109)
	at org.testng.TestRunner.privateRun(TestRunner.java:648)
	at org.testng.TestRunner.run(TestRunner.java:505)
	at org.testng.SuiteRunner.runTest(SuiteRunner.java:455)
	at org.testng.SuiteRunner.runSequentially(SuiteRunner.java:450)
	at org.testng.SuiteRunner.privateRun(SuiteRunner.java:415)
	at org.testng.SuiteRunner.run(SuiteRunner.java:364)
	at org.testng.SuiteRunnerWorker.runSuite(SuiteRunnerWorker.java:52)
	at org.testng.SuiteRunnerWorker.run(SuiteRunnerWorker.java:84)
	at org.testng.TestNG.runSuitesSequentially(TestNG.java:1208)
	at org.testng.TestNG.runSuitesLocally(TestNG.java:1137)
	at org.testng.TestNG.runSuites(TestNG.java:1049)
	at org.testng.TestNG.run(TestNG.java:1017)
	at org.testng.remote.AbstractRemoteTestNG.run(AbstractRemoteTestNG.java:114)
	at org.testng.remote.RemoteTestNG.initAndRun(RemoteTestNG.java:251)
	at org.testng.remote.RemoteTestNG.main(RemoteTestNG.java:77)
</pre></div></td>
<td>0</td>
<td>ApiTest.APITest@ed9d034</td></tr>
<tr>
<td title='ApiTest.APITest.GetRefreshToken()'><b>GetRefreshToken</b><br>Test class: ApiTest.APITest<br/>
<a href="#Output-2070295086" onClick='toggleBox("Output-2070295086", this, "Show output", "Hide output");'>Show output</a>

<a href="#Output-2070295086" onClick="toggleAllBoxes();">Show all outputs</a>
<div class='log' id="Output-2070295086">
Response is: {"message":" Unauthorized ","data":{}}<br/>
</div>
</td>
<td><div><pre>java.lang.AssertionError: 1 expectation failed.
Expected status code &lt;200&gt; but was &lt;401&gt;.

	at sun.reflect.NativeConstructorAccessorImpl.newInstance0(Native Method)
	at sun.reflect.NativeConstructorAccessorImpl.newInstance(Unknown Source)
	at sun.reflect.DelegatingConstructorAccessorImpl.newInstance(Unknown Source)
	at java.lang.reflect.Constructor.newInstance(Unknown Source)
	at org.codehaus.groovy.reflection.CachedConstructor.invoke(CachedConstructor.java:80)
	at org.codehaus.groovy.reflection.CachedConstructor.doConstructorInvoke(CachedConstructor.java:74)
	at org.codehaus.groovy.runtime.callsite.ConstructorSite$ConstructorSiteNoUnwrap.callConstructor(ConstructorSite.java:84)
	at org.codehaus.groovy.runtime.callsite.AbstractCallSite.callConstructor(AbstractCallSite.java:249)
	at io.restassured.internal.ResponseSpecificationImpl$HamcrestAssertionClosure.validate(ResponseSpecificationImpl.groovy:492)
	at io.restassured.internal.ResponseSpecificationImpl$HamcrestAssertionClosure$validate$1.call(Unknown Source)
	at io.restassured.internal.ResponseSpecificationImpl.validateResponseIfRequired(ResponseSpecificationImpl.groovy:655)
	at sun.reflect.NativeMethodAccessorImpl.invoke0(Native Method)
	at sun.reflect.NativeMethodAccessorImpl.invoke(Unknown Source)
	at sun.reflect.DelegatingMethodAccessorImpl.invoke(Unknown Source)
	at java.lang.reflect.Method.invoke(Unknown Source)
	at org.codehaus.groovy.runtime.callsite.PlainObjectMetaMethodSite.doInvoke(PlainObjectMetaMethodSite.java:43)
	at org.codehaus.groovy.runtime.callsite.PogoMetaMethodSite$PogoCachedMethodSiteNoUnwrapNoCoerce.invoke(PogoMetaMethodSite.java:190)
	at org.codehaus.groovy.runtime.callsite.PogoMetaMethodSite.callCurrent(PogoMetaMethodSite.java:58)
	at org.codehaus.groovy.runtime.callsite.AbstractCallSite.callCurrent(AbstractCallSite.java:168)
	at io.restassured.internal.ResponseSpecificationImpl.statusCode(ResponseSpecificationImpl.groovy:125)
	at io.restassured.specification.ResponseSpecification$statusCode$0.callCurrent(Unknown Source)
	at io.restassured.internal.ResponseSpecificationImpl.statusCode(ResponseSpecificationImpl.groovy:133)
	at io.restassured.internal.ValidatableResponseOptionsImpl.statusCode(ValidatableResponseOptionsImpl.java:89)
	at io.restassured.internal.ValidatableResponseImpl.super$2$statusCode(ValidatableResponseImpl.groovy)
	at sun.reflect.NativeMethodAccessorImpl.invoke0(Native Method)
	at sun.reflect.NativeMethodAccessorImpl.invoke(Unknown Source)
	at sun.reflect.DelegatingMethodAccessorImpl.invoke(Unknown Source)
	at java.lang.reflect.Method.invoke(Unknown Source)
	at org.codehaus.groovy.reflection.CachedMethod.invoke(CachedMethod.java:101)
	at groovy.lang.MetaMethod.doMethodInvoke(MetaMethod.java:323)
	at groovy.lang.MetaClassImpl.invokeMethod(MetaClassImpl.java:1217)
	at org.codehaus.groovy.runtime.ScriptBytecodeAdapter.invokeMethodOnSuperN(ScriptBytecodeAdapter.java:144)
	at io.restassured.internal.ValidatableResponseImpl.statusCode(ValidatableResponseImpl.groovy:142)
	at io.restassured.internal.ValidatableResponseImpl.statusCode(ValidatableResponseImpl.groovy)
	at ApiTest.APITest.GetRefreshToken(APITest.java:354)
	at sun.reflect.NativeMethodAccessorImpl.invoke0(Native Method)
	at sun.reflect.NativeMethodAccessorImpl.invoke(Unknown Source)
	at sun.reflect.DelegatingMethodAccessorImpl.invoke(Unknown Source)
	at java.lang.reflect.Method.invoke(Unknown Source)
	at org.testng.internal.MethodInvocationHelper.invokeMethod(MethodInvocationHelper.java:124)
	at org.testng.internal.Invoker.invokeMethod(Invoker.java:583)
	at org.testng.internal.Invoker.invokeTestMethod(Invoker.java:719)
	at org.testng.internal.Invoker.invokeTestMethods(Invoker.java:989)
	at org.testng.internal.TestMethodWorker.invokeTestMethods(TestMethodWorker.java:125)
	at org.testng.internal.TestMethodWorker.run(TestMethodWorker.java:109)
	at org.testng.TestRunner.privateRun(TestRunner.java:648)
	at org.testng.TestRunner.run(TestRunner.java:505)
	at org.testng.SuiteRunner.runTest(SuiteRunner.java:455)
	at org.testng.SuiteRunner.runSequentially(SuiteRunner.java:450)
	at org.testng.SuiteRunner.privateRun(SuiteRunner.java:415)
	at org.testng.SuiteRunner.run(SuiteRunner.java:364)
	at org.testng.SuiteRunnerWorker.runSuite(SuiteRunnerWorker.java:52)
	at org.testng.SuiteRunnerWorker.run(SuiteRunnerWorker.java:84)
	at org.testng.TestNG.runSuitesSequentially(TestNG.java:1208)
	at org.testng.TestNG.runSuitesLocally(TestNG.java:1137)
	at org.testng.TestNG.runSuites(TestNG.java:1049)
	at org.testng.TestNG.run(TestNG.java:1017)
	at org.testng.remote.AbstractRemoteTestNG.run(AbstractRemoteTestNG.java:114)
	at org.testng.remote.RemoteTestNG.initAndRun(RemoteTestNG.java:251)
	at org.testng.remote.RemoteTestNG.main(RemoteTestNG.java:77)
</pre></div><a href='#' onClick='toggleBox("stack-trace2070295086", this, "Click to show all stack frames", "Click to hide stack frames")'>Click to show all stack frames</a>
<div class='stack-trace' id='stack-trace2070295086'><pre>java.lang.AssertionError: 1 expectation failed.
Expected status code &lt;200&gt; but was &lt;401&gt;.

	at sun.reflect.NativeConstructorAccessorImpl.newInstance0(Native Method)
	at sun.reflect.NativeConstructorAccessorImpl.newInstance(Unknown Source)
	at sun.reflect.DelegatingConstructorAccessorImpl.newInstance(Unknown Source)
	at java.lang.reflect.Constructor.newInstance(Unknown Source)
	at org.codehaus.groovy.reflection.CachedConstructor.invoke(CachedConstructor.java:80)
	at org.codehaus.groovy.reflection.CachedConstructor.doConstructorInvoke(CachedConstructor.java:74)
	at org.codehaus.groovy.runtime.callsite.ConstructorSite$ConstructorSiteNoUnwrap.callConstructor(ConstructorSite.java:84)
	at org.codehaus.groovy.runtime.callsite.AbstractCallSite.callConstructor(AbstractCallSite.java:249)
	at io.restassured.internal.ResponseSpecificationImpl$HamcrestAssertionClosure.validate(ResponseSpecificationImpl.groovy:492)
	at io.restassured.internal.ResponseSpecificationImpl$HamcrestAssertionClosure$validate$1.call(Unknown Source)
	at io.restassured.internal.ResponseSpecificationImpl.validateResponseIfRequired(ResponseSpecificationImpl.groovy:655)
	at sun.reflect.NativeMethodAccessorImpl.invoke0(Native Method)
	at sun.reflect.NativeMethodAccessorImpl.invoke(Unknown Source)
	at sun.reflect.DelegatingMethodAccessorImpl.invoke(Unknown Source)
	at java.lang.reflect.Method.invoke(Unknown Source)
	at org.codehaus.groovy.runtime.callsite.PlainObjectMetaMethodSite.doInvoke(PlainObjectMetaMethodSite.java:43)
	at org.codehaus.groovy.runtime.callsite.PogoMetaMethodSite$PogoCachedMethodSiteNoUnwrapNoCoerce.invoke(PogoMetaMethodSite.java:190)
	at org.codehaus.groovy.runtime.callsite.PogoMetaMethodSite.callCurrent(PogoMetaMethodSite.java:58)
	at org.codehaus.groovy.runtime.callsite.AbstractCallSite.callCurrent(AbstractCallSite.java:168)
	at io.restassured.internal.ResponseSpecificationImpl.statusCode(ResponseSpecificationImpl.groovy:125)
	at io.restassured.specification.ResponseSpecification$statusCode$0.callCurrent(Unknown Source)
	at io.restassured.internal.ResponseSpecificationImpl.statusCode(ResponseSpecificationImpl.groovy:133)
	at io.restassured.internal.ValidatableResponseOptionsImpl.statusCode(ValidatableResponseOptionsImpl.java:89)
	at io.restassured.internal.ValidatableResponseImpl.super$2$statusCode(ValidatableResponseImpl.groovy)
	at sun.reflect.NativeMethodAccessorImpl.invoke0(Native Method)
	at sun.reflect.NativeMethodAccessorImpl.invoke(Unknown Source)
	at sun.reflect.DelegatingMethodAccessorImpl.invoke(Unknown Source)
	at java.lang.reflect.Method.invoke(Unknown Source)
	at org.codehaus.groovy.reflection.CachedMethod.invoke(CachedMethod.java:101)
	at groovy.lang.MetaMethod.doMethodInvoke(MetaMethod.java:323)
	at groovy.lang.MetaClassImpl.invokeMethod(MetaClassImpl.java:1217)
	at org.codehaus.groovy.runtime.ScriptBytecodeAdapter.invokeMethodOnSuperN(ScriptBytecodeAdapter.java:144)
	at io.restassured.internal.ValidatableResponseImpl.statusCode(ValidatableResponseImpl.groovy:142)
	at io.restassured.internal.ValidatableResponseImpl.statusCode(ValidatableResponseImpl.groovy)
	at ApiTest.APITest.GetRefreshToken(APITest.java:354)
	at sun.reflect.NativeMethodAccessorImpl.invoke0(Native Method)
	at sun.reflect.NativeMethodAccessorImpl.invoke(Unknown Source)
	at sun.reflect.DelegatingMethodAccessorImpl.invoke(Unknown Source)
	at java.lang.reflect.Method.invoke(Unknown Source)
	at org.testng.internal.MethodInvocationHelper.invokeMethod(MethodInvocationHelper.java:124)
	at org.testng.internal.Invoker.invokeMethod(Invoker.java:583)
	at org.testng.internal.Invoker.invokeTestMethod(Invoker.java:719)
	at org.testng.internal.Invoker.invokeTestMethods(Invoker.java:989)
	at org.testng.internal.TestMethodWorker.invokeTestMethods(TestMethodWorker.java:125)
	at org.testng.internal.TestMethodWorker.run(TestMethodWorker.java:109)
	at org.testng.TestRunner.privateRun(TestRunner.java:648)
	at org.testng.TestRunner.run(TestRunner.java:505)
	at org.testng.SuiteRunner.runTest(SuiteRunner.java:455)
	at org.testng.SuiteRunner.runSequentially(SuiteRunner.java:450)
	at org.testng.SuiteRunner.privateRun(SuiteRunner.java:415)
	at org.testng.SuiteRunner.run(SuiteRunner.java:364)
	at org.testng.SuiteRunnerWorker.runSuite(SuiteRunnerWorker.java:52)
	at org.testng.SuiteRunnerWorker.run(SuiteRunnerWorker.java:84)
	at org.testng.TestNG.runSuitesSequentially(TestNG.java:1208)
	at org.testng.TestNG.runSuitesLocally(TestNG.java:1137)
	at org.testng.TestNG.runSuites(TestNG.java:1049)
	at org.testng.TestNG.run(TestNG.java:1017)
	at org.testng.remote.AbstractRemoteTestNG.run(AbstractRemoteTestNG.java:114)
	at org.testng.remote.RemoteTestNG.initAndRun(RemoteTestNG.java:251)
	at org.testng.remote.RemoteTestNG.main(RemoteTestNG.java:77)
</pre></div></td>
<td>0</td>
<td>ApiTest.APITest@ed9d034</td></tr>
<tr>
<td title='ApiTest.APITest.SendVerifyEmail()'><b>SendVerifyEmail</b><br>Test class: ApiTest.APITest<br>Parameters: {TestCaseName=Using registered email, email=yangjee5@getnada.com}<br/>
<a href="#Output-1910492961" onClick='toggleBox("Output-1910492961", this, "Show output", "Hide output");'>Show output</a>

<a href="#Output-1910492961" onClick="toggleAllBoxes();">Show all outputs</a>
<div class='log' id="Output-1910492961">
Response is: {"message":"ALREADY_ACTIVE"}<br/>
</div>
</td>
<td><div><pre>java.lang.AssertionError: 1 expectation failed.
Expected status code &lt;200&gt; but was &lt;409&gt;.

	at sun.reflect.NativeConstructorAccessorImpl.newInstance0(Native Method)
	at sun.reflect.NativeConstructorAccessorImpl.newInstance(Unknown Source)
	at sun.reflect.DelegatingConstructorAccessorImpl.newInstance(Unknown Source)
	at java.lang.reflect.Constructor.newInstance(Unknown Source)
	at org.codehaus.groovy.reflection.CachedConstructor.invoke(CachedConstructor.java:80)
	at org.codehaus.groovy.reflection.CachedConstructor.doConstructorInvoke(CachedConstructor.java:74)
	at org.codehaus.groovy.runtime.callsite.ConstructorSite$ConstructorSiteNoUnwrap.callConstructor(ConstructorSite.java:84)
	at org.codehaus.groovy.runtime.callsite.AbstractCallSite.callConstructor(AbstractCallSite.java:249)
	at io.restassured.internal.ResponseSpecificationImpl$HamcrestAssertionClosure.validate(ResponseSpecificationImpl.groovy:492)
	at io.restassured.internal.ResponseSpecificationImpl$HamcrestAssertionClosure$validate$1.call(Unknown Source)
	at io.restassured.internal.ResponseSpecificationImpl.validateResponseIfRequired(ResponseSpecificationImpl.groovy:655)
	at sun.reflect.NativeMethodAccessorImpl.invoke0(Native Method)
	at sun.reflect.NativeMethodAccessorImpl.invoke(Unknown Source)
	at sun.reflect.DelegatingMethodAccessorImpl.invoke(Unknown Source)
	at java.lang.reflect.Method.invoke(Unknown Source)
	at org.codehaus.groovy.runtime.callsite.PlainObjectMetaMethodSite.doInvoke(PlainObjectMetaMethodSite.java:43)
	at org.codehaus.groovy.runtime.callsite.PogoMetaMethodSite$PogoCachedMethodSiteNoUnwrapNoCoerce.invoke(PogoMetaMethodSite.java:190)
	at org.codehaus.groovy.runtime.callsite.PogoMetaMethodSite.callCurrent(PogoMetaMethodSite.java:58)
	at org.codehaus.groovy.runtime.callsite.AbstractCallSite.callCurrent(AbstractCallSite.java:168)
	at io.restassured.internal.ResponseSpecificationImpl.statusCode(ResponseSpecificationImpl.groovy:125)
	at io.restassured.specification.ResponseSpecification$statusCode$0.callCurrent(Unknown Source)
	at io.restassured.internal.ResponseSpecificationImpl.statusCode(ResponseSpecificationImpl.groovy:133)
	at io.restassured.internal.ValidatableResponseOptionsImpl.statusCode(ValidatableResponseOptionsImpl.java:89)
	at io.restassured.internal.ValidatableResponseImpl.super$2$statusCode(ValidatableResponseImpl.groovy)
	at sun.reflect.NativeMethodAccessorImpl.invoke0(Native Method)
	at sun.reflect.NativeMethodAccessorImpl.invoke(Unknown Source)
	at sun.reflect.DelegatingMethodAccessorImpl.invoke(Unknown Source)
	at java.lang.reflect.Method.invoke(Unknown Source)
	at org.codehaus.groovy.reflection.CachedMethod.invoke(CachedMethod.java:101)
	at groovy.lang.MetaMethod.doMethodInvoke(MetaMethod.java:323)
	at groovy.lang.MetaClassImpl.invokeMethod(MetaClassImpl.java:1217)
	at org.codehaus.groovy.runtime.ScriptBytecodeAdapter.invokeMethodOnSuperN(ScriptBytecodeAdapter.java:144)
	at io.restassured.internal.ValidatableResponseImpl.statusCode(ValidatableResponseImpl.groovy:142)
	at io.restassured.internal.ValidatableResponseImpl.statusCode(ValidatableResponseImpl.groovy)
	at ApiTest.APITest.SendVerifyEmail(APITest.java:149)
	at sun.reflect.NativeMethodAccessorImpl.invoke0(Native Method)
	at sun.reflect.NativeMethodAccessorImpl.invoke(Unknown Source)
	at sun.reflect.DelegatingMethodAccessorImpl.invoke(Unknown Source)
	at java.lang.reflect.Method.invoke(Unknown Source)
	at org.testng.internal.MethodInvocationHelper.invokeMethod(MethodInvocationHelper.java:124)
	at org.testng.internal.Invoker.invokeMethod(Invoker.java:583)
	at org.testng.internal.Invoker.invokeTestMethod(Invoker.java:719)
	at org.testng.internal.Invoker.invokeTestMethods(Invoker.java:989)
	at org.testng.internal.TestMethodWorker.invokeTestMethods(TestMethodWorker.java:125)
	at org.testng.internal.TestMethodWorker.run(TestMethodWorker.java:109)
	at org.testng.TestRunner.privateRun(TestRunner.java:648)
	at org.testng.TestRunner.run(TestRunner.java:505)
	at org.testng.SuiteRunner.runTest(SuiteRunner.java:455)
	at org.testng.SuiteRunner.runSequentially(SuiteRunner.java:450)
	at org.testng.SuiteRunner.privateRun(SuiteRunner.java:415)
	at org.testng.SuiteRunner.run(SuiteRunner.java:364)
	at org.testng.SuiteRunnerWorker.runSuite(SuiteRunnerWorker.java:52)
	at org.testng.SuiteRunnerWorker.run(SuiteRunnerWorker.java:84)
	at org.testng.TestNG.runSuitesSequentially(TestNG.java:1208)
	at org.testng.TestNG.runSuitesLocally(TestNG.java:1137)
	at org.testng.TestNG.runSuites(TestNG.java:1049)
	at org.testng.TestNG.run(TestNG.java:1017)
	at org.testng.remote.AbstractRemoteTestNG.run(AbstractRemoteTestNG.java:114)
	at org.testng.remote.RemoteTestNG.initAndRun(RemoteTestNG.java:251)
	at org.testng.remote.RemoteTestNG.main(RemoteTestNG.java:77)
</pre></div><a href='#' onClick='toggleBox("stack-trace1910492961", this, "Click to show all stack frames", "Click to hide stack frames")'>Click to show all stack frames</a>
<div class='stack-trace' id='stack-trace1910492961'><pre>java.lang.AssertionError: 1 expectation failed.
Expected status code &lt;200&gt; but was &lt;409&gt;.

	at sun.reflect.NativeConstructorAccessorImpl.newInstance0(Native Method)
	at sun.reflect.NativeConstructorAccessorImpl.newInstance(Unknown Source)
	at sun.reflect.DelegatingConstructorAccessorImpl.newInstance(Unknown Source)
	at java.lang.reflect.Constructor.newInstance(Unknown Source)
	at org.codehaus.groovy.reflection.CachedConstructor.invoke(CachedConstructor.java:80)
	at org.codehaus.groovy.reflection.CachedConstructor.doConstructorInvoke(CachedConstructor.java:74)
	at org.codehaus.groovy.runtime.callsite.ConstructorSite$ConstructorSiteNoUnwrap.callConstructor(ConstructorSite.java:84)
	at org.codehaus.groovy.runtime.callsite.AbstractCallSite.callConstructor(AbstractCallSite.java:249)
	at io.restassured.internal.ResponseSpecificationImpl$HamcrestAssertionClosure.validate(ResponseSpecificationImpl.groovy:492)
	at io.restassured.internal.ResponseSpecificationImpl$HamcrestAssertionClosure$validate$1.call(Unknown Source)
	at io.restassured.internal.ResponseSpecificationImpl.validateResponseIfRequired(ResponseSpecificationImpl.groovy:655)
	at sun.reflect.NativeMethodAccessorImpl.invoke0(Native Method)
	at sun.reflect.NativeMethodAccessorImpl.invoke(Unknown Source)
	at sun.reflect.DelegatingMethodAccessorImpl.invoke(Unknown Source)
	at java.lang.reflect.Method.invoke(Unknown Source)
	at org.codehaus.groovy.runtime.callsite.PlainObjectMetaMethodSite.doInvoke(PlainObjectMetaMethodSite.java:43)
	at org.codehaus.groovy.runtime.callsite.PogoMetaMethodSite$PogoCachedMethodSiteNoUnwrapNoCoerce.invoke(PogoMetaMethodSite.java:190)
	at org.codehaus.groovy.runtime.callsite.PogoMetaMethodSite.callCurrent(PogoMetaMethodSite.java:58)
	at org.codehaus.groovy.runtime.callsite.AbstractCallSite.callCurrent(AbstractCallSite.java:168)
	at io.restassured.internal.ResponseSpecificationImpl.statusCode(ResponseSpecificationImpl.groovy:125)
	at io.restassured.specification.ResponseSpecification$statusCode$0.callCurrent(Unknown Source)
	at io.restassured.internal.ResponseSpecificationImpl.statusCode(ResponseSpecificationImpl.groovy:133)
	at io.restassured.internal.ValidatableResponseOptionsImpl.statusCode(ValidatableResponseOptionsImpl.java:89)
	at io.restassured.internal.ValidatableResponseImpl.super$2$statusCode(ValidatableResponseImpl.groovy)
	at sun.reflect.NativeMethodAccessorImpl.invoke0(Native Method)
	at sun.reflect.NativeMethodAccessorImpl.invoke(Unknown Source)
	at sun.reflect.DelegatingMethodAccessorImpl.invoke(Unknown Source)
	at java.lang.reflect.Method.invoke(Unknown Source)
	at org.codehaus.groovy.reflection.CachedMethod.invoke(CachedMethod.java:101)
	at groovy.lang.MetaMethod.doMethodInvoke(MetaMethod.java:323)
	at groovy.lang.MetaClassImpl.invokeMethod(MetaClassImpl.java:1217)
	at org.codehaus.groovy.runtime.ScriptBytecodeAdapter.invokeMethodOnSuperN(ScriptBytecodeAdapter.java:144)
	at io.restassured.internal.ValidatableResponseImpl.statusCode(ValidatableResponseImpl.groovy:142)
	at io.restassured.internal.ValidatableResponseImpl.statusCode(ValidatableResponseImpl.groovy)
	at ApiTest.APITest.SendVerifyEmail(APITest.java:149)
	at sun.reflect.NativeMethodAccessorImpl.invoke0(Native Method)
	at sun.reflect.NativeMethodAccessorImpl.invoke(Unknown Source)
	at sun.reflect.DelegatingMethodAccessorImpl.invoke(Unknown Source)
	at java.lang.reflect.Method.invoke(Unknown Source)
	at org.testng.internal.MethodInvocationHelper.invokeMethod(MethodInvocationHelper.java:124)
	at org.testng.internal.Invoker.invokeMethod(Invoker.java:583)
	at org.testng.internal.Invoker.invokeTestMethod(Invoker.java:719)
	at org.testng.internal.Invoker.invokeTestMethods(Invoker.java:989)
	at org.testng.internal.TestMethodWorker.invokeTestMethods(TestMethodWorker.java:125)
	at org.testng.internal.TestMethodWorker.run(TestMethodWorker.java:109)
	at org.testng.TestRunner.privateRun(TestRunner.java:648)
	at org.testng.TestRunner.run(TestRunner.java:505)
	at org.testng.SuiteRunner.runTest(SuiteRunner.java:455)
	at org.testng.SuiteRunner.runSequentially(SuiteRunner.java:450)
	at org.testng.SuiteRunner.privateRun(SuiteRunner.java:415)
	at org.testng.SuiteRunner.run(SuiteRunner.java:364)
	at org.testng.SuiteRunnerWorker.runSuite(SuiteRunnerWorker.java:52)
	at org.testng.SuiteRunnerWorker.run(SuiteRunnerWorker.java:84)
	at org.testng.TestNG.runSuitesSequentially(TestNG.java:1208)
	at org.testng.TestNG.runSuitesLocally(TestNG.java:1137)
	at org.testng.TestNG.runSuites(TestNG.java:1049)
	at org.testng.TestNG.run(TestNG.java:1017)
	at org.testng.remote.AbstractRemoteTestNG.run(AbstractRemoteTestNG.java:114)
	at org.testng.remote.RemoteTestNG.initAndRun(RemoteTestNG.java:251)
	at org.testng.remote.RemoteTestNG.main(RemoteTestNG.java:77)
</pre></div></td>
<td>0</td>
<td>ApiTest.APITest@ed9d034</td></tr>
<tr>
<td title='ApiTest.APITest.SendVerifyEmail()'><b>SendVerifyEmail</b><br>Test class: ApiTest.APITest<br>Parameters: {TestCaseName=Using invalid email, email=yangjee@}<br/>
<a href="#Output-1076462213" onClick='toggleBox("Output-1076462213", this, "Show output", "Hide output");'>Show output</a>

<a href="#Output-1076462213" onClick="toggleAllBoxes();">Show all outputs</a>
<div class='log' id="Output-1076462213">
Response is: {"message":"Email must be a valid email."}<br/>
</div>
</td>
<td><div><pre>java.lang.AssertionError: 1 expectation failed.
Expected status code &lt;200&gt; but was &lt;422&gt;.

	at sun.reflect.NativeConstructorAccessorImpl.newInstance0(Native Method)
	at sun.reflect.NativeConstructorAccessorImpl.newInstance(Unknown Source)
	at sun.reflect.DelegatingConstructorAccessorImpl.newInstance(Unknown Source)
	at java.lang.reflect.Constructor.newInstance(Unknown Source)
	at org.codehaus.groovy.reflection.CachedConstructor.invoke(CachedConstructor.java:80)
	at org.codehaus.groovy.reflection.CachedConstructor.doConstructorInvoke(CachedConstructor.java:74)
	at org.codehaus.groovy.runtime.callsite.ConstructorSite$ConstructorSiteNoUnwrap.callConstructor(ConstructorSite.java:84)
	at org.codehaus.groovy.runtime.callsite.AbstractCallSite.callConstructor(AbstractCallSite.java:249)
	at io.restassured.internal.ResponseSpecificationImpl$HamcrestAssertionClosure.validate(ResponseSpecificationImpl.groovy:492)
	at io.restassured.internal.ResponseSpecificationImpl$HamcrestAssertionClosure$validate$1.call(Unknown Source)
	at io.restassured.internal.ResponseSpecificationImpl.validateResponseIfRequired(ResponseSpecificationImpl.groovy:655)
	at sun.reflect.NativeMethodAccessorImpl.invoke0(Native Method)
	at sun.reflect.NativeMethodAccessorImpl.invoke(Unknown Source)
	at sun.reflect.DelegatingMethodAccessorImpl.invoke(Unknown Source)
	at java.lang.reflect.Method.invoke(Unknown Source)
	at org.codehaus.groovy.runtime.callsite.PlainObjectMetaMethodSite.doInvoke(PlainObjectMetaMethodSite.java:43)
	at org.codehaus.groovy.runtime.callsite.PogoMetaMethodSite$PogoCachedMethodSiteNoUnwrapNoCoerce.invoke(PogoMetaMethodSite.java:190)
	at org.codehaus.groovy.runtime.callsite.PogoMetaMethodSite.callCurrent(PogoMetaMethodSite.java:58)
	at org.codehaus.groovy.runtime.callsite.AbstractCallSite.callCurrent(AbstractCallSite.java:168)
	at io.restassured.internal.ResponseSpecificationImpl.statusCode(ResponseSpecificationImpl.groovy:125)
	at io.restassured.specification.ResponseSpecification$statusCode$0.callCurrent(Unknown Source)
	at io.restassured.internal.ResponseSpecificationImpl.statusCode(ResponseSpecificationImpl.groovy:133)
	at io.restassured.internal.ValidatableResponseOptionsImpl.statusCode(ValidatableResponseOptionsImpl.java:89)
	at io.restassured.internal.ValidatableResponseImpl.super$2$statusCode(ValidatableResponseImpl.groovy)
	at sun.reflect.NativeMethodAccessorImpl.invoke0(Native Method)
	at sun.reflect.NativeMethodAccessorImpl.invoke(Unknown Source)
	at sun.reflect.DelegatingMethodAccessorImpl.invoke(Unknown Source)
	at java.lang.reflect.Method.invoke(Unknown Source)
	at org.codehaus.groovy.reflection.CachedMethod.invoke(CachedMethod.java:101)
	at groovy.lang.MetaMethod.doMethodInvoke(MetaMethod.java:323)
	at groovy.lang.MetaClassImpl.invokeMethod(MetaClassImpl.java:1217)
	at org.codehaus.groovy.runtime.ScriptBytecodeAdapter.invokeMethodOnSuperN(ScriptBytecodeAdapter.java:144)
	at io.restassured.internal.ValidatableResponseImpl.statusCode(ValidatableResponseImpl.groovy:142)
	at io.restassured.internal.ValidatableResponseImpl.statusCode(ValidatableResponseImpl.groovy)
	at ApiTest.APITest.SendVerifyEmail(APITest.java:149)
	at sun.reflect.NativeMethodAccessorImpl.invoke0(Native Method)
	at sun.reflect.NativeMethodAccessorImpl.invoke(Unknown Source)
	at sun.reflect.DelegatingMethodAccessorImpl.invoke(Unknown Source)
	at java.lang.reflect.Method.invoke(Unknown Source)
	at org.testng.internal.MethodInvocationHelper.invokeMethod(MethodInvocationHelper.java:124)
	at org.testng.internal.Invoker.invokeMethod(Invoker.java:583)
	at org.testng.internal.Invoker.invokeTestMethod(Invoker.java:719)
	at org.testng.internal.Invoker.invokeTestMethods(Invoker.java:989)
	at org.testng.internal.TestMethodWorker.invokeTestMethods(TestMethodWorker.java:125)
	at org.testng.internal.TestMethodWorker.run(TestMethodWorker.java:109)
	at org.testng.TestRunner.privateRun(TestRunner.java:648)
	at org.testng.TestRunner.run(TestRunner.java:505)
	at org.testng.SuiteRunner.runTest(SuiteRunner.java:455)
	at org.testng.SuiteRunner.runSequentially(SuiteRunner.java:450)
	at org.testng.SuiteRunner.privateRun(SuiteRunner.java:415)
	at org.testng.SuiteRunner.run(SuiteRunner.java:364)
	at org.testng.SuiteRunnerWorker.runSuite(SuiteRunnerWorker.java:52)
	at org.testng.SuiteRunnerWorker.run(SuiteRunnerWorker.java:84)
	at org.testng.TestNG.runSuitesSequentially(TestNG.java:1208)
	at org.testng.TestNG.runSuitesLocally(TestNG.java:1137)
	at org.testng.TestNG.runSuites(TestNG.java:1049)
	at org.testng.TestNG.run(TestNG.java:1017)
	at org.testng.remote.AbstractRemoteTestNG.run(AbstractRemoteTestNG.java:114)
	at org.testng.remote.RemoteTestNG.initAndRun(RemoteTestNG.java:251)
	at org.testng.remote.RemoteTestNG.main(RemoteTestNG.java:77)
</pre></div><a href='#' onClick='toggleBox("stack-trace1076462213", this, "Click to show all stack frames", "Click to hide stack frames")'>Click to show all stack frames</a>
<div class='stack-trace' id='stack-trace1076462213'><pre>java.lang.AssertionError: 1 expectation failed.
Expected status code &lt;200&gt; but was &lt;422&gt;.

	at sun.reflect.NativeConstructorAccessorImpl.newInstance0(Native Method)
	at sun.reflect.NativeConstructorAccessorImpl.newInstance(Unknown Source)
	at sun.reflect.DelegatingConstructorAccessorImpl.newInstance(Unknown Source)
	at java.lang.reflect.Constructor.newInstance(Unknown Source)
	at org.codehaus.groovy.reflection.CachedConstructor.invoke(CachedConstructor.java:80)
	at org.codehaus.groovy.reflection.CachedConstructor.doConstructorInvoke(CachedConstructor.java:74)
	at org.codehaus.groovy.runtime.callsite.ConstructorSite$ConstructorSiteNoUnwrap.callConstructor(ConstructorSite.java:84)
	at org.codehaus.groovy.runtime.callsite.AbstractCallSite.callConstructor(AbstractCallSite.java:249)
	at io.restassured.internal.ResponseSpecificationImpl$HamcrestAssertionClosure.validate(ResponseSpecificationImpl.groovy:492)
	at io.restassured.internal.ResponseSpecificationImpl$HamcrestAssertionClosure$validate$1.call(Unknown Source)
	at io.restassured.internal.ResponseSpecificationImpl.validateResponseIfRequired(ResponseSpecificationImpl.groovy:655)
	at sun.reflect.NativeMethodAccessorImpl.invoke0(Native Method)
	at sun.reflect.NativeMethodAccessorImpl.invoke(Unknown Source)
	at sun.reflect.DelegatingMethodAccessorImpl.invoke(Unknown Source)
	at java.lang.reflect.Method.invoke(Unknown Source)
	at org.codehaus.groovy.runtime.callsite.PlainObjectMetaMethodSite.doInvoke(PlainObjectMetaMethodSite.java:43)
	at org.codehaus.groovy.runtime.callsite.PogoMetaMethodSite$PogoCachedMethodSiteNoUnwrapNoCoerce.invoke(PogoMetaMethodSite.java:190)
	at org.codehaus.groovy.runtime.callsite.PogoMetaMethodSite.callCurrent(PogoMetaMethodSite.java:58)
	at org.codehaus.groovy.runtime.callsite.AbstractCallSite.callCurrent(AbstractCallSite.java:168)
	at io.restassured.internal.ResponseSpecificationImpl.statusCode(ResponseSpecificationImpl.groovy:125)
	at io.restassured.specification.ResponseSpecification$statusCode$0.callCurrent(Unknown Source)
	at io.restassured.internal.ResponseSpecificationImpl.statusCode(ResponseSpecificationImpl.groovy:133)
	at io.restassured.internal.ValidatableResponseOptionsImpl.statusCode(ValidatableResponseOptionsImpl.java:89)
	at io.restassured.internal.ValidatableResponseImpl.super$2$statusCode(ValidatableResponseImpl.groovy)
	at sun.reflect.NativeMethodAccessorImpl.invoke0(Native Method)
	at sun.reflect.NativeMethodAccessorImpl.invoke(Unknown Source)
	at sun.reflect.DelegatingMethodAccessorImpl.invoke(Unknown Source)
	at java.lang.reflect.Method.invoke(Unknown Source)
	at org.codehaus.groovy.reflection.CachedMethod.invoke(CachedMethod.java:101)
	at groovy.lang.MetaMethod.doMethodInvoke(MetaMethod.java:323)
	at groovy.lang.MetaClassImpl.invokeMethod(MetaClassImpl.java:1217)
	at org.codehaus.groovy.runtime.ScriptBytecodeAdapter.invokeMethodOnSuperN(ScriptBytecodeAdapter.java:144)
	at io.restassured.internal.ValidatableResponseImpl.statusCode(ValidatableResponseImpl.groovy:142)
	at io.restassured.internal.ValidatableResponseImpl.statusCode(ValidatableResponseImpl.groovy)
	at ApiTest.APITest.SendVerifyEmail(APITest.java:149)
	at sun.reflect.NativeMethodAccessorImpl.invoke0(Native Method)
	at sun.reflect.NativeMethodAccessorImpl.invoke(Unknown Source)
	at sun.reflect.DelegatingMethodAccessorImpl.invoke(Unknown Source)
	at java.lang.reflect.Method.invoke(Unknown Source)
	at org.testng.internal.MethodInvocationHelper.invokeMethod(MethodInvocationHelper.java:124)
	at org.testng.internal.Invoker.invokeMethod(Invoker.java:583)
	at org.testng.internal.Invoker.invokeTestMethod(Invoker.java:719)
	at org.testng.internal.Invoker.invokeTestMethods(Invoker.java:989)
	at org.testng.internal.TestMethodWorker.invokeTestMethods(TestMethodWorker.java:125)
	at org.testng.internal.TestMethodWorker.run(TestMethodWorker.java:109)
	at org.testng.TestRunner.privateRun(TestRunner.java:648)
	at org.testng.TestRunner.run(TestRunner.java:505)
	at org.testng.SuiteRunner.runTest(SuiteRunner.java:455)
	at org.testng.SuiteRunner.runSequentially(SuiteRunner.java:450)
	at org.testng.SuiteRunner.privateRun(SuiteRunner.java:415)
	at org.testng.SuiteRunner.run(SuiteRunner.java:364)
	at org.testng.SuiteRunnerWorker.runSuite(SuiteRunnerWorker.java:52)
	at org.testng.SuiteRunnerWorker.run(SuiteRunnerWorker.java:84)
	at org.testng.TestNG.runSuitesSequentially(TestNG.java:1208)
	at org.testng.TestNG.runSuitesLocally(TestNG.java:1137)
	at org.testng.TestNG.runSuites(TestNG.java:1049)
	at org.testng.TestNG.run(TestNG.java:1017)
	at org.testng.remote.AbstractRemoteTestNG.run(AbstractRemoteTestNG.java:114)
	at org.testng.remote.RemoteTestNG.initAndRun(RemoteTestNG.java:251)
	at org.testng.remote.RemoteTestNG.main(RemoteTestNG.java:77)
</pre></div></td>
<td>0</td>
<td>ApiTest.APITest@ed9d034</td></tr>
<tr>
<td title='ApiTest.APITest.SendVerifyEmail()'><b>SendVerifyEmail</b><br>Test class: ApiTest.APITest<br>Parameters: {TestCaseName=Using non - registered email, email=yangjeerai@yopmail.com}<br/>
<a href="#Output-1070740013" onClick='toggleBox("Output-1070740013", this, "Show output", "Hide output");'>Show output</a>

<a href="#Output-1070740013" onClick="toggleAllBoxes();">Show all outputs</a>
<div class='log' id="Output-1070740013">
Response is: {"message":"NO_EMAIL_FOUND"}<br/>
</div>
</td>
<td><div><pre>java.lang.AssertionError: 1 expectation failed.
Expected status code &lt;200&gt; but was &lt;449&gt;.

	at sun.reflect.NativeConstructorAccessorImpl.newInstance0(Native Method)
	at sun.reflect.NativeConstructorAccessorImpl.newInstance(Unknown Source)
	at sun.reflect.DelegatingConstructorAccessorImpl.newInstance(Unknown Source)
	at java.lang.reflect.Constructor.newInstance(Unknown Source)
	at org.codehaus.groovy.reflection.CachedConstructor.invoke(CachedConstructor.java:80)
	at org.codehaus.groovy.reflection.CachedConstructor.doConstructorInvoke(CachedConstructor.java:74)
	at org.codehaus.groovy.runtime.callsite.ConstructorSite$ConstructorSiteNoUnwrap.callConstructor(ConstructorSite.java:84)
	at org.codehaus.groovy.runtime.callsite.AbstractCallSite.callConstructor(AbstractCallSite.java:249)
	at io.restassured.internal.ResponseSpecificationImpl$HamcrestAssertionClosure.validate(ResponseSpecificationImpl.groovy:492)
	at io.restassured.internal.ResponseSpecificationImpl$HamcrestAssertionClosure$validate$1.call(Unknown Source)
	at io.restassured.internal.ResponseSpecificationImpl.validateResponseIfRequired(ResponseSpecificationImpl.groovy:655)
	at sun.reflect.NativeMethodAccessorImpl.invoke0(Native Method)
	at sun.reflect.NativeMethodAccessorImpl.invoke(Unknown Source)
	at sun.reflect.DelegatingMethodAccessorImpl.invoke(Unknown Source)
	at java.lang.reflect.Method.invoke(Unknown Source)
	at org.codehaus.groovy.runtime.callsite.PlainObjectMetaMethodSite.doInvoke(PlainObjectMetaMethodSite.java:43)
	at org.codehaus.groovy.runtime.callsite.PogoMetaMethodSite$PogoCachedMethodSiteNoUnwrapNoCoerce.invoke(PogoMetaMethodSite.java:190)
	at org.codehaus.groovy.runtime.callsite.PogoMetaMethodSite.callCurrent(PogoMetaMethodSite.java:58)
	at org.codehaus.groovy.runtime.callsite.AbstractCallSite.callCurrent(AbstractCallSite.java:168)
	at io.restassured.internal.ResponseSpecificationImpl.statusCode(ResponseSpecificationImpl.groovy:125)
	at io.restassured.specification.ResponseSpecification$statusCode$0.callCurrent(Unknown Source)
	at io.restassured.internal.ResponseSpecificationImpl.statusCode(ResponseSpecificationImpl.groovy:133)
	at io.restassured.internal.ValidatableResponseOptionsImpl.statusCode(ValidatableResponseOptionsImpl.java:89)
	at io.restassured.internal.ValidatableResponseImpl.super$2$statusCode(ValidatableResponseImpl.groovy)
	at sun.reflect.NativeMethodAccessorImpl.invoke0(Native Method)
	at sun.reflect.NativeMethodAccessorImpl.invoke(Unknown Source)
	at sun.reflect.DelegatingMethodAccessorImpl.invoke(Unknown Source)
	at java.lang.reflect.Method.invoke(Unknown Source)
	at org.codehaus.groovy.reflection.CachedMethod.invoke(CachedMethod.java:101)
	at groovy.lang.MetaMethod.doMethodInvoke(MetaMethod.java:323)
	at groovy.lang.MetaClassImpl.invokeMethod(MetaClassImpl.java:1217)
	at org.codehaus.groovy.runtime.ScriptBytecodeAdapter.invokeMethodOnSuperN(ScriptBytecodeAdapter.java:144)
	at io.restassured.internal.ValidatableResponseImpl.statusCode(ValidatableResponseImpl.groovy:142)
	at io.restassured.internal.ValidatableResponseImpl.statusCode(ValidatableResponseImpl.groovy)
	at ApiTest.APITest.SendVerifyEmail(APITest.java:149)
	at sun.reflect.NativeMethodAccessorImpl.invoke0(Native Method)
	at sun.reflect.NativeMethodAccessorImpl.invoke(Unknown Source)
	at sun.reflect.DelegatingMethodAccessorImpl.invoke(Unknown Source)
	at java.lang.reflect.Method.invoke(Unknown Source)
	at org.testng.internal.MethodInvocationHelper.invokeMethod(MethodInvocationHelper.java:124)
	at org.testng.internal.Invoker.invokeMethod(Invoker.java:583)
	at org.testng.internal.Invoker.invokeTestMethod(Invoker.java:719)
	at org.testng.internal.Invoker.invokeTestMethods(Invoker.java:989)
	at org.testng.internal.TestMethodWorker.invokeTestMethods(TestMethodWorker.java:125)
	at org.testng.internal.TestMethodWorker.run(TestMethodWorker.java:109)
	at org.testng.TestRunner.privateRun(TestRunner.java:648)
	at org.testng.TestRunner.run(TestRunner.java:505)
	at org.testng.SuiteRunner.runTest(SuiteRunner.java:455)
	at org.testng.SuiteRunner.runSequentially(SuiteRunner.java:450)
	at org.testng.SuiteRunner.privateRun(SuiteRunner.java:415)
	at org.testng.SuiteRunner.run(SuiteRunner.java:364)
	at org.testng.SuiteRunnerWorker.runSuite(SuiteRunnerWorker.java:52)
	at org.testng.SuiteRunnerWorker.run(SuiteRunnerWorker.java:84)
	at org.testng.TestNG.runSuitesSequentially(TestNG.java:1208)
	at org.testng.TestNG.runSuitesLocally(TestNG.java:1137)
	at org.testng.TestNG.runSuites(TestNG.java:1049)
	at org.testng.TestNG.run(TestNG.java:1017)
	at org.testng.remote.AbstractRemoteTestNG.run(AbstractRemoteTestNG.java:114)
	at org.testng.remote.RemoteTestNG.initAndRun(RemoteTestNG.java:251)
	at org.testng.remote.RemoteTestNG.main(RemoteTestNG.java:77)
</pre></div><a href='#' onClick='toggleBox("stack-trace1070740013", this, "Click to show all stack frames", "Click to hide stack frames")'>Click to show all stack frames</a>
<div class='stack-trace' id='stack-trace1070740013'><pre>java.lang.AssertionError: 1 expectation failed.
Expected status code &lt;200&gt; but was &lt;449&gt;.

	at sun.reflect.NativeConstructorAccessorImpl.newInstance0(Native Method)
	at sun.reflect.NativeConstructorAccessorImpl.newInstance(Unknown Source)
	at sun.reflect.DelegatingConstructorAccessorImpl.newInstance(Unknown Source)
	at java.lang.reflect.Constructor.newInstance(Unknown Source)
	at org.codehaus.groovy.reflection.CachedConstructor.invoke(CachedConstructor.java:80)
	at org.codehaus.groovy.reflection.CachedConstructor.doConstructorInvoke(CachedConstructor.java:74)
	at org.codehaus.groovy.runtime.callsite.ConstructorSite$ConstructorSiteNoUnwrap.callConstructor(ConstructorSite.java:84)
	at org.codehaus.groovy.runtime.callsite.AbstractCallSite.callConstructor(AbstractCallSite.java:249)
	at io.restassured.internal.ResponseSpecificationImpl$HamcrestAssertionClosure.validate(ResponseSpecificationImpl.groovy:492)
	at io.restassured.internal.ResponseSpecificationImpl$HamcrestAssertionClosure$validate$1.call(Unknown Source)
	at io.restassured.internal.ResponseSpecificationImpl.validateResponseIfRequired(ResponseSpecificationImpl.groovy:655)
	at sun.reflect.NativeMethodAccessorImpl.invoke0(Native Method)
	at sun.reflect.NativeMethodAccessorImpl.invoke(Unknown Source)
	at sun.reflect.DelegatingMethodAccessorImpl.invoke(Unknown Source)
	at java.lang.reflect.Method.invoke(Unknown Source)
	at org.codehaus.groovy.runtime.callsite.PlainObjectMetaMethodSite.doInvoke(PlainObjectMetaMethodSite.java:43)
	at org.codehaus.groovy.runtime.callsite.PogoMetaMethodSite$PogoCachedMethodSiteNoUnwrapNoCoerce.invoke(PogoMetaMethodSite.java:190)
	at org.codehaus.groovy.runtime.callsite.PogoMetaMethodSite.callCurrent(PogoMetaMethodSite.java:58)
	at org.codehaus.groovy.runtime.callsite.AbstractCallSite.callCurrent(AbstractCallSite.java:168)
	at io.restassured.internal.ResponseSpecificationImpl.statusCode(ResponseSpecificationImpl.groovy:125)
	at io.restassured.specification.ResponseSpecification$statusCode$0.callCurrent(Unknown Source)
	at io.restassured.internal.ResponseSpecificationImpl.statusCode(ResponseSpecificationImpl.groovy:133)
	at io.restassured.internal.ValidatableResponseOptionsImpl.statusCode(ValidatableResponseOptionsImpl.java:89)
	at io.restassured.internal.ValidatableResponseImpl.super$2$statusCode(ValidatableResponseImpl.groovy)
	at sun.reflect.NativeMethodAccessorImpl.invoke0(Native Method)
	at sun.reflect.NativeMethodAccessorImpl.invoke(Unknown Source)
	at sun.reflect.DelegatingMethodAccessorImpl.invoke(Unknown Source)
	at java.lang.reflect.Method.invoke(Unknown Source)
	at org.codehaus.groovy.reflection.CachedMethod.invoke(CachedMethod.java:101)
	at groovy.lang.MetaMethod.doMethodInvoke(MetaMethod.java:323)
	at groovy.lang.MetaClassImpl.invokeMethod(MetaClassImpl.java:1217)
	at org.codehaus.groovy.runtime.ScriptBytecodeAdapter.invokeMethodOnSuperN(ScriptBytecodeAdapter.java:144)
	at io.restassured.internal.ValidatableResponseImpl.statusCode(ValidatableResponseImpl.groovy:142)
	at io.restassured.internal.ValidatableResponseImpl.statusCode(ValidatableResponseImpl.groovy)
	at ApiTest.APITest.SendVerifyEmail(APITest.java:149)
	at sun.reflect.NativeMethodAccessorImpl.invoke0(Native Method)
	at sun.reflect.NativeMethodAccessorImpl.invoke(Unknown Source)
	at sun.reflect.DelegatingMethodAccessorImpl.invoke(Unknown Source)
	at java.lang.reflect.Method.invoke(Unknown Source)
	at org.testng.internal.MethodInvocationHelper.invokeMethod(MethodInvocationHelper.java:124)
	at org.testng.internal.Invoker.invokeMethod(Invoker.java:583)
	at org.testng.internal.Invoker.invokeTestMethod(Invoker.java:719)
	at org.testng.internal.Invoker.invokeTestMethods(Invoker.java:989)
	at org.testng.internal.TestMethodWorker.invokeTestMethods(TestMethodWorker.java:125)
	at org.testng.internal.TestMethodWorker.run(TestMethodWorker.java:109)
	at org.testng.TestRunner.privateRun(TestRunner.java:648)
	at org.testng.TestRunner.run(TestRunner.java:505)
	at org.testng.SuiteRunner.runTest(SuiteRunner.java:455)
	at org.testng.SuiteRunner.runSequentially(SuiteRunner.java:450)
	at org.testng.SuiteRunner.privateRun(SuiteRunner.java:415)
	at org.testng.SuiteRunner.run(SuiteRunner.java:364)
	at org.testng.SuiteRunnerWorker.runSuite(SuiteRunnerWorker.java:52)
	at org.testng.SuiteRunnerWorker.run(SuiteRunnerWorker.java:84)
	at org.testng.TestNG.runSuitesSequentially(TestNG.java:1208)
	at org.testng.TestNG.runSuitesLocally(TestNG.java:1137)
	at org.testng.TestNG.runSuites(TestNG.java:1049)
	at org.testng.TestNG.run(TestNG.java:1017)
	at org.testng.remote.AbstractRemoteTestNG.run(AbstractRemoteTestNG.java:114)
	at org.testng.remote.RemoteTestNG.initAndRun(RemoteTestNG.java:251)
	at org.testng.remote.RemoteTestNG.main(RemoteTestNG.java:77)
</pre></div></td>
<td>0</td>
<td>ApiTest.APITest@ed9d034</td></tr>
<tr>
<td title='ApiTest.APITest.SubsAvail()'><b>SubsAvail</b><br>Test class: ApiTest.APITest<br/>
<a href="#Output-1466066315" onClick='toggleBox("Output-1466066315", this, "Show output", "Hide output");'>Show output</a>

<a href="#Output-1466066315" onClick="toggleAllBoxes();">Show all outputs</a>
<div class='log' id="Output-1466066315">
Response is: {"message":"Invalid receipt."}<br/>
</div>
</td>
<td><div><pre>java.lang.AssertionError: 1 expectation failed.
Expected status code &lt;200&gt; but was &lt;222&gt;.

	at sun.reflect.NativeConstructorAccessorImpl.newInstance0(Native Method)
	at sun.reflect.NativeConstructorAccessorImpl.newInstance(Unknown Source)
	at sun.reflect.DelegatingConstructorAccessorImpl.newInstance(Unknown Source)
	at java.lang.reflect.Constructor.newInstance(Unknown Source)
	at org.codehaus.groovy.reflection.CachedConstructor.invoke(CachedConstructor.java:80)
	at org.codehaus.groovy.reflection.CachedConstructor.doConstructorInvoke(CachedConstructor.java:74)
	at org.codehaus.groovy.runtime.callsite.ConstructorSite$ConstructorSiteNoUnwrap.callConstructor(ConstructorSite.java:84)
	at org.codehaus.groovy.runtime.callsite.AbstractCallSite.callConstructor(AbstractCallSite.java:249)
	at io.restassured.internal.ResponseSpecificationImpl$HamcrestAssertionClosure.validate(ResponseSpecificationImpl.groovy:492)
	at io.restassured.internal.ResponseSpecificationImpl$HamcrestAssertionClosure$validate$1.call(Unknown Source)
	at io.restassured.internal.ResponseSpecificationImpl.validateResponseIfRequired(ResponseSpecificationImpl.groovy:655)
	at sun.reflect.GeneratedMethodAccessor107.invoke(Unknown Source)
	at sun.reflect.DelegatingMethodAccessorImpl.invoke(Unknown Source)
	at java.lang.reflect.Method.invoke(Unknown Source)
	at org.codehaus.groovy.runtime.callsite.PlainObjectMetaMethodSite.doInvoke(PlainObjectMetaMethodSite.java:43)
	at org.codehaus.groovy.runtime.callsite.PogoMetaMethodSite$PogoCachedMethodSiteNoUnwrapNoCoerce.invoke(PogoMetaMethodSite.java:190)
	at org.codehaus.groovy.runtime.callsite.PogoMetaMethodSite.callCurrent(PogoMetaMethodSite.java:58)
	at org.codehaus.groovy.runtime.callsite.AbstractCallSite.callCurrent(AbstractCallSite.java:168)
	at io.restassured.internal.ResponseSpecificationImpl.statusCode(ResponseSpecificationImpl.groovy:125)
	at io.restassured.specification.ResponseSpecification$statusCode$0.callCurrent(Unknown Source)
	at io.restassured.internal.ResponseSpecificationImpl.statusCode(ResponseSpecificationImpl.groovy:133)
	at io.restassured.internal.ValidatableResponseOptionsImpl.statusCode(ValidatableResponseOptionsImpl.java:89)
	at io.restassured.internal.ValidatableResponseImpl.super$2$statusCode(ValidatableResponseImpl.groovy)
	at sun.reflect.GeneratedMethodAccessor185.invoke(Unknown Source)
	at sun.reflect.DelegatingMethodAccessorImpl.invoke(Unknown Source)
	at java.lang.reflect.Method.invoke(Unknown Source)
	at org.codehaus.groovy.reflection.CachedMethod.invoke(CachedMethod.java:101)
	at groovy.lang.MetaMethod.doMethodInvoke(MetaMethod.java:323)
	at groovy.lang.MetaClassImpl.invokeMethod(MetaClassImpl.java:1217)
	at org.codehaus.groovy.runtime.ScriptBytecodeAdapter.invokeMethodOnSuperN(ScriptBytecodeAdapter.java:144)
	at io.restassured.internal.ValidatableResponseImpl.statusCode(ValidatableResponseImpl.groovy:142)
	at io.restassured.internal.ValidatableResponseImpl.statusCode(ValidatableResponseImpl.groovy)
	at ApiTest.APITest.SubsAvail(APITest.java:732)
	at sun.reflect.NativeMethodAccessorImpl.invoke0(Native Method)
	at sun.reflect.NativeMethodAccessorImpl.invoke(Unknown Source)
	at sun.reflect.DelegatingMethodAccessorImpl.invoke(Unknown Source)
	at java.lang.reflect.Method.invoke(Unknown Source)
	at org.testng.internal.MethodInvocationHelper.invokeMethod(MethodInvocationHelper.java:124)
	at org.testng.internal.Invoker.invokeMethod(Invoker.java:583)
	at org.testng.internal.Invoker.invokeTestMethod(Invoker.java:719)
	at org.testng.internal.Invoker.invokeTestMethods(Invoker.java:989)
	at org.testng.internal.TestMethodWorker.invokeTestMethods(TestMethodWorker.java:125)
	at org.testng.internal.TestMethodWorker.run(TestMethodWorker.java:109)
	at org.testng.TestRunner.privateRun(TestRunner.java:648)
	at org.testng.TestRunner.run(TestRunner.java:505)
	at org.testng.SuiteRunner.runTest(SuiteRunner.java:455)
	at org.testng.SuiteRunner.runSequentially(SuiteRunner.java:450)
	at org.testng.SuiteRunner.privateRun(SuiteRunner.java:415)
	at org.testng.SuiteRunner.run(SuiteRunner.java:364)
	at org.testng.SuiteRunnerWorker.runSuite(SuiteRunnerWorker.java:52)
	at org.testng.SuiteRunnerWorker.run(SuiteRunnerWorker.java:84)
	at org.testng.TestNG.runSuitesSequentially(TestNG.java:1208)
	at org.testng.TestNG.runSuitesLocally(TestNG.java:1137)
	at org.testng.TestNG.runSuites(TestNG.java:1049)
	at org.testng.TestNG.run(TestNG.java:1017)
	at org.testng.remote.AbstractRemoteTestNG.run(AbstractRemoteTestNG.java:114)
	at org.testng.remote.RemoteTestNG.initAndRun(RemoteTestNG.java:251)
	at org.testng.remote.RemoteTestNG.main(RemoteTestNG.java:77)
</pre></div><a href='#' onClick='toggleBox("stack-trace1466066315", this, "Click to show all stack frames", "Click to hide stack frames")'>Click to show all stack frames</a>
<div class='stack-trace' id='stack-trace1466066315'><pre>java.lang.AssertionError: 1 expectation failed.
Expected status code &lt;200&gt; but was &lt;222&gt;.

	at sun.reflect.NativeConstructorAccessorImpl.newInstance0(Native Method)
	at sun.reflect.NativeConstructorAccessorImpl.newInstance(Unknown Source)
	at sun.reflect.DelegatingConstructorAccessorImpl.newInstance(Unknown Source)
	at java.lang.reflect.Constructor.newInstance(Unknown Source)
	at org.codehaus.groovy.reflection.CachedConstructor.invoke(CachedConstructor.java:80)
	at org.codehaus.groovy.reflection.CachedConstructor.doConstructorInvoke(CachedConstructor.java:74)
	at org.codehaus.groovy.runtime.callsite.ConstructorSite$ConstructorSiteNoUnwrap.callConstructor(ConstructorSite.java:84)
	at org.codehaus.groovy.runtime.callsite.AbstractCallSite.callConstructor(AbstractCallSite.java:249)
	at io.restassured.internal.ResponseSpecificationImpl$HamcrestAssertionClosure.validate(ResponseSpecificationImpl.groovy:492)
	at io.restassured.internal.ResponseSpecificationImpl$HamcrestAssertionClosure$validate$1.call(Unknown Source)
	at io.restassured.internal.ResponseSpecificationImpl.validateResponseIfRequired(ResponseSpecificationImpl.groovy:655)
	at sun.reflect.GeneratedMethodAccessor107.invoke(Unknown Source)
	at sun.reflect.DelegatingMethodAccessorImpl.invoke(Unknown Source)
	at java.lang.reflect.Method.invoke(Unknown Source)
	at org.codehaus.groovy.runtime.callsite.PlainObjectMetaMethodSite.doInvoke(PlainObjectMetaMethodSite.java:43)
	at org.codehaus.groovy.runtime.callsite.PogoMetaMethodSite$PogoCachedMethodSiteNoUnwrapNoCoerce.invoke(PogoMetaMethodSite.java:190)
	at org.codehaus.groovy.runtime.callsite.PogoMetaMethodSite.callCurrent(PogoMetaMethodSite.java:58)
	at org.codehaus.groovy.runtime.callsite.AbstractCallSite.callCurrent(AbstractCallSite.java:168)
	at io.restassured.internal.ResponseSpecificationImpl.statusCode(ResponseSpecificationImpl.groovy:125)
	at io.restassured.specification.ResponseSpecification$statusCode$0.callCurrent(Unknown Source)
	at io.restassured.internal.ResponseSpecificationImpl.statusCode(ResponseSpecificationImpl.groovy:133)
	at io.restassured.internal.ValidatableResponseOptionsImpl.statusCode(ValidatableResponseOptionsImpl.java:89)
	at io.restassured.internal.ValidatableResponseImpl.super$2$statusCode(ValidatableResponseImpl.groovy)
	at sun.reflect.GeneratedMethodAccessor185.invoke(Unknown Source)
	at sun.reflect.DelegatingMethodAccessorImpl.invoke(Unknown Source)
	at java.lang.reflect.Method.invoke(Unknown Source)
	at org.codehaus.groovy.reflection.CachedMethod.invoke(CachedMethod.java:101)
	at groovy.lang.MetaMethod.doMethodInvoke(MetaMethod.java:323)
	at groovy.lang.MetaClassImpl.invokeMethod(MetaClassImpl.java:1217)
	at org.codehaus.groovy.runtime.ScriptBytecodeAdapter.invokeMethodOnSuperN(ScriptBytecodeAdapter.java:144)
	at io.restassured.internal.ValidatableResponseImpl.statusCode(ValidatableResponseImpl.groovy:142)
	at io.restassured.internal.ValidatableResponseImpl.statusCode(ValidatableResponseImpl.groovy)
	at ApiTest.APITest.SubsAvail(APITest.java:732)
	at sun.reflect.NativeMethodAccessorImpl.invoke0(Native Method)
	at sun.reflect.NativeMethodAccessorImpl.invoke(Unknown Source)
	at sun.reflect.DelegatingMethodAccessorImpl.invoke(Unknown Source)
	at java.lang.reflect.Method.invoke(Unknown Source)
	at org.testng.internal.MethodInvocationHelper.invokeMethod(MethodInvocationHelper.java:124)
	at org.testng.internal.Invoker.invokeMethod(Invoker.java:583)
	at org.testng.internal.Invoker.invokeTestMethod(Invoker.java:719)
	at org.testng.internal.Invoker.invokeTestMethods(Invoker.java:989)
	at org.testng.internal.TestMethodWorker.invokeTestMethods(TestMethodWorker.java:125)
	at org.testng.internal.TestMethodWorker.run(TestMethodWorker.java:109)
	at org.testng.TestRunner.privateRun(TestRunner.java:648)
	at org.testng.TestRunner.run(TestRunner.java:505)
	at org.testng.SuiteRunner.runTest(SuiteRunner.java:455)
	at org.testng.SuiteRunner.runSequentially(SuiteRunner.java:450)
	at org.testng.SuiteRunner.privateRun(SuiteRunner.java:415)
	at org.testng.SuiteRunner.run(SuiteRunner.java:364)
	at org.testng.SuiteRunnerWorker.runSuite(SuiteRunnerWorker.java:52)
	at org.testng.SuiteRunnerWorker.run(SuiteRunnerWorker.java:84)
	at org.testng.TestNG.runSuitesSequentially(TestNG.java:1208)
	at org.testng.TestNG.runSuitesLocally(TestNG.java:1137)
	at org.testng.TestNG.runSuites(TestNG.java:1049)
	at org.testng.TestNG.run(TestNG.java:1017)
	at org.testng.remote.AbstractRemoteTestNG.run(AbstractRemoteTestNG.java:114)
	at org.testng.remote.RemoteTestNG.initAndRun(RemoteTestNG.java:251)
	at org.testng.remote.RemoteTestNG.main(RemoteTestNG.java:77)
</pre></div></td>
<td>1</td>
<td>ApiTest.APITest@ed9d034</td></tr>
<tr>
<td title='ApiTest.APITest.UpdateEmail()'><b>UpdateEmail</b><br>Test class: ApiTest.APITest<br/>
<a href="#Output-366226635" onClick='toggleBox("Output-366226635", this, "Show output", "Hide output");'>Show output</a>

<a href="#Output-366226635" onClick="toggleAllBoxes();">Show all outputs</a>
<div class='log' id="Output-366226635">
Response is: {"message":"emailVerifyCode is not allowed."}<br/>
</div>
</td>
<td><div><pre>java.lang.AssertionError: 1 expectation failed.
Expected status code &lt;200&gt; but was &lt;422&gt;.

	at sun.reflect.NativeConstructorAccessorImpl.newInstance0(Native Method)
	at sun.reflect.NativeConstructorAccessorImpl.newInstance(Unknown Source)
	at sun.reflect.DelegatingConstructorAccessorImpl.newInstance(Unknown Source)
	at java.lang.reflect.Constructor.newInstance(Unknown Source)
	at org.codehaus.groovy.reflection.CachedConstructor.invoke(CachedConstructor.java:80)
	at org.codehaus.groovy.reflection.CachedConstructor.doConstructorInvoke(CachedConstructor.java:74)
	at org.codehaus.groovy.runtime.callsite.ConstructorSite$ConstructorSiteNoUnwrap.callConstructor(ConstructorSite.java:84)
	at org.codehaus.groovy.runtime.callsite.AbstractCallSite.callConstructor(AbstractCallSite.java:249)
	at io.restassured.internal.ResponseSpecificationImpl$HamcrestAssertionClosure.validate(ResponseSpecificationImpl.groovy:492)
	at io.restassured.internal.ResponseSpecificationImpl$HamcrestAssertionClosure$validate$1.call(Unknown Source)
	at io.restassured.internal.ResponseSpecificationImpl.validateResponseIfRequired(ResponseSpecificationImpl.groovy:655)
	at sun.reflect.GeneratedMethodAccessor107.invoke(Unknown Source)
	at sun.reflect.DelegatingMethodAccessorImpl.invoke(Unknown Source)
	at java.lang.reflect.Method.invoke(Unknown Source)
	at org.codehaus.groovy.runtime.callsite.PlainObjectMetaMethodSite.doInvoke(PlainObjectMetaMethodSite.java:43)
	at org.codehaus.groovy.runtime.callsite.PogoMetaMethodSite$PogoCachedMethodSiteNoUnwrapNoCoerce.invoke(PogoMetaMethodSite.java:190)
	at org.codehaus.groovy.runtime.callsite.PogoMetaMethodSite.callCurrent(PogoMetaMethodSite.java:58)
	at org.codehaus.groovy.runtime.callsite.AbstractCallSite.callCurrent(AbstractCallSite.java:168)
	at io.restassured.internal.ResponseSpecificationImpl.statusCode(ResponseSpecificationImpl.groovy:125)
	at io.restassured.specification.ResponseSpecification$statusCode$0.callCurrent(Unknown Source)
	at io.restassured.internal.ResponseSpecificationImpl.statusCode(ResponseSpecificationImpl.groovy:133)
	at io.restassured.internal.ValidatableResponseOptionsImpl.statusCode(ValidatableResponseOptionsImpl.java:89)
	at io.restassured.internal.ValidatableResponseImpl.super$2$statusCode(ValidatableResponseImpl.groovy)
	at sun.reflect.NativeMethodAccessorImpl.invoke0(Native Method)
	at sun.reflect.NativeMethodAccessorImpl.invoke(Unknown Source)
	at sun.reflect.DelegatingMethodAccessorImpl.invoke(Unknown Source)
	at java.lang.reflect.Method.invoke(Unknown Source)
	at org.codehaus.groovy.reflection.CachedMethod.invoke(CachedMethod.java:101)
	at groovy.lang.MetaMethod.doMethodInvoke(MetaMethod.java:323)
	at groovy.lang.MetaClassImpl.invokeMethod(MetaClassImpl.java:1217)
	at org.codehaus.groovy.runtime.ScriptBytecodeAdapter.invokeMethodOnSuperN(ScriptBytecodeAdapter.java:144)
	at io.restassured.internal.ValidatableResponseImpl.statusCode(ValidatableResponseImpl.groovy:142)
	at io.restassured.internal.ValidatableResponseImpl.statusCode(ValidatableResponseImpl.groovy)
	at ApiTest.APITest.UpdateEmail(APITest.java:551)
	at sun.reflect.NativeMethodAccessorImpl.invoke0(Native Method)
	at sun.reflect.NativeMethodAccessorImpl.invoke(Unknown Source)
	at sun.reflect.DelegatingMethodAccessorImpl.invoke(Unknown Source)
	at java.lang.reflect.Method.invoke(Unknown Source)
	at org.testng.internal.MethodInvocationHelper.invokeMethod(MethodInvocationHelper.java:124)
	at org.testng.internal.Invoker.invokeMethod(Invoker.java:583)
	at org.testng.internal.Invoker.invokeTestMethod(Invoker.java:719)
	at org.testng.internal.Invoker.invokeTestMethods(Invoker.java:989)
	at org.testng.internal.TestMethodWorker.invokeTestMethods(TestMethodWorker.java:125)
	at org.testng.internal.TestMethodWorker.run(TestMethodWorker.java:109)
	at org.testng.TestRunner.privateRun(TestRunner.java:648)
	at org.testng.TestRunner.run(TestRunner.java:505)
	at org.testng.SuiteRunner.runTest(SuiteRunner.java:455)
	at org.testng.SuiteRunner.runSequentially(SuiteRunner.java:450)
	at org.testng.SuiteRunner.privateRun(SuiteRunner.java:415)
	at org.testng.SuiteRunner.run(SuiteRunner.java:364)
	at org.testng.SuiteRunnerWorker.runSuite(SuiteRunnerWorker.java:52)
	at org.testng.SuiteRunnerWorker.run(SuiteRunnerWorker.java:84)
	at org.testng.TestNG.runSuitesSequentially(TestNG.java:1208)
	at org.testng.TestNG.runSuitesLocally(TestNG.java:1137)
	at org.testng.TestNG.runSuites(TestNG.java:1049)
	at org.testng.TestNG.run(TestNG.java:1017)
	at org.testng.remote.AbstractRemoteTestNG.run(AbstractRemoteTestNG.java:114)
	at org.testng.remote.RemoteTestNG.initAndRun(RemoteTestNG.java:251)
	at org.testng.remote.RemoteTestNG.main(RemoteTestNG.java:77)
</pre></div><a href='#' onClick='toggleBox("stack-trace366226635", this, "Click to show all stack frames", "Click to hide stack frames")'>Click to show all stack frames</a>
<div class='stack-trace' id='stack-trace366226635'><pre>java.lang.AssertionError: 1 expectation failed.
Expected status code &lt;200&gt; but was &lt;422&gt;.

	at sun.reflect.NativeConstructorAccessorImpl.newInstance0(Native Method)
	at sun.reflect.NativeConstructorAccessorImpl.newInstance(Unknown Source)
	at sun.reflect.DelegatingConstructorAccessorImpl.newInstance(Unknown Source)
	at java.lang.reflect.Constructor.newInstance(Unknown Source)
	at org.codehaus.groovy.reflection.CachedConstructor.invoke(CachedConstructor.java:80)
	at org.codehaus.groovy.reflection.CachedConstructor.doConstructorInvoke(CachedConstructor.java:74)
	at org.codehaus.groovy.runtime.callsite.ConstructorSite$ConstructorSiteNoUnwrap.callConstructor(ConstructorSite.java:84)
	at org.codehaus.groovy.runtime.callsite.AbstractCallSite.callConstructor(AbstractCallSite.java:249)
	at io.restassured.internal.ResponseSpecificationImpl$HamcrestAssertionClosure.validate(ResponseSpecificationImpl.groovy:492)
	at io.restassured.internal.ResponseSpecificationImpl$HamcrestAssertionClosure$validate$1.call(Unknown Source)
	at io.restassured.internal.ResponseSpecificationImpl.validateResponseIfRequired(ResponseSpecificationImpl.groovy:655)
	at sun.reflect.GeneratedMethodAccessor107.invoke(Unknown Source)
	at sun.reflect.DelegatingMethodAccessorImpl.invoke(Unknown Source)
	at java.lang.reflect.Method.invoke(Unknown Source)
	at org.codehaus.groovy.runtime.callsite.PlainObjectMetaMethodSite.doInvoke(PlainObjectMetaMethodSite.java:43)
	at org.codehaus.groovy.runtime.callsite.PogoMetaMethodSite$PogoCachedMethodSiteNoUnwrapNoCoerce.invoke(PogoMetaMethodSite.java:190)
	at org.codehaus.groovy.runtime.callsite.PogoMetaMethodSite.callCurrent(PogoMetaMethodSite.java:58)
	at org.codehaus.groovy.runtime.callsite.AbstractCallSite.callCurrent(AbstractCallSite.java:168)
	at io.restassured.internal.ResponseSpecificationImpl.statusCode(ResponseSpecificationImpl.groovy:125)
	at io.restassured.specification.ResponseSpecification$statusCode$0.callCurrent(Unknown Source)
	at io.restassured.internal.ResponseSpecificationImpl.statusCode(ResponseSpecificationImpl.groovy:133)
	at io.restassured.internal.ValidatableResponseOptionsImpl.statusCode(ValidatableResponseOptionsImpl.java:89)
	at io.restassured.internal.ValidatableResponseImpl.super$2$statusCode(ValidatableResponseImpl.groovy)
	at sun.reflect.NativeMethodAccessorImpl.invoke0(Native Method)
	at sun.reflect.NativeMethodAccessorImpl.invoke(Unknown Source)
	at sun.reflect.DelegatingMethodAccessorImpl.invoke(Unknown Source)
	at java.lang.reflect.Method.invoke(Unknown Source)
	at org.codehaus.groovy.reflection.CachedMethod.invoke(CachedMethod.java:101)
	at groovy.lang.MetaMethod.doMethodInvoke(MetaMethod.java:323)
	at groovy.lang.MetaClassImpl.invokeMethod(MetaClassImpl.java:1217)
	at org.codehaus.groovy.runtime.ScriptBytecodeAdapter.invokeMethodOnSuperN(ScriptBytecodeAdapter.java:144)
	at io.restassured.internal.ValidatableResponseImpl.statusCode(ValidatableResponseImpl.groovy:142)
	at io.restassured.internal.ValidatableResponseImpl.statusCode(ValidatableResponseImpl.groovy)
	at ApiTest.APITest.UpdateEmail(APITest.java:551)
	at sun.reflect.NativeMethodAccessorImpl.invoke0(Native Method)
	at sun.reflect.NativeMethodAccessorImpl.invoke(Unknown Source)
	at sun.reflect.DelegatingMethodAccessorImpl.invoke(Unknown Source)
	at java.lang.reflect.Method.invoke(Unknown Source)
	at org.testng.internal.MethodInvocationHelper.invokeMethod(MethodInvocationHelper.java:124)
	at org.testng.internal.Invoker.invokeMethod(Invoker.java:583)
	at org.testng.internal.Invoker.invokeTestMethod(Invoker.java:719)
	at org.testng.internal.Invoker.invokeTestMethods(Invoker.java:989)
	at org.testng.internal.TestMethodWorker.invokeTestMethods(TestMethodWorker.java:125)
	at org.testng.internal.TestMethodWorker.run(TestMethodWorker.java:109)
	at org.testng.TestRunner.privateRun(TestRunner.java:648)
	at org.testng.TestRunner.run(TestRunner.java:505)
	at org.testng.SuiteRunner.runTest(SuiteRunner.java:455)
	at org.testng.SuiteRunner.runSequentially(SuiteRunner.java:450)
	at org.testng.SuiteRunner.privateRun(SuiteRunner.java:415)
	at org.testng.SuiteRunner.run(SuiteRunner.java:364)
	at org.testng.SuiteRunnerWorker.runSuite(SuiteRunnerWorker.java:52)
	at org.testng.SuiteRunnerWorker.run(SuiteRunnerWorker.java:84)
	at org.testng.TestNG.runSuitesSequentially(TestNG.java:1208)
	at org.testng.TestNG.runSuitesLocally(TestNG.java:1137)
	at org.testng.TestNG.runSuites(TestNG.java:1049)
	at org.testng.TestNG.run(TestNG.java:1017)
	at org.testng.remote.AbstractRemoteTestNG.run(AbstractRemoteTestNG.java:114)
	at org.testng.remote.RemoteTestNG.initAndRun(RemoteTestNG.java:251)
	at org.testng.remote.RemoteTestNG.main(RemoteTestNG.java:77)
</pre></div></td>
<td>0</td>
<td>ApiTest.APITest@ed9d034</td></tr>
<tr>
<td title='ApiTest.APITest.changePassword()'><b>changePassword</b><br>Test class: ApiTest.APITest<br/>
<a href="#Output-1237416868" onClick='toggleBox("Output-1237416868", this, "Show output", "Hide output");'>Show output</a>

<a href="#Output-1237416868" onClick="toggleAllBoxes();">Show all outputs</a>
<div class='log' id="Output-1237416868">
Response is: {"message":"New Password must be alphanumeric and minimum 8 character."}<br/>
</div>
</td>
<td><div><pre>java.lang.AssertionError: 1 expectation failed.
Expected status code &lt;200&gt; but was &lt;422&gt;.

	at sun.reflect.NativeConstructorAccessorImpl.newInstance0(Native Method)
	at sun.reflect.NativeConstructorAccessorImpl.newInstance(Unknown Source)
	at sun.reflect.DelegatingConstructorAccessorImpl.newInstance(Unknown Source)
	at java.lang.reflect.Constructor.newInstance(Unknown Source)
	at org.codehaus.groovy.reflection.CachedConstructor.invoke(CachedConstructor.java:80)
	at org.codehaus.groovy.reflection.CachedConstructor.doConstructorInvoke(CachedConstructor.java:74)
	at org.codehaus.groovy.runtime.callsite.ConstructorSite$ConstructorSiteNoUnwrap.callConstructor(ConstructorSite.java:84)
	at org.codehaus.groovy.runtime.callsite.AbstractCallSite.callConstructor(AbstractCallSite.java:249)
	at io.restassured.internal.ResponseSpecificationImpl$HamcrestAssertionClosure.validate(ResponseSpecificationImpl.groovy:492)
	at io.restassured.internal.ResponseSpecificationImpl$HamcrestAssertionClosure$validate$1.call(Unknown Source)
	at io.restassured.internal.ResponseSpecificationImpl.validateResponseIfRequired(ResponseSpecificationImpl.groovy:655)
	at sun.reflect.NativeMethodAccessorImpl.invoke0(Native Method)
	at sun.reflect.NativeMethodAccessorImpl.invoke(Unknown Source)
	at sun.reflect.DelegatingMethodAccessorImpl.invoke(Unknown Source)
	at java.lang.reflect.Method.invoke(Unknown Source)
	at org.codehaus.groovy.runtime.callsite.PlainObjectMetaMethodSite.doInvoke(PlainObjectMetaMethodSite.java:43)
	at org.codehaus.groovy.runtime.callsite.PogoMetaMethodSite$PogoCachedMethodSiteNoUnwrapNoCoerce.invoke(PogoMetaMethodSite.java:190)
	at org.codehaus.groovy.runtime.callsite.PogoMetaMethodSite.callCurrent(PogoMetaMethodSite.java:58)
	at org.codehaus.groovy.runtime.callsite.AbstractCallSite.callCurrent(AbstractCallSite.java:168)
	at io.restassured.internal.ResponseSpecificationImpl.statusCode(ResponseSpecificationImpl.groovy:125)
	at io.restassured.specification.ResponseSpecification$statusCode$0.callCurrent(Unknown Source)
	at io.restassured.internal.ResponseSpecificationImpl.statusCode(ResponseSpecificationImpl.groovy:133)
	at io.restassured.internal.ValidatableResponseOptionsImpl.statusCode(ValidatableResponseOptionsImpl.java:89)
	at io.restassured.internal.ValidatableResponseImpl.super$2$statusCode(ValidatableResponseImpl.groovy)
	at sun.reflect.NativeMethodAccessorImpl.invoke0(Native Method)
	at sun.reflect.NativeMethodAccessorImpl.invoke(Unknown Source)
	at sun.reflect.DelegatingMethodAccessorImpl.invoke(Unknown Source)
	at java.lang.reflect.Method.invoke(Unknown Source)
	at org.codehaus.groovy.reflection.CachedMethod.invoke(CachedMethod.java:101)
	at groovy.lang.MetaMethod.doMethodInvoke(MetaMethod.java:323)
	at groovy.lang.MetaClassImpl.invokeMethod(MetaClassImpl.java:1217)
	at org.codehaus.groovy.runtime.ScriptBytecodeAdapter.invokeMethodOnSuperN(ScriptBytecodeAdapter.java:144)
	at io.restassured.internal.ValidatableResponseImpl.statusCode(ValidatableResponseImpl.groovy:142)
	at io.restassured.internal.ValidatableResponseImpl.statusCode(ValidatableResponseImpl.groovy)
	at ApiTest.APITest.changePassword(APITest.java:414)
	at sun.reflect.NativeMethodAccessorImpl.invoke0(Native Method)
	at sun.reflect.NativeMethodAccessorImpl.invoke(Unknown Source)
	at sun.reflect.DelegatingMethodAccessorImpl.invoke(Unknown Source)
	at java.lang.reflect.Method.invoke(Unknown Source)
	at org.testng.internal.MethodInvocationHelper.invokeMethod(MethodInvocationHelper.java:124)
	at org.testng.internal.Invoker.invokeMethod(Invoker.java:583)
	at org.testng.internal.Invoker.invokeTestMethod(Invoker.java:719)
	at org.testng.internal.Invoker.invokeTestMethods(Invoker.java:989)
	at org.testng.internal.TestMethodWorker.invokeTestMethods(TestMethodWorker.java:125)
	at org.testng.internal.TestMethodWorker.run(TestMethodWorker.java:109)
	at org.testng.TestRunner.privateRun(TestRunner.java:648)
	at org.testng.TestRunner.run(TestRunner.java:505)
	at org.testng.SuiteRunner.runTest(SuiteRunner.java:455)
	at org.testng.SuiteRunner.runSequentially(SuiteRunner.java:450)
	at org.testng.SuiteRunner.privateRun(SuiteRunner.java:415)
	at org.testng.SuiteRunner.run(SuiteRunner.java:364)
	at org.testng.SuiteRunnerWorker.runSuite(SuiteRunnerWorker.java:52)
	at org.testng.SuiteRunnerWorker.run(SuiteRunnerWorker.java:84)
	at org.testng.TestNG.runSuitesSequentially(TestNG.java:1208)
	at org.testng.TestNG.runSuitesLocally(TestNG.java:1137)
	at org.testng.TestNG.runSuites(TestNG.java:1049)
	at org.testng.TestNG.run(TestNG.java:1017)
	at org.testng.remote.AbstractRemoteTestNG.run(AbstractRemoteTestNG.java:114)
	at org.testng.remote.RemoteTestNG.initAndRun(RemoteTestNG.java:251)
	at org.testng.remote.RemoteTestNG.main(RemoteTestNG.java:77)
</pre></div><a href='#' onClick='toggleBox("stack-trace1237416868", this, "Click to show all stack frames", "Click to hide stack frames")'>Click to show all stack frames</a>
<div class='stack-trace' id='stack-trace1237416868'><pre>java.lang.AssertionError: 1 expectation failed.
Expected status code &lt;200&gt; but was &lt;422&gt;.

	at sun.reflect.NativeConstructorAccessorImpl.newInstance0(Native Method)
	at sun.reflect.NativeConstructorAccessorImpl.newInstance(Unknown Source)
	at sun.reflect.DelegatingConstructorAccessorImpl.newInstance(Unknown Source)
	at java.lang.reflect.Constructor.newInstance(Unknown Source)
	at org.codehaus.groovy.reflection.CachedConstructor.invoke(CachedConstructor.java:80)
	at org.codehaus.groovy.reflection.CachedConstructor.doConstructorInvoke(CachedConstructor.java:74)
	at org.codehaus.groovy.runtime.callsite.ConstructorSite$ConstructorSiteNoUnwrap.callConstructor(ConstructorSite.java:84)
	at org.codehaus.groovy.runtime.callsite.AbstractCallSite.callConstructor(AbstractCallSite.java:249)
	at io.restassured.internal.ResponseSpecificationImpl$HamcrestAssertionClosure.validate(ResponseSpecificationImpl.groovy:492)
	at io.restassured.internal.ResponseSpecificationImpl$HamcrestAssertionClosure$validate$1.call(Unknown Source)
	at io.restassured.internal.ResponseSpecificationImpl.validateResponseIfRequired(ResponseSpecificationImpl.groovy:655)
	at sun.reflect.NativeMethodAccessorImpl.invoke0(Native Method)
	at sun.reflect.NativeMethodAccessorImpl.invoke(Unknown Source)
	at sun.reflect.DelegatingMethodAccessorImpl.invoke(Unknown Source)
	at java.lang.reflect.Method.invoke(Unknown Source)
	at org.codehaus.groovy.runtime.callsite.PlainObjectMetaMethodSite.doInvoke(PlainObjectMetaMethodSite.java:43)
	at org.codehaus.groovy.runtime.callsite.PogoMetaMethodSite$PogoCachedMethodSiteNoUnwrapNoCoerce.invoke(PogoMetaMethodSite.java:190)
	at org.codehaus.groovy.runtime.callsite.PogoMetaMethodSite.callCurrent(PogoMetaMethodSite.java:58)
	at org.codehaus.groovy.runtime.callsite.AbstractCallSite.callCurrent(AbstractCallSite.java:168)
	at io.restassured.internal.ResponseSpecificationImpl.statusCode(ResponseSpecificationImpl.groovy:125)
	at io.restassured.specification.ResponseSpecification$statusCode$0.callCurrent(Unknown Source)
	at io.restassured.internal.ResponseSpecificationImpl.statusCode(ResponseSpecificationImpl.groovy:133)
	at io.restassured.internal.ValidatableResponseOptionsImpl.statusCode(ValidatableResponseOptionsImpl.java:89)
	at io.restassured.internal.ValidatableResponseImpl.super$2$statusCode(ValidatableResponseImpl.groovy)
	at sun.reflect.NativeMethodAccessorImpl.invoke0(Native Method)
	at sun.reflect.NativeMethodAccessorImpl.invoke(Unknown Source)
	at sun.reflect.DelegatingMethodAccessorImpl.invoke(Unknown Source)
	at java.lang.reflect.Method.invoke(Unknown Source)
	at org.codehaus.groovy.reflection.CachedMethod.invoke(CachedMethod.java:101)
	at groovy.lang.MetaMethod.doMethodInvoke(MetaMethod.java:323)
	at groovy.lang.MetaClassImpl.invokeMethod(MetaClassImpl.java:1217)
	at org.codehaus.groovy.runtime.ScriptBytecodeAdapter.invokeMethodOnSuperN(ScriptBytecodeAdapter.java:144)
	at io.restassured.internal.ValidatableResponseImpl.statusCode(ValidatableResponseImpl.groovy:142)
	at io.restassured.internal.ValidatableResponseImpl.statusCode(ValidatableResponseImpl.groovy)
	at ApiTest.APITest.changePassword(APITest.java:414)
	at sun.reflect.NativeMethodAccessorImpl.invoke0(Native Method)
	at sun.reflect.NativeMethodAccessorImpl.invoke(Unknown Source)
	at sun.reflect.DelegatingMethodAccessorImpl.invoke(Unknown Source)
	at java.lang.reflect.Method.invoke(Unknown Source)
	at org.testng.internal.MethodInvocationHelper.invokeMethod(MethodInvocationHelper.java:124)
	at org.testng.internal.Invoker.invokeMethod(Invoker.java:583)
	at org.testng.internal.Invoker.invokeTestMethod(Invoker.java:719)
	at org.testng.internal.Invoker.invokeTestMethods(Invoker.java:989)
	at org.testng.internal.TestMethodWorker.invokeTestMethods(TestMethodWorker.java:125)
	at org.testng.internal.TestMethodWorker.run(TestMethodWorker.java:109)
	at org.testng.TestRunner.privateRun(TestRunner.java:648)
	at org.testng.TestRunner.run(TestRunner.java:505)
	at org.testng.SuiteRunner.runTest(SuiteRunner.java:455)
	at org.testng.SuiteRunner.runSequentially(SuiteRunner.java:450)
	at org.testng.SuiteRunner.privateRun(SuiteRunner.java:415)
	at org.testng.SuiteRunner.run(SuiteRunner.java:364)
	at org.testng.SuiteRunnerWorker.runSuite(SuiteRunnerWorker.java:52)
	at org.testng.SuiteRunnerWorker.run(SuiteRunnerWorker.java:84)
	at org.testng.TestNG.runSuitesSequentially(TestNG.java:1208)
	at org.testng.TestNG.runSuitesLocally(TestNG.java:1137)
	at org.testng.TestNG.runSuites(TestNG.java:1049)
	at org.testng.TestNG.run(TestNG.java:1017)
	at org.testng.remote.AbstractRemoteTestNG.run(AbstractRemoteTestNG.java:114)
	at org.testng.remote.RemoteTestNG.initAndRun(RemoteTestNG.java:251)
	at org.testng.remote.RemoteTestNG.main(RemoteTestNG.java:77)
</pre></div></td>
<td>0</td>
<td>ApiTest.APITest@ed9d034</td></tr>
<tr>
<td title='ApiTest.APITest.registerUser()'><b>registerUser</b><br>Test class: ApiTest.APITest<br>Parameters: {firstName=Yangjee, lastName=Rai, password=12345678a, TestCaseName=Using valid data, email=yangjee5@getnada.com}</td>
<td><div><pre>java.lang.AssertionError: 1 expectation failed.
Expected status code &lt;200&gt; but was &lt;409&gt;.

	at sun.reflect.NativeConstructorAccessorImpl.newInstance0(Native Method)
	at sun.reflect.NativeConstructorAccessorImpl.newInstance(Unknown Source)
	at sun.reflect.DelegatingConstructorAccessorImpl.newInstance(Unknown Source)
	at java.lang.reflect.Constructor.newInstance(Unknown Source)
	at org.codehaus.groovy.reflection.CachedConstructor.invoke(CachedConstructor.java:80)
	at org.codehaus.groovy.reflection.CachedConstructor.doConstructorInvoke(CachedConstructor.java:74)
	at org.codehaus.groovy.runtime.callsite.ConstructorSite$ConstructorSiteNoUnwrap.callConstructor(ConstructorSite.java:84)
	at org.codehaus.groovy.runtime.callsite.CallSiteArray.defaultCallConstructor(CallSiteArray.java:59)
	at org.codehaus.groovy.runtime.callsite.AbstractCallSite.callConstructor(AbstractCallSite.java:237)
	at org.codehaus.groovy.runtime.callsite.AbstractCallSite.callConstructor(AbstractCallSite.java:249)
	at io.restassured.internal.ResponseSpecificationImpl$HamcrestAssertionClosure.validate(ResponseSpecificationImpl.groovy:492)
	at io.restassured.internal.ResponseSpecificationImpl$HamcrestAssertionClosure$validate$1.call(Unknown Source)
	at org.codehaus.groovy.runtime.callsite.CallSiteArray.defaultCall(CallSiteArray.java:47)
	at org.codehaus.groovy.runtime.callsite.AbstractCallSite.call(AbstractCallSite.java:115)
	at org.codehaus.groovy.runtime.callsite.AbstractCallSite.call(AbstractCallSite.java:127)
	at io.restassured.internal.ResponseSpecificationImpl.validateResponseIfRequired(ResponseSpecificationImpl.groovy:655)
	at sun.reflect.NativeMethodAccessorImpl.invoke0(Native Method)
	at sun.reflect.NativeMethodAccessorImpl.invoke(Unknown Source)
	at sun.reflect.DelegatingMethodAccessorImpl.invoke(Unknown Source)
	at java.lang.reflect.Method.invoke(Unknown Source)
	at org.codehaus.groovy.runtime.callsite.PlainObjectMetaMethodSite.doInvoke(PlainObjectMetaMethodSite.java:43)
	at org.codehaus.groovy.runtime.callsite.PogoMetaMethodSite$PogoCachedMethodSiteNoUnwrapNoCoerce.invoke(PogoMetaMethodSite.java:190)
	at org.codehaus.groovy.runtime.callsite.PogoMetaMethodSite.callCurrent(PogoMetaMethodSite.java:58)
	at org.codehaus.groovy.runtime.callsite.CallSiteArray.defaultCallCurrent(CallSiteArray.java:51)
	at org.codehaus.groovy.runtime.callsite.AbstractCallSite.callCurrent(AbstractCallSite.java:156)
	at org.codehaus.groovy.runtime.callsite.AbstractCallSite.callCurrent(AbstractCallSite.java:168)
	at io.restassured.internal.ResponseSpecificationImpl.statusCode(ResponseSpecificationImpl.groovy:125)
	at io.restassured.specification.ResponseSpecification$statusCode$0.callCurrent(Unknown Source)
	at org.codehaus.groovy.runtime.callsite.CallSiteArray.defaultCallCurrent(CallSiteArray.java:51)
	at org.codehaus.groovy.runtime.callsite.AbstractCallSite.callCurrent(AbstractCallSite.java:156)
	at org.codehaus.groovy.runtime.callsite.AbstractCallSite.callCurrent(AbstractCallSite.java:168)
	at io.restassured.internal.ResponseSpecificationImpl.statusCode(ResponseSpecificationImpl.groovy:133)
	at io.restassured.internal.ValidatableResponseOptionsImpl.statusCode(ValidatableResponseOptionsImpl.java:89)
	at io.restassured.internal.ValidatableResponseImpl.super$2$statusCode(ValidatableResponseImpl.groovy)
	at sun.reflect.NativeMethodAccessorImpl.invoke0(Native Method)
	at sun.reflect.NativeMethodAccessorImpl.invoke(Unknown Source)
	at sun.reflect.DelegatingMethodAccessorImpl.invoke(Unknown Source)
	at java.lang.reflect.Method.invoke(Unknown Source)
	at org.codehaus.groovy.reflection.CachedMethod.invoke(CachedMethod.java:101)
	at groovy.lang.MetaMethod.doMethodInvoke(MetaMethod.java:323)
	at groovy.lang.MetaClassImpl.invokeMethod(MetaClassImpl.java:1217)
	at org.codehaus.groovy.runtime.ScriptBytecodeAdapter.invokeMethodOnSuperN(ScriptBytecodeAdapter.java:144)
	at io.restassured.internal.ValidatableResponseImpl.statusCode(ValidatableResponseImpl.groovy:142)
	at io.restassured.internal.ValidatableResponseImpl.statusCode(ValidatableResponseImpl.groovy)
	at ApiTest.APITest.registerUser(APITest.java:105)
	at sun.reflect.NativeMethodAccessorImpl.invoke0(Native Method)
	at sun.reflect.NativeMethodAccessorImpl.invoke(Unknown Source)
	at sun.reflect.DelegatingMethodAccessorImpl.invoke(Unknown Source)
	at java.lang.reflect.Method.invoke(Unknown Source)
	at org.testng.internal.MethodInvocationHelper.invokeMethod(MethodInvocationHelper.java:124)
	at org.testng.internal.Invoker.invokeMethod(Invoker.java:583)
	at org.testng.internal.Invoker.invokeTestMethod(Invoker.java:719)
	at org.testng.internal.Invoker.invokeTestMethods(Invoker.java:989)
	at org.testng.internal.TestMethodWorker.invokeTestMethods(TestMethodWorker.java:125)
	at org.testng.internal.TestMethodWorker.run(TestMethodWorker.java:109)
	at org.testng.TestRunner.privateRun(TestRunner.java:648)
	at org.testng.TestRunner.run(TestRunner.java:505)
	at org.testng.SuiteRunner.runTest(SuiteRunner.java:455)
	at org.testng.SuiteRunner.runSequentially(SuiteRunner.java:450)
	at org.testng.SuiteRunner.privateRun(SuiteRunner.java:415)
	at org.testng.SuiteRunner.run(SuiteRunner.java:364)
	at org.testng.SuiteRunnerWorker.runSuite(SuiteRunnerWorker.java:52)
	at org.testng.SuiteRunnerWorker.run(SuiteRunnerWorker.java:84)
	at org.testng.TestNG.runSuitesSequentially(TestNG.java:1208)
	at org.testng.TestNG.runSuitesLocally(TestNG.java:1137)
	at org.testng.TestNG.runSuites(TestNG.java:1049)
	at org.testng.TestNG.run(TestNG.java:1017)
	at org.testng.remote.AbstractRemoteTestNG.run(AbstractRemoteTestNG.java:114)
	at org.testng.remote.RemoteTestNG.initAndRun(RemoteTestNG.java:251)
	at org.testng.remote.RemoteTestNG.main(RemoteTestNG.java:77)
</pre></div><a href='#' onClick='toggleBox("stack-trace893320639", this, "Click to show all stack frames", "Click to hide stack frames")'>Click to show all stack frames</a>
<div class='stack-trace' id='stack-trace893320639'><pre>java.lang.AssertionError: 1 expectation failed.
Expected status code &lt;200&gt; but was &lt;409&gt;.

	at sun.reflect.NativeConstructorAccessorImpl.newInstance0(Native Method)
	at sun.reflect.NativeConstructorAccessorImpl.newInstance(Unknown Source)
	at sun.reflect.DelegatingConstructorAccessorImpl.newInstance(Unknown Source)
	at java.lang.reflect.Constructor.newInstance(Unknown Source)
	at org.codehaus.groovy.reflection.CachedConstructor.invoke(CachedConstructor.java:80)
	at org.codehaus.groovy.reflection.CachedConstructor.doConstructorInvoke(CachedConstructor.java:74)
	at org.codehaus.groovy.runtime.callsite.ConstructorSite$ConstructorSiteNoUnwrap.callConstructor(ConstructorSite.java:84)
	at org.codehaus.groovy.runtime.callsite.CallSiteArray.defaultCallConstructor(CallSiteArray.java:59)
	at org.codehaus.groovy.runtime.callsite.AbstractCallSite.callConstructor(AbstractCallSite.java:237)
	at org.codehaus.groovy.runtime.callsite.AbstractCallSite.callConstructor(AbstractCallSite.java:249)
	at io.restassured.internal.ResponseSpecificationImpl$HamcrestAssertionClosure.validate(ResponseSpecificationImpl.groovy:492)
	at io.restassured.internal.ResponseSpecificationImpl$HamcrestAssertionClosure$validate$1.call(Unknown Source)
	at org.codehaus.groovy.runtime.callsite.CallSiteArray.defaultCall(CallSiteArray.java:47)
	at org.codehaus.groovy.runtime.callsite.AbstractCallSite.call(AbstractCallSite.java:115)
	at org.codehaus.groovy.runtime.callsite.AbstractCallSite.call(AbstractCallSite.java:127)
	at io.restassured.internal.ResponseSpecificationImpl.validateResponseIfRequired(ResponseSpecificationImpl.groovy:655)
	at sun.reflect.NativeMethodAccessorImpl.invoke0(Native Method)
	at sun.reflect.NativeMethodAccessorImpl.invoke(Unknown Source)
	at sun.reflect.DelegatingMethodAccessorImpl.invoke(Unknown Source)
	at java.lang.reflect.Method.invoke(Unknown Source)
	at org.codehaus.groovy.runtime.callsite.PlainObjectMetaMethodSite.doInvoke(PlainObjectMetaMethodSite.java:43)
	at org.codehaus.groovy.runtime.callsite.PogoMetaMethodSite$PogoCachedMethodSiteNoUnwrapNoCoerce.invoke(PogoMetaMethodSite.java:190)
	at org.codehaus.groovy.runtime.callsite.PogoMetaMethodSite.callCurrent(PogoMetaMethodSite.java:58)
	at org.codehaus.groovy.runtime.callsite.CallSiteArray.defaultCallCurrent(CallSiteArray.java:51)
	at org.codehaus.groovy.runtime.callsite.AbstractCallSite.callCurrent(AbstractCallSite.java:156)
	at org.codehaus.groovy.runtime.callsite.AbstractCallSite.callCurrent(AbstractCallSite.java:168)
	at io.restassured.internal.ResponseSpecificationImpl.statusCode(ResponseSpecificationImpl.groovy:125)
	at io.restassured.specification.ResponseSpecification$statusCode$0.callCurrent(Unknown Source)
	at org.codehaus.groovy.runtime.callsite.CallSiteArray.defaultCallCurrent(CallSiteArray.java:51)
	at org.codehaus.groovy.runtime.callsite.AbstractCallSite.callCurrent(AbstractCallSite.java:156)
	at org.codehaus.groovy.runtime.callsite.AbstractCallSite.callCurrent(AbstractCallSite.java:168)
	at io.restassured.internal.ResponseSpecificationImpl.statusCode(ResponseSpecificationImpl.groovy:133)
	at io.restassured.internal.ValidatableResponseOptionsImpl.statusCode(ValidatableResponseOptionsImpl.java:89)
	at io.restassured.internal.ValidatableResponseImpl.super$2$statusCode(ValidatableResponseImpl.groovy)
	at sun.reflect.NativeMethodAccessorImpl.invoke0(Native Method)
	at sun.reflect.NativeMethodAccessorImpl.invoke(Unknown Source)
	at sun.reflect.DelegatingMethodAccessorImpl.invoke(Unknown Source)
	at java.lang.reflect.Method.invoke(Unknown Source)
	at org.codehaus.groovy.reflection.CachedMethod.invoke(CachedMethod.java:101)
	at groovy.lang.MetaMethod.doMethodInvoke(MetaMethod.java:323)
	at groovy.lang.MetaClassImpl.invokeMethod(MetaClassImpl.java:1217)
	at org.codehaus.groovy.runtime.ScriptBytecodeAdapter.invokeMethodOnSuperN(ScriptBytecodeAdapter.java:144)
	at io.restassured.internal.ValidatableResponseImpl.statusCode(ValidatableResponseImpl.groovy:142)
	at io.restassured.internal.ValidatableResponseImpl.statusCode(ValidatableResponseImpl.groovy)
	at ApiTest.APITest.registerUser(APITest.java:105)
	at sun.reflect.NativeMethodAccessorImpl.invoke0(Native Method)
	at sun.reflect.NativeMethodAccessorImpl.invoke(Unknown Source)
	at sun.reflect.DelegatingMethodAccessorImpl.invoke(Unknown Source)
	at java.lang.reflect.Method.invoke(Unknown Source)
	at org.testng.internal.MethodInvocationHelper.invokeMethod(MethodInvocationHelper.java:124)
	at org.testng.internal.Invoker.invokeMethod(Invoker.java:583)
	at org.testng.internal.Invoker.invokeTestMethod(Invoker.java:719)
	at org.testng.internal.Invoker.invokeTestMethods(Invoker.java:989)
	at org.testng.internal.TestMethodWorker.invokeTestMethods(TestMethodWorker.java:125)
	at org.testng.internal.TestMethodWorker.run(TestMethodWorker.java:109)
	at org.testng.TestRunner.privateRun(TestRunner.java:648)
	at org.testng.TestRunner.run(TestRunner.java:505)
	at org.testng.SuiteRunner.runTest(SuiteRunner.java:455)
	at org.testng.SuiteRunner.runSequentially(SuiteRunner.java:450)
	at org.testng.SuiteRunner.privateRun(SuiteRunner.java:415)
	at org.testng.SuiteRunner.run(SuiteRunner.java:364)
	at org.testng.SuiteRunnerWorker.runSuite(SuiteRunnerWorker.java:52)
	at org.testng.SuiteRunnerWorker.run(SuiteRunnerWorker.java:84)
	at org.testng.TestNG.runSuitesSequentially(TestNG.java:1208)
	at org.testng.TestNG.runSuitesLocally(TestNG.java:1137)
	at org.testng.TestNG.runSuites(TestNG.java:1049)
	at org.testng.TestNG.run(TestNG.java:1017)
	at org.testng.remote.AbstractRemoteTestNG.run(AbstractRemoteTestNG.java:114)
	at org.testng.remote.RemoteTestNG.initAndRun(RemoteTestNG.java:251)
	at org.testng.remote.RemoteTestNG.main(RemoteTestNG.java:77)
</pre></div></td>
<td>5</td>
<td>ApiTest.APITest@ed9d034</td></tr>
<tr>
<td title='ApiTest.APITest.registerUser()'><b>registerUser</b><br>Test class: ApiTest.APITest<br>Parameters: {firstName=Yangjee, lastName=Rai, password=12345678a, TestCaseName=Using invalid email, email=yangjee@}</td>
<td><div><pre>java.lang.AssertionError: 1 expectation failed.
Expected status code &lt;200&gt; but was &lt;422&gt;.

	at sun.reflect.NativeConstructorAccessorImpl.newInstance0(Native Method)
	at sun.reflect.NativeConstructorAccessorImpl.newInstance(Unknown Source)
	at sun.reflect.DelegatingConstructorAccessorImpl.newInstance(Unknown Source)
	at java.lang.reflect.Constructor.newInstance(Unknown Source)
	at org.codehaus.groovy.reflection.CachedConstructor.invoke(CachedConstructor.java:80)
	at org.codehaus.groovy.reflection.CachedConstructor.doConstructorInvoke(CachedConstructor.java:74)
	at org.codehaus.groovy.runtime.callsite.ConstructorSite$ConstructorSiteNoUnwrap.callConstructor(ConstructorSite.java:84)
	at org.codehaus.groovy.runtime.callsite.AbstractCallSite.callConstructor(AbstractCallSite.java:249)
	at io.restassured.internal.ResponseSpecificationImpl$HamcrestAssertionClosure.validate(ResponseSpecificationImpl.groovy:492)
	at io.restassured.internal.ResponseSpecificationImpl$HamcrestAssertionClosure$validate$1.call(Unknown Source)
	at io.restassured.internal.ResponseSpecificationImpl.validateResponseIfRequired(ResponseSpecificationImpl.groovy:655)
	at sun.reflect.NativeMethodAccessorImpl.invoke0(Native Method)
	at sun.reflect.NativeMethodAccessorImpl.invoke(Unknown Source)
	at sun.reflect.DelegatingMethodAccessorImpl.invoke(Unknown Source)
	at java.lang.reflect.Method.invoke(Unknown Source)
	at org.codehaus.groovy.runtime.callsite.PlainObjectMetaMethodSite.doInvoke(PlainObjectMetaMethodSite.java:43)
	at org.codehaus.groovy.runtime.callsite.PogoMetaMethodSite$PogoCachedMethodSiteNoUnwrapNoCoerce.invoke(PogoMetaMethodSite.java:190)
	at org.codehaus.groovy.runtime.callsite.PogoMetaMethodSite.callCurrent(PogoMetaMethodSite.java:58)
	at org.codehaus.groovy.runtime.callsite.AbstractCallSite.callCurrent(AbstractCallSite.java:168)
	at io.restassured.internal.ResponseSpecificationImpl.statusCode(ResponseSpecificationImpl.groovy:125)
	at io.restassured.specification.ResponseSpecification$statusCode$0.callCurrent(Unknown Source)
	at io.restassured.internal.ResponseSpecificationImpl.statusCode(ResponseSpecificationImpl.groovy:133)
	at io.restassured.internal.ValidatableResponseOptionsImpl.statusCode(ValidatableResponseOptionsImpl.java:89)
	at io.restassured.internal.ValidatableResponseImpl.super$2$statusCode(ValidatableResponseImpl.groovy)
	at sun.reflect.NativeMethodAccessorImpl.invoke0(Native Method)
	at sun.reflect.NativeMethodAccessorImpl.invoke(Unknown Source)
	at sun.reflect.DelegatingMethodAccessorImpl.invoke(Unknown Source)
	at java.lang.reflect.Method.invoke(Unknown Source)
	at org.codehaus.groovy.reflection.CachedMethod.invoke(CachedMethod.java:101)
	at groovy.lang.MetaMethod.doMethodInvoke(MetaMethod.java:323)
	at groovy.lang.MetaClassImpl.invokeMethod(MetaClassImpl.java:1217)
	at org.codehaus.groovy.runtime.ScriptBytecodeAdapter.invokeMethodOnSuperN(ScriptBytecodeAdapter.java:144)
	at io.restassured.internal.ValidatableResponseImpl.statusCode(ValidatableResponseImpl.groovy:142)
	at io.restassured.internal.ValidatableResponseImpl.statusCode(ValidatableResponseImpl.groovy)
	at ApiTest.APITest.registerUser(APITest.java:105)
	at sun.reflect.NativeMethodAccessorImpl.invoke0(Native Method)
	at sun.reflect.NativeMethodAccessorImpl.invoke(Unknown Source)
	at sun.reflect.DelegatingMethodAccessorImpl.invoke(Unknown Source)
	at java.lang.reflect.Method.invoke(Unknown Source)
	at org.testng.internal.MethodInvocationHelper.invokeMethod(MethodInvocationHelper.java:124)
	at org.testng.internal.Invoker.invokeMethod(Invoker.java:583)
	at org.testng.internal.Invoker.invokeTestMethod(Invoker.java:719)
	at org.testng.internal.Invoker.invokeTestMethods(Invoker.java:989)
	at org.testng.internal.TestMethodWorker.invokeTestMethods(TestMethodWorker.java:125)
	at org.testng.internal.TestMethodWorker.run(TestMethodWorker.java:109)
	at org.testng.TestRunner.privateRun(TestRunner.java:648)
	at org.testng.TestRunner.run(TestRunner.java:505)
	at org.testng.SuiteRunner.runTest(SuiteRunner.java:455)
	at org.testng.SuiteRunner.runSequentially(SuiteRunner.java:450)
	at org.testng.SuiteRunner.privateRun(SuiteRunner.java:415)
	at org.testng.SuiteRunner.run(SuiteRunner.java:364)
	at org.testng.SuiteRunnerWorker.runSuite(SuiteRunnerWorker.java:52)
	at org.testng.SuiteRunnerWorker.run(SuiteRunnerWorker.java:84)
	at org.testng.TestNG.runSuitesSequentially(TestNG.java:1208)
	at org.testng.TestNG.runSuitesLocally(TestNG.java:1137)
	at org.testng.TestNG.runSuites(TestNG.java:1049)
	at org.testng.TestNG.run(TestNG.java:1017)
	at org.testng.remote.AbstractRemoteTestNG.run(AbstractRemoteTestNG.java:114)
	at org.testng.remote.RemoteTestNG.initAndRun(RemoteTestNG.java:251)
	at org.testng.remote.RemoteTestNG.main(RemoteTestNG.java:77)
</pre></div><a href='#' onClick='toggleBox("stack-trace1618180899", this, "Click to show all stack frames", "Click to hide stack frames")'>Click to show all stack frames</a>
<div class='stack-trace' id='stack-trace1618180899'><pre>java.lang.AssertionError: 1 expectation failed.
Expected status code &lt;200&gt; but was &lt;422&gt;.

	at sun.reflect.NativeConstructorAccessorImpl.newInstance0(Native Method)
	at sun.reflect.NativeConstructorAccessorImpl.newInstance(Unknown Source)
	at sun.reflect.DelegatingConstructorAccessorImpl.newInstance(Unknown Source)
	at java.lang.reflect.Constructor.newInstance(Unknown Source)
	at org.codehaus.groovy.reflection.CachedConstructor.invoke(CachedConstructor.java:80)
	at org.codehaus.groovy.reflection.CachedConstructor.doConstructorInvoke(CachedConstructor.java:74)
	at org.codehaus.groovy.runtime.callsite.ConstructorSite$ConstructorSiteNoUnwrap.callConstructor(ConstructorSite.java:84)
	at org.codehaus.groovy.runtime.callsite.AbstractCallSite.callConstructor(AbstractCallSite.java:249)
	at io.restassured.internal.ResponseSpecificationImpl$HamcrestAssertionClosure.validate(ResponseSpecificationImpl.groovy:492)
	at io.restassured.internal.ResponseSpecificationImpl$HamcrestAssertionClosure$validate$1.call(Unknown Source)
	at io.restassured.internal.ResponseSpecificationImpl.validateResponseIfRequired(ResponseSpecificationImpl.groovy:655)
	at sun.reflect.NativeMethodAccessorImpl.invoke0(Native Method)
	at sun.reflect.NativeMethodAccessorImpl.invoke(Unknown Source)
	at sun.reflect.DelegatingMethodAccessorImpl.invoke(Unknown Source)
	at java.lang.reflect.Method.invoke(Unknown Source)
	at org.codehaus.groovy.runtime.callsite.PlainObjectMetaMethodSite.doInvoke(PlainObjectMetaMethodSite.java:43)
	at org.codehaus.groovy.runtime.callsite.PogoMetaMethodSite$PogoCachedMethodSiteNoUnwrapNoCoerce.invoke(PogoMetaMethodSite.java:190)
	at org.codehaus.groovy.runtime.callsite.PogoMetaMethodSite.callCurrent(PogoMetaMethodSite.java:58)
	at org.codehaus.groovy.runtime.callsite.AbstractCallSite.callCurrent(AbstractCallSite.java:168)
	at io.restassured.internal.ResponseSpecificationImpl.statusCode(ResponseSpecificationImpl.groovy:125)
	at io.restassured.specification.ResponseSpecification$statusCode$0.callCurrent(Unknown Source)
	at io.restassured.internal.ResponseSpecificationImpl.statusCode(ResponseSpecificationImpl.groovy:133)
	at io.restassured.internal.ValidatableResponseOptionsImpl.statusCode(ValidatableResponseOptionsImpl.java:89)
	at io.restassured.internal.ValidatableResponseImpl.super$2$statusCode(ValidatableResponseImpl.groovy)
	at sun.reflect.NativeMethodAccessorImpl.invoke0(Native Method)
	at sun.reflect.NativeMethodAccessorImpl.invoke(Unknown Source)
	at sun.reflect.DelegatingMethodAccessorImpl.invoke(Unknown Source)
	at java.lang.reflect.Method.invoke(Unknown Source)
	at org.codehaus.groovy.reflection.CachedMethod.invoke(CachedMethod.java:101)
	at groovy.lang.MetaMethod.doMethodInvoke(MetaMethod.java:323)
	at groovy.lang.MetaClassImpl.invokeMethod(MetaClassImpl.java:1217)
	at org.codehaus.groovy.runtime.ScriptBytecodeAdapter.invokeMethodOnSuperN(ScriptBytecodeAdapter.java:144)
	at io.restassured.internal.ValidatableResponseImpl.statusCode(ValidatableResponseImpl.groovy:142)
	at io.restassured.internal.ValidatableResponseImpl.statusCode(ValidatableResponseImpl.groovy)
	at ApiTest.APITest.registerUser(APITest.java:105)
	at sun.reflect.NativeMethodAccessorImpl.invoke0(Native Method)
	at sun.reflect.NativeMethodAccessorImpl.invoke(Unknown Source)
	at sun.reflect.DelegatingMethodAccessorImpl.invoke(Unknown Source)
	at java.lang.reflect.Method.invoke(Unknown Source)
	at org.testng.internal.MethodInvocationHelper.invokeMethod(MethodInvocationHelper.java:124)
	at org.testng.internal.Invoker.invokeMethod(Invoker.java:583)
	at org.testng.internal.Invoker.invokeTestMethod(Invoker.java:719)
	at org.testng.internal.Invoker.invokeTestMethods(Invoker.java:989)
	at org.testng.internal.TestMethodWorker.invokeTestMethods(TestMethodWorker.java:125)
	at org.testng.internal.TestMethodWorker.run(TestMethodWorker.java:109)
	at org.testng.TestRunner.privateRun(TestRunner.java:648)
	at org.testng.TestRunner.run(TestRunner.java:505)
	at org.testng.SuiteRunner.runTest(SuiteRunner.java:455)
	at org.testng.SuiteRunner.runSequentially(SuiteRunner.java:450)
	at org.testng.SuiteRunner.privateRun(SuiteRunner.java:415)
	at org.testng.SuiteRunner.run(SuiteRunner.java:364)
	at org.testng.SuiteRunnerWorker.runSuite(SuiteRunnerWorker.java:52)
	at org.testng.SuiteRunnerWorker.run(SuiteRunnerWorker.java:84)
	at org.testng.TestNG.runSuitesSequentially(TestNG.java:1208)
	at org.testng.TestNG.runSuitesLocally(TestNG.java:1137)
	at org.testng.TestNG.runSuites(TestNG.java:1049)
	at org.testng.TestNG.run(TestNG.java:1017)
	at org.testng.remote.AbstractRemoteTestNG.run(AbstractRemoteTestNG.java:114)
	at org.testng.remote.RemoteTestNG.initAndRun(RemoteTestNG.java:251)
	at org.testng.remote.RemoteTestNG.main(RemoteTestNG.java:77)
</pre></div></td>
<td>0</td>
<td>ApiTest.APITest@ed9d034</td></tr>
<tr>
<td title='ApiTest.APITest.registerUser()'><b>registerUser</b><br>Test class: ApiTest.APITest<br>Parameters: {firstName=Yangjee, lastName=Rai, password=yang, TestCaseName=Using invalid password, email=yangjee@yopmail.com}</td>
<td><div><pre>java.lang.AssertionError: 1 expectation failed.
Expected status code &lt;200&gt; but was &lt;422&gt;.

	at sun.reflect.NativeConstructorAccessorImpl.newInstance0(Native Method)
	at sun.reflect.NativeConstructorAccessorImpl.newInstance(Unknown Source)
	at sun.reflect.DelegatingConstructorAccessorImpl.newInstance(Unknown Source)
	at java.lang.reflect.Constructor.newInstance(Unknown Source)
	at org.codehaus.groovy.reflection.CachedConstructor.invoke(CachedConstructor.java:80)
	at org.codehaus.groovy.reflection.CachedConstructor.doConstructorInvoke(CachedConstructor.java:74)
	at org.codehaus.groovy.runtime.callsite.ConstructorSite$ConstructorSiteNoUnwrap.callConstructor(ConstructorSite.java:84)
	at org.codehaus.groovy.runtime.callsite.AbstractCallSite.callConstructor(AbstractCallSite.java:249)
	at io.restassured.internal.ResponseSpecificationImpl$HamcrestAssertionClosure.validate(ResponseSpecificationImpl.groovy:492)
	at io.restassured.internal.ResponseSpecificationImpl$HamcrestAssertionClosure$validate$1.call(Unknown Source)
	at io.restassured.internal.ResponseSpecificationImpl.validateResponseIfRequired(ResponseSpecificationImpl.groovy:655)
	at sun.reflect.NativeMethodAccessorImpl.invoke0(Native Method)
	at sun.reflect.NativeMethodAccessorImpl.invoke(Unknown Source)
	at sun.reflect.DelegatingMethodAccessorImpl.invoke(Unknown Source)
	at java.lang.reflect.Method.invoke(Unknown Source)
	at org.codehaus.groovy.runtime.callsite.PlainObjectMetaMethodSite.doInvoke(PlainObjectMetaMethodSite.java:43)
	at org.codehaus.groovy.runtime.callsite.PogoMetaMethodSite$PogoCachedMethodSiteNoUnwrapNoCoerce.invoke(PogoMetaMethodSite.java:190)
	at org.codehaus.groovy.runtime.callsite.PogoMetaMethodSite.callCurrent(PogoMetaMethodSite.java:58)
	at org.codehaus.groovy.runtime.callsite.AbstractCallSite.callCurrent(AbstractCallSite.java:168)
	at io.restassured.internal.ResponseSpecificationImpl.statusCode(ResponseSpecificationImpl.groovy:125)
	at io.restassured.specification.ResponseSpecification$statusCode$0.callCurrent(Unknown Source)
	at io.restassured.internal.ResponseSpecificationImpl.statusCode(ResponseSpecificationImpl.groovy:133)
	at io.restassured.internal.ValidatableResponseOptionsImpl.statusCode(ValidatableResponseOptionsImpl.java:89)
	at io.restassured.internal.ValidatableResponseImpl.super$2$statusCode(ValidatableResponseImpl.groovy)
	at sun.reflect.NativeMethodAccessorImpl.invoke0(Native Method)
	at sun.reflect.NativeMethodAccessorImpl.invoke(Unknown Source)
	at sun.reflect.DelegatingMethodAccessorImpl.invoke(Unknown Source)
	at java.lang.reflect.Method.invoke(Unknown Source)
	at org.codehaus.groovy.reflection.CachedMethod.invoke(CachedMethod.java:101)
	at groovy.lang.MetaMethod.doMethodInvoke(MetaMethod.java:323)
	at groovy.lang.MetaClassImpl.invokeMethod(MetaClassImpl.java:1217)
	at org.codehaus.groovy.runtime.ScriptBytecodeAdapter.invokeMethodOnSuperN(ScriptBytecodeAdapter.java:144)
	at io.restassured.internal.ValidatableResponseImpl.statusCode(ValidatableResponseImpl.groovy:142)
	at io.restassured.internal.ValidatableResponseImpl.statusCode(ValidatableResponseImpl.groovy)
	at ApiTest.APITest.registerUser(APITest.java:105)
	at sun.reflect.NativeMethodAccessorImpl.invoke0(Native Method)
	at sun.reflect.NativeMethodAccessorImpl.invoke(Unknown Source)
	at sun.reflect.DelegatingMethodAccessorImpl.invoke(Unknown Source)
	at java.lang.reflect.Method.invoke(Unknown Source)
	at org.testng.internal.MethodInvocationHelper.invokeMethod(MethodInvocationHelper.java:124)
	at org.testng.internal.Invoker.invokeMethod(Invoker.java:583)
	at org.testng.internal.Invoker.invokeTestMethod(Invoker.java:719)
	at org.testng.internal.Invoker.invokeTestMethods(Invoker.java:989)
	at org.testng.internal.TestMethodWorker.invokeTestMethods(TestMethodWorker.java:125)
	at org.testng.internal.TestMethodWorker.run(TestMethodWorker.java:109)
	at org.testng.TestRunner.privateRun(TestRunner.java:648)
	at org.testng.TestRunner.run(TestRunner.java:505)
	at org.testng.SuiteRunner.runTest(SuiteRunner.java:455)
	at org.testng.SuiteRunner.runSequentially(SuiteRunner.java:450)
	at org.testng.SuiteRunner.privateRun(SuiteRunner.java:415)
	at org.testng.SuiteRunner.run(SuiteRunner.java:364)
	at org.testng.SuiteRunnerWorker.runSuite(SuiteRunnerWorker.java:52)
	at org.testng.SuiteRunnerWorker.run(SuiteRunnerWorker.java:84)
	at org.testng.TestNG.runSuitesSequentially(TestNG.java:1208)
	at org.testng.TestNG.runSuitesLocally(TestNG.java:1137)
	at org.testng.TestNG.runSuites(TestNG.java:1049)
	at org.testng.TestNG.run(TestNG.java:1017)
	at org.testng.remote.AbstractRemoteTestNG.run(AbstractRemoteTestNG.java:114)
	at org.testng.remote.RemoteTestNG.initAndRun(RemoteTestNG.java:251)
	at org.testng.remote.RemoteTestNG.main(RemoteTestNG.java:77)
</pre></div><a href='#' onClick='toggleBox("stack-trace607526140", this, "Click to show all stack frames", "Click to hide stack frames")'>Click to show all stack frames</a>
<div class='stack-trace' id='stack-trace607526140'><pre>java.lang.AssertionError: 1 expectation failed.
Expected status code &lt;200&gt; but was &lt;422&gt;.

	at sun.reflect.NativeConstructorAccessorImpl.newInstance0(Native Method)
	at sun.reflect.NativeConstructorAccessorImpl.newInstance(Unknown Source)
	at sun.reflect.DelegatingConstructorAccessorImpl.newInstance(Unknown Source)
	at java.lang.reflect.Constructor.newInstance(Unknown Source)
	at org.codehaus.groovy.reflection.CachedConstructor.invoke(CachedConstructor.java:80)
	at org.codehaus.groovy.reflection.CachedConstructor.doConstructorInvoke(CachedConstructor.java:74)
	at org.codehaus.groovy.runtime.callsite.ConstructorSite$ConstructorSiteNoUnwrap.callConstructor(ConstructorSite.java:84)
	at org.codehaus.groovy.runtime.callsite.AbstractCallSite.callConstructor(AbstractCallSite.java:249)
	at io.restassured.internal.ResponseSpecificationImpl$HamcrestAssertionClosure.validate(ResponseSpecificationImpl.groovy:492)
	at io.restassured.internal.ResponseSpecificationImpl$HamcrestAssertionClosure$validate$1.call(Unknown Source)
	at io.restassured.internal.ResponseSpecificationImpl.validateResponseIfRequired(ResponseSpecificationImpl.groovy:655)
	at sun.reflect.NativeMethodAccessorImpl.invoke0(Native Method)
	at sun.reflect.NativeMethodAccessorImpl.invoke(Unknown Source)
	at sun.reflect.DelegatingMethodAccessorImpl.invoke(Unknown Source)
	at java.lang.reflect.Method.invoke(Unknown Source)
	at org.codehaus.groovy.runtime.callsite.PlainObjectMetaMethodSite.doInvoke(PlainObjectMetaMethodSite.java:43)
	at org.codehaus.groovy.runtime.callsite.PogoMetaMethodSite$PogoCachedMethodSiteNoUnwrapNoCoerce.invoke(PogoMetaMethodSite.java:190)
	at org.codehaus.groovy.runtime.callsite.PogoMetaMethodSite.callCurrent(PogoMetaMethodSite.java:58)
	at org.codehaus.groovy.runtime.callsite.AbstractCallSite.callCurrent(AbstractCallSite.java:168)
	at io.restassured.internal.ResponseSpecificationImpl.statusCode(ResponseSpecificationImpl.groovy:125)
	at io.restassured.specification.ResponseSpecification$statusCode$0.callCurrent(Unknown Source)
	at io.restassured.internal.ResponseSpecificationImpl.statusCode(ResponseSpecificationImpl.groovy:133)
	at io.restassured.internal.ValidatableResponseOptionsImpl.statusCode(ValidatableResponseOptionsImpl.java:89)
	at io.restassured.internal.ValidatableResponseImpl.super$2$statusCode(ValidatableResponseImpl.groovy)
	at sun.reflect.NativeMethodAccessorImpl.invoke0(Native Method)
	at sun.reflect.NativeMethodAccessorImpl.invoke(Unknown Source)
	at sun.reflect.DelegatingMethodAccessorImpl.invoke(Unknown Source)
	at java.lang.reflect.Method.invoke(Unknown Source)
	at org.codehaus.groovy.reflection.CachedMethod.invoke(CachedMethod.java:101)
	at groovy.lang.MetaMethod.doMethodInvoke(MetaMethod.java:323)
	at groovy.lang.MetaClassImpl.invokeMethod(MetaClassImpl.java:1217)
	at org.codehaus.groovy.runtime.ScriptBytecodeAdapter.invokeMethodOnSuperN(ScriptBytecodeAdapter.java:144)
	at io.restassured.internal.ValidatableResponseImpl.statusCode(ValidatableResponseImpl.groovy:142)
	at io.restassured.internal.ValidatableResponseImpl.statusCode(ValidatableResponseImpl.groovy)
	at ApiTest.APITest.registerUser(APITest.java:105)
	at sun.reflect.NativeMethodAccessorImpl.invoke0(Native Method)
	at sun.reflect.NativeMethodAccessorImpl.invoke(Unknown Source)
	at sun.reflect.DelegatingMethodAccessorImpl.invoke(Unknown Source)
	at java.lang.reflect.Method.invoke(Unknown Source)
	at org.testng.internal.MethodInvocationHelper.invokeMethod(MethodInvocationHelper.java:124)
	at org.testng.internal.Invoker.invokeMethod(Invoker.java:583)
	at org.testng.internal.Invoker.invokeTestMethod(Invoker.java:719)
	at org.testng.internal.Invoker.invokeTestMethods(Invoker.java:989)
	at org.testng.internal.TestMethodWorker.invokeTestMethods(TestMethodWorker.java:125)
	at org.testng.internal.TestMethodWorker.run(TestMethodWorker.java:109)
	at org.testng.TestRunner.privateRun(TestRunner.java:648)
	at org.testng.TestRunner.run(TestRunner.java:505)
	at org.testng.SuiteRunner.runTest(SuiteRunner.java:455)
	at org.testng.SuiteRunner.runSequentially(SuiteRunner.java:450)
	at org.testng.SuiteRunner.privateRun(SuiteRunner.java:415)
	at org.testng.SuiteRunner.run(SuiteRunner.java:364)
	at org.testng.SuiteRunnerWorker.runSuite(SuiteRunnerWorker.java:52)
	at org.testng.SuiteRunnerWorker.run(SuiteRunnerWorker.java:84)
	at org.testng.TestNG.runSuitesSequentially(TestNG.java:1208)
	at org.testng.TestNG.runSuitesLocally(TestNG.java:1137)
	at org.testng.TestNG.runSuites(TestNG.java:1049)
	at org.testng.TestNG.run(TestNG.java:1017)
	at org.testng.remote.AbstractRemoteTestNG.run(AbstractRemoteTestNG.java:114)
	at org.testng.remote.RemoteTestNG.initAndRun(RemoteTestNG.java:251)
	at org.testng.remote.RemoteTestNG.main(RemoteTestNG.java:77)
</pre></div></td>
<td>0</td>
<td>ApiTest.APITest@ed9d034</td></tr>
<tr>
<td title='ApiTest.APITest.registerUser()'><b>registerUser</b><br>Test class: ApiTest.APITest<br>Parameters: {firstName=Yangjee, lastName=Rai, password=12345678a, TestCaseName=Using already registered email, email=yangjee@yopmail.com}</td>
<td><div><pre>java.lang.AssertionError: 1 expectation failed.
Expected status code &lt;200&gt; but was &lt;302&gt;.

	at sun.reflect.NativeConstructorAccessorImpl.newInstance0(Native Method)
	at sun.reflect.NativeConstructorAccessorImpl.newInstance(Unknown Source)
	at sun.reflect.DelegatingConstructorAccessorImpl.newInstance(Unknown Source)
	at java.lang.reflect.Constructor.newInstance(Unknown Source)
	at org.codehaus.groovy.reflection.CachedConstructor.invoke(CachedConstructor.java:80)
	at org.codehaus.groovy.reflection.CachedConstructor.doConstructorInvoke(CachedConstructor.java:74)
	at org.codehaus.groovy.runtime.callsite.ConstructorSite$ConstructorSiteNoUnwrap.callConstructor(ConstructorSite.java:84)
	at org.codehaus.groovy.runtime.callsite.AbstractCallSite.callConstructor(AbstractCallSite.java:249)
	at io.restassured.internal.ResponseSpecificationImpl$HamcrestAssertionClosure.validate(ResponseSpecificationImpl.groovy:492)
	at io.restassured.internal.ResponseSpecificationImpl$HamcrestAssertionClosure$validate$1.call(Unknown Source)
	at io.restassured.internal.ResponseSpecificationImpl.validateResponseIfRequired(ResponseSpecificationImpl.groovy:655)
	at sun.reflect.NativeMethodAccessorImpl.invoke0(Native Method)
	at sun.reflect.NativeMethodAccessorImpl.invoke(Unknown Source)
	at sun.reflect.DelegatingMethodAccessorImpl.invoke(Unknown Source)
	at java.lang.reflect.Method.invoke(Unknown Source)
	at org.codehaus.groovy.runtime.callsite.PlainObjectMetaMethodSite.doInvoke(PlainObjectMetaMethodSite.java:43)
	at org.codehaus.groovy.runtime.callsite.PogoMetaMethodSite$PogoCachedMethodSiteNoUnwrapNoCoerce.invoke(PogoMetaMethodSite.java:190)
	at org.codehaus.groovy.runtime.callsite.PogoMetaMethodSite.callCurrent(PogoMetaMethodSite.java:58)
	at org.codehaus.groovy.runtime.callsite.AbstractCallSite.callCurrent(AbstractCallSite.java:168)
	at io.restassured.internal.ResponseSpecificationImpl.statusCode(ResponseSpecificationImpl.groovy:125)
	at io.restassured.specification.ResponseSpecification$statusCode$0.callCurrent(Unknown Source)
	at io.restassured.internal.ResponseSpecificationImpl.statusCode(ResponseSpecificationImpl.groovy:133)
	at io.restassured.internal.ValidatableResponseOptionsImpl.statusCode(ValidatableResponseOptionsImpl.java:89)
	at io.restassured.internal.ValidatableResponseImpl.super$2$statusCode(ValidatableResponseImpl.groovy)
	at sun.reflect.NativeMethodAccessorImpl.invoke0(Native Method)
	at sun.reflect.NativeMethodAccessorImpl.invoke(Unknown Source)
	at sun.reflect.DelegatingMethodAccessorImpl.invoke(Unknown Source)
	at java.lang.reflect.Method.invoke(Unknown Source)
	at org.codehaus.groovy.reflection.CachedMethod.invoke(CachedMethod.java:101)
	at groovy.lang.MetaMethod.doMethodInvoke(MetaMethod.java:323)
	at groovy.lang.MetaClassImpl.invokeMethod(MetaClassImpl.java:1217)
	at org.codehaus.groovy.runtime.ScriptBytecodeAdapter.invokeMethodOnSuperN(ScriptBytecodeAdapter.java:144)
	at io.restassured.internal.ValidatableResponseImpl.statusCode(ValidatableResponseImpl.groovy:142)
	at io.restassured.internal.ValidatableResponseImpl.statusCode(ValidatableResponseImpl.groovy)
	at ApiTest.APITest.registerUser(APITest.java:105)
	at sun.reflect.NativeMethodAccessorImpl.invoke0(Native Method)
	at sun.reflect.NativeMethodAccessorImpl.invoke(Unknown Source)
	at sun.reflect.DelegatingMethodAccessorImpl.invoke(Unknown Source)
	at java.lang.reflect.Method.invoke(Unknown Source)
	at org.testng.internal.MethodInvocationHelper.invokeMethod(MethodInvocationHelper.java:124)
	at org.testng.internal.Invoker.invokeMethod(Invoker.java:583)
	at org.testng.internal.Invoker.invokeTestMethod(Invoker.java:719)
	at org.testng.internal.Invoker.invokeTestMethods(Invoker.java:989)
	at org.testng.internal.TestMethodWorker.invokeTestMethods(TestMethodWorker.java:125)
	at org.testng.internal.TestMethodWorker.run(TestMethodWorker.java:109)
	at org.testng.TestRunner.privateRun(TestRunner.java:648)
	at org.testng.TestRunner.run(TestRunner.java:505)
	at org.testng.SuiteRunner.runTest(SuiteRunner.java:455)
	at org.testng.SuiteRunner.runSequentially(SuiteRunner.java:450)
	at org.testng.SuiteRunner.privateRun(SuiteRunner.java:415)
	at org.testng.SuiteRunner.run(SuiteRunner.java:364)
	at org.testng.SuiteRunnerWorker.runSuite(SuiteRunnerWorker.java:52)
	at org.testng.SuiteRunnerWorker.run(SuiteRunnerWorker.java:84)
	at org.testng.TestNG.runSuitesSequentially(TestNG.java:1208)
	at org.testng.TestNG.runSuitesLocally(TestNG.java:1137)
	at org.testng.TestNG.runSuites(TestNG.java:1049)
	at org.testng.TestNG.run(TestNG.java:1017)
	at org.testng.remote.AbstractRemoteTestNG.run(AbstractRemoteTestNG.java:114)
	at org.testng.remote.RemoteTestNG.initAndRun(RemoteTestNG.java:251)
	at org.testng.remote.RemoteTestNG.main(RemoteTestNG.java:77)
</pre></div><a href='#' onClick='toggleBox("stack-trace1022130643", this, "Click to show all stack frames", "Click to hide stack frames")'>Click to show all stack frames</a>
<div class='stack-trace' id='stack-trace1022130643'><pre>java.lang.AssertionError: 1 expectation failed.
Expected status code &lt;200&gt; but was &lt;302&gt;.

	at sun.reflect.NativeConstructorAccessorImpl.newInstance0(Native Method)
	at sun.reflect.NativeConstructorAccessorImpl.newInstance(Unknown Source)
	at sun.reflect.DelegatingConstructorAccessorImpl.newInstance(Unknown Source)
	at java.lang.reflect.Constructor.newInstance(Unknown Source)
	at org.codehaus.groovy.reflection.CachedConstructor.invoke(CachedConstructor.java:80)
	at org.codehaus.groovy.reflection.CachedConstructor.doConstructorInvoke(CachedConstructor.java:74)
	at org.codehaus.groovy.runtime.callsite.ConstructorSite$ConstructorSiteNoUnwrap.callConstructor(ConstructorSite.java:84)
	at org.codehaus.groovy.runtime.callsite.AbstractCallSite.callConstructor(AbstractCallSite.java:249)
	at io.restassured.internal.ResponseSpecificationImpl$HamcrestAssertionClosure.validate(ResponseSpecificationImpl.groovy:492)
	at io.restassured.internal.ResponseSpecificationImpl$HamcrestAssertionClosure$validate$1.call(Unknown Source)
	at io.restassured.internal.ResponseSpecificationImpl.validateResponseIfRequired(ResponseSpecificationImpl.groovy:655)
	at sun.reflect.NativeMethodAccessorImpl.invoke0(Native Method)
	at sun.reflect.NativeMethodAccessorImpl.invoke(Unknown Source)
	at sun.reflect.DelegatingMethodAccessorImpl.invoke(Unknown Source)
	at java.lang.reflect.Method.invoke(Unknown Source)
	at org.codehaus.groovy.runtime.callsite.PlainObjectMetaMethodSite.doInvoke(PlainObjectMetaMethodSite.java:43)
	at org.codehaus.groovy.runtime.callsite.PogoMetaMethodSite$PogoCachedMethodSiteNoUnwrapNoCoerce.invoke(PogoMetaMethodSite.java:190)
	at org.codehaus.groovy.runtime.callsite.PogoMetaMethodSite.callCurrent(PogoMetaMethodSite.java:58)
	at org.codehaus.groovy.runtime.callsite.AbstractCallSite.callCurrent(AbstractCallSite.java:168)
	at io.restassured.internal.ResponseSpecificationImpl.statusCode(ResponseSpecificationImpl.groovy:125)
	at io.restassured.specification.ResponseSpecification$statusCode$0.callCurrent(Unknown Source)
	at io.restassured.internal.ResponseSpecificationImpl.statusCode(ResponseSpecificationImpl.groovy:133)
	at io.restassured.internal.ValidatableResponseOptionsImpl.statusCode(ValidatableResponseOptionsImpl.java:89)
	at io.restassured.internal.ValidatableResponseImpl.super$2$statusCode(ValidatableResponseImpl.groovy)
	at sun.reflect.NativeMethodAccessorImpl.invoke0(Native Method)
	at sun.reflect.NativeMethodAccessorImpl.invoke(Unknown Source)
	at sun.reflect.DelegatingMethodAccessorImpl.invoke(Unknown Source)
	at java.lang.reflect.Method.invoke(Unknown Source)
	at org.codehaus.groovy.reflection.CachedMethod.invoke(CachedMethod.java:101)
	at groovy.lang.MetaMethod.doMethodInvoke(MetaMethod.java:323)
	at groovy.lang.MetaClassImpl.invokeMethod(MetaClassImpl.java:1217)
	at org.codehaus.groovy.runtime.ScriptBytecodeAdapter.invokeMethodOnSuperN(ScriptBytecodeAdapter.java:144)
	at io.restassured.internal.ValidatableResponseImpl.statusCode(ValidatableResponseImpl.groovy:142)
	at io.restassured.internal.ValidatableResponseImpl.statusCode(ValidatableResponseImpl.groovy)
	at ApiTest.APITest.registerUser(APITest.java:105)
	at sun.reflect.NativeMethodAccessorImpl.invoke0(Native Method)
	at sun.reflect.NativeMethodAccessorImpl.invoke(Unknown Source)
	at sun.reflect.DelegatingMethodAccessorImpl.invoke(Unknown Source)
	at java.lang.reflect.Method.invoke(Unknown Source)
	at org.testng.internal.MethodInvocationHelper.invokeMethod(MethodInvocationHelper.java:124)
	at org.testng.internal.Invoker.invokeMethod(Invoker.java:583)
	at org.testng.internal.Invoker.invokeTestMethod(Invoker.java:719)
	at org.testng.internal.Invoker.invokeTestMethods(Invoker.java:989)
	at org.testng.internal.TestMethodWorker.invokeTestMethods(TestMethodWorker.java:125)
	at org.testng.internal.TestMethodWorker.run(TestMethodWorker.java:109)
	at org.testng.TestRunner.privateRun(TestRunner.java:648)
	at org.testng.TestRunner.run(TestRunner.java:505)
	at org.testng.SuiteRunner.runTest(SuiteRunner.java:455)
	at org.testng.SuiteRunner.runSequentially(SuiteRunner.java:450)
	at org.testng.SuiteRunner.privateRun(SuiteRunner.java:415)
	at org.testng.SuiteRunner.run(SuiteRunner.java:364)
	at org.testng.SuiteRunnerWorker.runSuite(SuiteRunnerWorker.java:52)
	at org.testng.SuiteRunnerWorker.run(SuiteRunnerWorker.java:84)
	at org.testng.TestNG.runSuitesSequentially(TestNG.java:1208)
	at org.testng.TestNG.runSuitesLocally(TestNG.java:1137)
	at org.testng.TestNG.runSuites(TestNG.java:1049)
	at org.testng.TestNG.run(TestNG.java:1017)
	at org.testng.remote.AbstractRemoteTestNG.run(AbstractRemoteTestNG.java:114)
	at org.testng.remote.RemoteTestNG.initAndRun(RemoteTestNG.java:251)
	at org.testng.remote.RemoteTestNG.main(RemoteTestNG.java:77)
</pre></div></td>
<td>0</td>
<td>ApiTest.APITest@ed9d034</td></tr>
</table><p>
<table width='100%' border='1' class='invocation-passed'>
<tr><td colspan='4' align='center'><b>PASSED TESTS</b></td></tr>
<tr><td><b>Test method</b></td>
<td width="30%"><b>Exception</b></td>
<td width="10%"><b>Time (seconds)</b></td>
<td><b>Instance</b></td>
</tr>
<tr>
<td title='ApiTest.APITest.GenerateWill()'><b>GenerateWill</b><br>Test class: ApiTest.APITest<br/>
<a href="#Output-974587617" onClick='toggleBox("Output-974587617", this, "Show output", "Hide output");'>Show output</a>

<a href="#Output-974587617" onClick="toggleAllBoxes();">Show all outputs</a>
<div class='log' id="Output-974587617">
Response is: {"message":"Will Generated Successfully","data":{}}<br/>
</div>
</td>
<td></td>
<td>1</td>
<td>ApiTest.APITest@ed9d034</td></tr>
<tr>
<td title='ApiTest.APITest.GetPageContent()'><b>GetPageContent</b><br>Test class: ApiTest.APITest<br/>
<a href="#Output-460534439" onClick='toggleBox("Output-460534439", this, "Show output", "Hide output");'>Show output</a>

<a href="#Output-460534439" onClick="toggleAllBoxes();">Show all outputs</a>
<div class='log' id="Output-460534439">
Response is: {"message":"success","data":{"content":"<p>Electronic Business Pearls Australia (ebPearls) is committed to providing you with the best possible web and mobile development experience. ebPearls is bound by the Privacy Act 1988 (Crh), which sets out a number of principles concerning the privacy of our customers.</p><h3>Collection of your personal information</h3><p>There are many aspects of the site which can be viewed without providing personal information, however, to get a quote or to contact us you are required to submit personally identifiable information.</p><h3>Sharing of your personal information</h3><p>Your personal information will not be shared with other ogrnisation unless there is a need for collaboration. We would ask you for your permission before we share this information. ebPearls takes reasonable steps to ensure that these organisations are bound by confidentiality and privacy obligations in relation to the protection of your personal information.</p><h3>Use of your personal information</h3><p>For each visitor to reach the site, we expressively collect the following non-personally identifiable information, including but not limited to browser type, version and language, operating system, pages viewed while browsing the Site, page access times and referring website address. This collected information is used solely internally for the purpose of gauging visitor traffic, trends and delivering personalized content to you while you are at this Site.</p><p>From time to time, we may use customer information for new, unanticipated uses not previously disclosed in our privacy notice. If our information practices change at some time in the future we will use for these new purposes only, data collected from the time of the policy change forward will adhere to our updated practices.</p><h3>Changes to this Privacy Policy</h3><p>ebPearls reserves the right to make amendments to this Privacy Policy at any time. If you have objections to the Privacy Policy, you should not access or use the Site.</p><h3>Accessing Your Personal Information</h3><p>You have a right to access your personal information, subject to exceptions allowed by law. If you would like to do so, please let us know. You may be required to put your request in writing for security reasons. ebPearls reserves the right to charge a fee for searching for, and providing access to, your information on a per request basis.</p><h3>Cookies</h3><p>Cookies are small text files that are placed on your computers hard drive through your web browser when you visit any web site. They are widely used to make web sites work, or work more efficiently, as well as to provide information to the owners of the site.</p><p>You can manually disable cookies at any time  check your browsers Help to find out how. This will not affect your ability to view the site.</p><p>Although your browser software enables you to disable cookies, this will not affect your ability to view the site. We recommend that you allow the use of cookies in order to take advantage of the features of our website that rely on their use. You can still use this web site even if you choose to disable cookies.</p><h3>Contacting Us</h3><p>If youd like to discuss our privacy policy, or if you have any questions regarding your privacy while visiting our website, do not hesitate to <a href=\"https://ebpearls.com.au/contact\">contact us.</a></p>","_id":"5cde9ec2aa43255eb4ed119c","title":"Privacy Policy"}}<br/>
</div>
</td>
<td></td>
<td>0</td>
<td>ApiTest.APITest@ed9d034</td></tr>
<tr>
<td title='ApiTest.APITest.GetSubscription()'><b>GetSubscription</b><br>Test class: ApiTest.APITest<br/>
<a href="#Output-1077688833" onClick='toggleBox("Output-1077688833", this, "Show output", "Hide output");'>Show output</a>

<a href="#Output-1077688833" onClick="toggleAllBoxes();">Show all outputs</a>
<div class='log' id="Output-1077688833">
Response is: {"message":"Ok","data":{"subscription_type":"vaultd_monthly_subscription","expiry_date":null,"is_used":false,"cancellation_date":null}}<br/>
</div>
</td>
<td></td>
<td>0</td>
<td>ApiTest.APITest@ed9d034</td></tr>
<tr>
<td title='ApiTest.APITest.GetSyncData()'><b>GetSyncData</b><br>Test class: ApiTest.APITest<br/>
<a href="#Output-727469847" onClick='toggleBox("Output-727469847", this, "Show output", "Hide output");'>Show output</a>

<a href="#Output-727469847" onClick="toggleAllBoxes();">Show all outputs</a>
<div class='log' id="Output-727469847">
Response is: {"message":"success","data":[{"localId":"BF3A9A92-C858-4337-9411-4E7ADE37D9CC","email":null,"lastName":"Rai","middleName":"","nickName":"","address":"Narayanthan","dob":"2019-08-01T00:00:00.000Z","contactNumber":"9843719653","lastUpdatedAt":1564636988,"isSynced":true,"status":true,"isDeleted":false,"_id":"5d42773d37093203bdad4820","user":{"lastName":"Rai","middleName":"Shrestha","phoneNumber":"9843719653","mobileNumber":"9843719653","birthDate":"1989-12-29T00:00:00.000Z","pinNumber":null,"currentAddress":"Thaiba,Godawari","email":"yangjee5@getnada.com","emailVerifyToken":"62065690-b41b-11e9-b76b-d1da4d13123f","emailVerifyCode":"i5sOJm","isEmailVerified":true,"emailVerifiedAt":1564636550872,"isFirstLogin":false,"isPurchased":false,"passwordToken":null,"passwordTokenExpiry":null,"emailVerifyCodeExpiry":"1564738061","status":1,"deviceType":null,"deviceId":null,"deviceToken":null,"_id":"5d4274e437093203bdad4815","firstName":"Yangjee","password":"$2a$10$dS8sluMSxYkVegpRXevSDubR/q51/.xgP/Y1z/RXOD1XT0OeQzYme","createdAt":"2019-08-01T05:13:08.083Z","updatedAt":"2019-08-01T09:27:41.064Z","__v":0,"fullName":"Yangjee Rai","id":"5d4274e437093203bdad4815"},"relation":"Father","firstName":"Bakhat","createdAt":"2019-08-01T05:23:09.178Z","updatedAt":"2019-08-01T05:23:09.178Z","__v":0}]}<br/>
Response is: {"message":"success","data":[{"localId":"9000","isDeleted":false,"isSynced":true,"lastUpdatedAt":1564458400,"_id":"5d427bf137093203bdad4835","user":{"lastName":"Rai","middleName":"Shrestha","phoneNumber":"9843719653","mobileNumber":"9843719653","birthDate":"1989-12-29T00:00:00.000Z","pinNumber":null,"currentAddress":"Thaiba,Godawari","email":"yangjee5@getnada.com","emailVerifyToken":"62065690-b41b-11e9-b76b-d1da4d13123f","emailVerifyCode":"i5sOJm","isEmailVerified":true,"emailVerifiedAt":1564636550872,"isFirstLogin":false,"isPurchased":false,"passwordToken":null,"passwordTokenExpiry":null,"emailVerifyCodeExpiry":"1564738061","status":1,"deviceType":null,"deviceId":null,"deviceToken":null,"_id":"5d4274e437093203bdad4815","firstName":"Yangjee","password":"$2a$10$dS8sluMSxYkVegpRXevSDubR/q51/.xgP/Y1z/RXOD1XT0OeQzYme","createdAt":"2019-08-01T05:13:08.083Z","updatedAt":"2019-08-01T09:27:41.064Z","__v":0,"fullName":"Yangjee Rai","id":"5d4274e437093203bdad4815"},"bankAccountDetails":[{"isSynced":true,"lastUpdatedAt":1223456789,"localId":"123","bankName":"WorldBank","accountNumber":"1234567acc","approxValue":100,"isDeleted":false,"_id":"5d427bf137093203bdad4836"},{"isSynced":true,"lastUpdatedAt":1564649709,"localId":"FACDADB0-D7BF-4FC2-912F-8B1968AFB1E0","bankName":"World Bank","accountNumber":"Tvh 2334","approxValue":250000,"isDeleted":false,"_id":"5d42a8eede9dd0129e05df6f"},{"isSynced":true,"lastUpdatedAt":1564649709,"localId":"FACDADB0-D7BF-4FC2-912F-8B1968AFB1E0","bankName":"World Bank","accountNumber":"Tvh 2334","approxValue":250000,"isDeleted":false,"_id":"5d42a91fde9dd0129e05df70"},{"isSynced":true,"lastUpdatedAt":1564649709,"localId":"FACDADB0-D7BF-4FC2-912F-8B1968AFB1E0","bankName":"World Bank","accountNumber":"Tvh 2334","approxValue":250000,"isDeleted":false,"_id":"5d42a947de9dd0129e05df72"},{"isSynced":true,"lastUpdatedAt":1564649709,"localId":"FACDADB0-D7BF-4FC2-912F-8B1968AFB1E0","bankName":"World Bank","accountNumber":"Tvh 2334","approxValue":250000,"isDeleted":false,"_id":"5d42a95bde9dd0129e05df75"},{"isSynced":true,"lastUpdatedAt":1564649709,"localId":"FACDADB0-D7BF-4FC2-912F-8B1968AFB1E0","bankName":"World Bank","accountNumber":"Tvh 2334","approxValue":250000,"isDeleted":false,"_id":"5d42a96bde9dd0129e05df79"},{"isSynced":true,"lastUpdatedAt":1564649709,"localId":"FACDADB0-D7BF-4FC2-912F-8B1968AFB1E0","bankName":"World Bank","accountNumber":"Tvh 2334","approxValue":250000,"isDeleted":false,"_id":"5d42a98bde9dd0129e05df7e"},{"isSynced":true,"lastUpdatedAt":1564649709,"localId":"FACDADB0-D7BF-4FC2-912F-8B1968AFB1E0","bankName":"World Bank","accountNumber":"Tvh 2334","approxValue":250000,"isDeleted":false,"_id":"5d42a9a6de9dd0129e05df84"},{"isSynced":true,"lastUpdatedAt":1564649709,"localId":"FACDADB0-D7BF-4FC2-912F-8B1968AFB1E0","bankName":"World Bank","accountNumber":"Tvh 2334","approxValue":250000,"isDeleted":false,"_id":"5d42a9b7de9dd0129e05df8a"},{"isSynced":true,"lastUpdatedAt":1564649709,"localId":"FACDADB0-D7BF-4FC2-912F-8B1968AFB1E0","bankName":"World Bank","accountNumber":"Tvh 2334","approxValue":250000,"isDeleted":false,"_id":"5d42a9d6de9dd0129e05df91"},{"isSynced":true,"lastUpdatedAt":1564649709,"localId":"FACDADB0-D7BF-4FC2-912F-8B1968AFB1E0","bankName":"World Bank","accountNumber":"Tvh 2334","approxValue":250000,"isDeleted":false,"_id":"5d42aa0ede9dd0129e05df99"},{"isSynced":true,"lastUpdatedAt":1564649709,"localId":"FACDADB0-D7BF-4FC2-912F-8B1968AFB1E0","bankName":"World Bank","accountNumber":"Tvh 2334","approxValue":250000,"isDeleted":false,"_id":"5d42aa1cde9dd0129e05dfa2"},{"isSynced":true,"lastUpdatedAt":1564649709,"localId":"FACDADB0-D7BF-4FC2-912F-8B1968AFB1E0","bankName":"World Bank","accountNumber":"Tvh 2334","approxValue":250000,"isDeleted":false,"_id":"5d42abbdde9dd0129e05dfac"},{"isSynced":true,"lastUpdatedAt":1223456789,"localId":"5667","bankName":"WorldBank","accountNumber":"1234567acc","approxValue":100,"isDeleted":false,"_id":"5d42ae81de9dd0129e05dfc1"}],"cryptoDetails":[{"isSynced":true,"lastUpdatedAt":1223456789,"localId":"123","coinName":"Bit Coin","exchangeName":"Anita Ra","ownedCoin":100,"approxValue":150,"isDeleted":false,"_id":"5d427bf137093203bdad4837"},{"isSynced":true,"lastUpdatedAt":1564649758,"localId":"0F119268-BDF9-4C6A-BF00-2081AA1F9F0E","coinName":"Bit Coin","exchangeName":"anita","ownedCoin":258,"approxValue":25800000,"isDeleted":false,"_id":"5d42a91fde9dd0129e05df71"},{"isSynced":true,"lastUpdatedAt":1564649758,"localId":"0F119268-BDF9-4C6A-BF00-2081AA1F9F0E","coinName":"Bit Coin","exchangeName":"anita","ownedCoin":258,"approxValue":25800000,"isDeleted":false,"_id":"5d42a948de9dd0129e05df73"},{"isSynced":true,"lastUpdatedAt":1564649758,"localId":"0F119268-BDF9-4C6A-BF00-2081AA1F9F0E","coinName":"Bit Coin","exchangeName":"anita","ownedCoin":258,"approxValue":25800000,"isDeleted":false,"_id":"5d42a95cde9dd0129e05df76"},{"isSynced":true,"lastUpdatedAt":1564649758,"localId":"0F119268-BDF9-4C6A-BF00-2081AA1F9F0E","coinName":"Bit Coin","exchangeName":"anita","ownedCoin":258,"approxValue":25800000,"isDeleted":false,"_id":"5d42a96bde9dd0129e05df7a"},{"isSynced":true,"lastUpdatedAt":1564649758,"localId":"0F119268-BDF9-4C6A-BF00-2081AA1F9F0E","coinName":"Bit Coin","exchangeName":"anita","ownedCoin":258,"approxValue":25800000,"isDeleted":false,"_id":"5d42a98bde9dd0129e05df7f"},{"isSynced":true,"lastUpdatedAt":1564649758,"localId":"0F119268-BDF9-4C6A-BF00-2081AA1F9F0E","coinName":"Bit Coin","exchangeName":"anita","ownedCoin":258,"approxValue":25800000,"isDeleted":false,"_id":"5d42a9a6de9dd0129e05df85"},{"isSynced":true,"lastUpdatedAt":1564649758,"localId":"0F119268-BDF9-4C6A-BF00-2081AA1F9F0E","coinName":"Bit Coin","exchangeName":"anita","ownedCoin":258,"approxValue":25800000,"isDeleted":false,"_id":"5d42a9b7de9dd0129e05df8b"},{"isSynced":true,"lastUpdatedAt":1564649758,"localId":"0F119268-BDF9-4C6A-BF00-2081AA1F9F0E","coinName":"Bit Coin","exchangeName":"anita","ownedCoin":258,"approxValue":25800000,"isDeleted":false,"_id":"5d42a9d6de9dd0129e05df92"},{"isSynced":true,"lastUpdatedAt":1564649758,"localId":"0F119268-BDF9-4C6A-BF00-2081AA1F9F0E","coinName":"Bit Coin","exchangeName":"anita","ownedCoin":258,"approxValue":25800000,"isDeleted":false,"_id":"5d42aa0ede9dd0129e05df9a"},{"isSynced":true,"lastUpdatedAt":1564649758,"localId":"0F119268-BDF9-4C6A-BF00-2081AA1F9F0E","coinName":"Bit Coin","exchangeName":"anita","ownedCoin":258,"approxValue":25800000,"isDeleted":false,"_id":"5d42aa1cde9dd0129e05dfa3"},{"isSynced":true,"lastUpdatedAt":1564649758,"localId":"0F119268-BDF9-4C6A-BF00-2081AA1F9F0E","coinName":"Bit Coin","exchangeName":"anita","ownedCoin":258,"approxValue":25800000,"isDeleted":false,"_id":"5d42abbdde9dd0129e05dfad"},{"isSynced":true,"lastUpdatedAt":1223456789,"localId":"999","coinName":"Bit Coin","exchangeName":"Anita Ra","ownedCoin":100,"approxValue":150,"isDeleted":false,"_id":"5d42ae81de9dd0129e05dfc2"},{"isSynced":true,"lastUpdatedAt":1223456789,"localId":"999","coinName":"Bit Coin","exchangeName":"Anita Ra","ownedCoin":100,"approxValue":150,"isDeleted":false,"_id":"5d42b035de9dd0129e05dfd6"}],"realPropertyDetails":[{"isSynced":true,"lastUpdatedAt":1223456789,"localId":"123","address":"Buddhanilkantha, KTM","approxValue":2500000,"isDeleted":false,"_id":"5d427bf137093203bdad4838"},{"isSynced":true,"lastUpdatedAt":1564649799,"localId":"F3E8D2FE-CB8D-4E42-94C7-A9441C1A7C98","address":"Budhanilkantha","approxValue":250000000,"isDeleted":false,"_id":"5d42a948de9dd0129e05df74"},{"isSynced":true,"lastUpdatedAt":1564649799,"localId":"F3E8D2FE-CB8D-4E42-94C7-A9441C1A7C98","address":"Budhanilkantha","approxValue":250000000,"isDeleted":false,"_id":"5d42a95cde9dd0129e05df77"},{"isSynced":true,"lastUpdatedAt":1564649799,"localId":"F3E8D2FE-CB8D-4E42-94C7-A9441C1A7C98","address":"Budhanilkantha","approxValue":250000000,"isDeleted":false,"_id":"5d42a96bde9dd0129e05df7b"},{"isSynced":true,"lastUpdatedAt":1564649799,"localId":"F3E8D2FE-CB8D-4E42-94C7-A9441C1A7C98","address":"Budhanilkantha","approxValue":250000000,"isDeleted":false,"_id":"5d42a98bde9dd0129e05df80"},{"isSynced":true,"lastUpdatedAt":1564649799,"localId":"F3E8D2FE-CB8D-4E42-94C7-A9441C1A7C98","address":"Budhanilkantha","approxValue":250000000,"isDeleted":false,"_id":"5d42a9a6de9dd0129e05df86"},{"isSynced":true,"lastUpdatedAt":1564649799,"localId":"F3E8D2FE-CB8D-4E42-94C7-A9441C1A7C98","address":"Budhanilkantha","approxValue":250000000,"isDeleted":false,"_id":"5d42a9b7de9dd0129e05df8c"},{"isSynced":true,"lastUpdatedAt":1564649799,"localId":"F3E8D2FE-CB8D-4E42-94C7-A9441C1A7C98","address":"Budhanilkantha","approxValue":250000000,"isDeleted":false,"_id":"5d42a9d6de9dd0129e05df93"},{"isSynced":true,"lastUpdatedAt":1564649799,"localId":"F3E8D2FE-CB8D-4E42-94C7-A9441C1A7C98","address":"Budhanilkantha","approxValue":250000000,"isDeleted":false,"_id":"5d42aa0ede9dd0129e05df9b"},{"isSynced":true,"lastUpdatedAt":1564649799,"localId":"F3E8D2FE-CB8D-4E42-94C7-A9441C1A7C98","address":"Budhanilkantha","approxValue":250000000,"isDeleted":false,"_id":"5d42aa1cde9dd0129e05dfa4"},{"isSynced":true,"lastUpdatedAt":1564649799,"localId":"F3E8D2FE-CB8D-4E42-94C7-A9441C1A7C98","address":"Budhanilkantha","approxValue":250000000,"isDeleted":false,"_id":"5d42abbdde9dd0129e05dfae"},{"isSynced":true,"lastUpdatedAt":1223456789,"localId":"4568","address":"Buddhanilkantha, KTM","approxValue":2500000,"isDeleted":false,"_id":"5d42ae81de9dd0129e05dfc3"},{"isSynced":true,"lastUpdatedAt":1223456789,"localId":"4568","address":"Buddhanilkantha, KTM","approxValue":2500000,"isDeleted":false,"_id":"5d42b035de9dd0129e05dfd7"}],"sharesDetails":[{"isSynced":true,"lastUpdatedAt":1223456789,"localId":"123","companyName":"Firefly Services Ptv Ltd","numberOfShare":50,"asxCode":"QWd","approxValue":100000,"isDeleted":false,"_id":"5d427bf137093203bdad4839"},{"isSynced":true,"lastUpdatedAt":1564649819,"localId":"2E96A341-6260-4340-BF87-57AB78651206","companyName":"Firefly","numberOfShare":250,"asxCode":"Qwd","approxValue":5580000,"isDeleted":false,"_id":"5d42a95cde9dd0129e05df78"},{"isSynced":true,"lastUpdatedAt":1564649819,"localId":"2E96A341-6260-4340-BF87-57AB78651206","companyName":"Firefly","numberOfShare":250,"asxCode":"Qwd","approxValue":5580000,"isDeleted":false,"_id":"5d42a96bde9dd0129e05df7c"},{"isSynced":true,"lastUpdatedAt":1564649819,"localId":"2E96A341-6260-4340-BF87-57AB78651206","companyName":"Firefly","numberOfShare":250,"asxCode":"Qwd","approxValue":5580000,"isDeleted":false,"_id":"5d42a98bde9dd0129e05df81"},{"isSynced":true,"lastUpdatedAt":1564649819,"localId":"2E96A341-6260-4340-BF87-57AB78651206","companyName":"Firefly","numberOfShare":250,"asxCode":"Qwd","approxValue":5580000,"isDeleted":false,"_id":"5d42a9a6de9dd0129e05df87"},{"isSynced":true,"lastUpdatedAt":1564649819,"localId":"2E96A341-6260-4340-BF87-57AB78651206","companyName":"Firefly","numberOfShare":250,"asxCode":"Qwd","approxValue":5580000,"isDeleted":false,"_id":"5d42a9b7de9dd0129e05df8d"},{"isSynced":true,"lastUpdatedAt":1564649819,"localId":"2E96A341-6260-4340-BF87-57AB78651206","companyName":"Firefly","numberOfShare":250,"asxCode":"Qwd","approxValue":5580000,"isDeleted":false,"_id":"5d42a9d6de9dd0129e05df94"},{"isSynced":true,"lastUpdatedAt":1564649819,"localId":"2E96A341-6260-4340-BF87-57AB78651206","companyName":"Firefly","numberOfShare":250,"asxCode":"Qwd","approxValue":5580000,"isDeleted":false,"_id":"5d42aa0ede9dd0129e05df9c"},{"isSynced":true,"lastUpdatedAt":1564649819,"localId":"2E96A341-6260-4340-BF87-57AB78651206","companyName":"Firefly","numberOfShare":250,"asxCode":"Qwd","approxValue":5580000,"isDeleted":false,"_id":"5d42aa1cde9dd0129e05dfa5"},{"isSynced":true,"lastUpdatedAt":1564649819,"localId":"2E96A341-6260-4340-BF87-57AB78651206","companyName":"Firefly","numberOfShare":250,"asxCode":"Qwd","approxValue":5580000,"isDeleted":false,"_id":"5d42abbdde9dd0129e05dfaf"},{"isSynced":true,"lastUpdatedAt":1223456789,"localId":"456","companyName":"Firefly Services Ptv Ltd","numberOfShare":50,"asxCode":"QWd","approxValue":100000,"isDeleted":false,"_id":"5d42ae81de9dd0129e05dfc4"},{"isSynced":true,"lastUpdatedAt":1223456789,"localId":"456","companyName":"Firefly Services Ptv Ltd","numberOfShare":50,"asxCode":"QWd","approxValue":100000,"isDeleted":false,"_id":"5d42b035de9dd0129e05dfd8"}],"cashDetails":[{"isSynced":true,"lastUpdatedAt":1223456789,"localId":"123","approxStoredLocation":"Kumaripati, Lalitpur","approxValue":5000000,"isDeleted":false,"_id":"5d427bf137093203bdad483a"},{"isSynced":true,"lastUpdatedAt":1564649835,"localId":"28B1CC30-6475-4608-8D27-40DF7C6DC765","approxStoredLocation":"Tesr","approxValue":850000,"isDeleted":false,"_id":"5d42a96bde9dd0129e05df7d"},{"isSynced":true,"lastUpdatedAt":1564649835,"localId":"28B1CC30-6475-4608-8D27-40DF7C6DC765","approxStoredLocation":"Tesr","approxValue":850000,"isDeleted":false,"_id":"5d42a98bde9dd0129e05df82"},{"isSynced":true,"lastUpdatedAt":1564649835,"localId":"28B1CC30-6475-4608-8D27-40DF7C6DC765","approxStoredLocation":"Tesr","approxValue":850000,"isDeleted":false,"_id":"5d42a9a6de9dd0129e05df88"},{"isSynced":true,"lastUpdatedAt":1564649835,"localId":"28B1CC30-6475-4608-8D27-40DF7C6DC765","approxStoredLocation":"Tesr","approxValue":850000,"isDeleted":false,"_id":"5d42a9b7de9dd0129e05df8e"},{"isSynced":true,"lastUpdatedAt":1564649835,"localId":"28B1CC30-6475-4608-8D27-40DF7C6DC765","approxStoredLocation":"Tesr","approxValue":850000,"isDeleted":false,"_id":"5d42a9d6de9dd0129e05df95"},{"isSynced":true,"lastUpdatedAt":1564649835,"localId":"28B1CC30-6475-4608-8D27-40DF7C6DC765","approxStoredLocation":"Tesr","approxValue":850000,"isDeleted":false,"_id":"5d42aa0ede9dd0129e05df9d"},{"isSynced":true,"lastUpdatedAt":1564649835,"localId":"28B1CC30-6475-4608-8D27-40DF7C6DC765","approxStoredLocation":"Tesr","approxValue":850000,"isDeleted":false,"_id":"5d42aa1cde9dd0129e05dfa6"},{"isSynced":true,"lastUpdatedAt":1564649835,"localId":"28B1CC30-6475-4608-8D27-40DF7C6DC765","approxStoredLocation":"Tesr","approxValue":850000,"isDeleted":false,"_id":"5d42abbdde9dd0129e05dfb0"},{"isSynced":true,"lastUpdatedAt":1223456789,"localId":"9099","approxStoredLocation":"Kumaripati, Lalitpur","approxValue":5000000,"isDeleted":false,"_id":"5d42ae81de9dd0129e05dfc5"},{"isSynced":true,"lastUpdatedAt":1223456789,"localId":"9099","approxStoredLocation":"Kumaripati, Lalitpur","approxValue":5000000,"isDeleted":false,"_id":"5d42b035de9dd0129e05dfd9"}],"vehiclesDetails":[{"isSynced":true,"lastUpdatedAt":1223456789,"localId":"123","vehicleType":"Car","description":"Black","makeModel":"Ford","registrationNumber":"345awefgqq112","joinOwnerShip":false,"joinOwnerShipDetails":[{"localId":"123","email":"oqpratik@gmail.com","lastName":"Shrestha","middleName":"","nickName":"Pratik","address":"Thaiba","contactNumber":"9841151757","lastUpdatedAt":1223456789,"isSynced":true,"status":true,"isDeleted":false,"_id":"5d3fcedde497235031f411f5","relation":"Spouse","firstName":"Pratik","createdAt":"2019-07-30T05:00:13.769Z","updatedAt":"2019-07-30T05:00:13.769Z"}],"approxValue":6500000,"isDeleted":false,"_id":"5d427bf137093203bdad483b"},{"isSynced":true,"lastUpdatedAt":1564649867,"localId":"6420C689-0F11-4F18-84A1-254B471E712E","vehicleType":"Car","description":"","makeModel":"Tgv133","registrationNumber":"Tgcz14567","joinOwnerShip":true,"joinOwnerShipDetails":[],"approxValue":25000,"isDeleted":false,"_id":"5d42a98bde9dd0129e05df83"},{"isSynced":true,"lastUpdatedAt":1564649893,"localId":"6420C689-0F11-4F18-84A1-254B471E712E","vehicleType":"Car","description":"","makeModel":"Tgv133","registrationNumber":"Tgcz14567","joinOwnerShip":false,"joinOwnerShipDetails":[],"approxValue":25000,"isDeleted":false,"_id":"5d42a9a6de9dd0129e05df89"},{"isSynced":true,"lastUpdatedAt":1564649893,"localId":"6420C689-0F11-4F18-84A1-254B471E712E","vehicleType":"Car","description":"","makeModel":"Tgv133","registrationNumber":"Tgcz14567","joinOwnerShip":false,"joinOwnerShipDetails":[],"approxValue":25000,"isDeleted":false,"_id":"5d42a9b7de9dd0129e05df8f"},{"isSynced":true,"lastUpdatedAt":1564649893,"localId":"6420C689-0F11-4F18-84A1-254B471E712E","vehicleType":"Car","description":"","makeModel":"Tgv133","registrationNumber":"Tgcz14567","joinOwnerShip":false,"joinOwnerShipDetails":[],"approxValue":25000,"isDeleted":false,"_id":"5d42a9d6de9dd0129e05df96"},{"isSynced":true,"lastUpdatedAt":1564649893,"localId":"6420C689-0F11-4F18-84A1-254B471E712E","vehicleType":"Car","description":"","makeModel":"Tgv133","registrationNumber":"Tgcz14567","joinOwnerShip":false,"joinOwnerShipDetails":[],"approxValue":25000,"isDeleted":false,"_id":"5d42aa0ede9dd0129e05df9e"},{"isSynced":true,"lastUpdatedAt":1564649893,"localId":"6420C689-0F11-4F18-84A1-254B471E712E","vehicleType":"Car","description":"","makeModel":"Tgv133","registrationNumber":"Tgcz14567","joinOwnerShip":false,"joinOwnerShipDetails":[],"approxValue":25000,"isDeleted":false,"_id":"5d42aa1cde9dd0129e05dfa7"},{"isSynced":true,"lastUpdatedAt":1564649893,"localId":"6420C689-0F11-4F18-84A1-254B471E712E","vehicleType":"Car","description":"","makeModel":"Tgv133","registrationNumber":"Tgcz14567","joinOwnerShip":false,"joinOwnerShipDetails":[],"approxValue":25000,"isDeleted":false,"_id":"5d42abbdde9dd0129e05dfb1"},{"isSynced":true,"lastUpdatedAt":1223456789,"localId":"344","vehicleType":"Car","description":"Black","makeModel":"Ford","registrationNumber":"345awefgqq112","joinOwnerShip":false,"joinOwnerShipDetails":[],"approxValue":6500000,"isDeleted":false,"_id":"5d42ae81de9dd0129e05dfc6"},{"isSynced":true,"lastUpdatedAt":1223456789,"localId":"344","vehicleType":"Car","description":"Black","makeModel":"Ford","registrationNumber":"345awefgqq112","joinOwnerShip":false,"joinOwnerShipDetails":[],"approxValue":6500000,"isDeleted":false,"_id":"5d42b035de9dd0129e05dfda"}],"debtDetails":[{"isSynced":true,"lastUpdatedAt":1223456789,"localId":"123","personName":"Pratik Shrestha","approxValue":340000,"isDeleted":false,"_id":"5d427bf137093203bdad483c"},{"isSynced":true,"lastUpdatedAt":1564649910,"localId":"1857C403-B757-47FA-8614-6F4A593E1AEE","personName":"Bhub","approxValue":2580000,"isDeleted":false,"_id":"5d42a9b7de9dd0129e05df90"},{"isSynced":true,"lastUpdatedAt":1564649910,"localId":"1857C403-B757-47FA-8614-6F4A593E1AEE","personName":"Bhub","approxValue":2580000,"isDeleted":false,"_id":"5d42a9d6de9dd0129e05df97"},{"isSynced":true,"lastUpdatedAt":1564649910,"localId":"1857C403-B757-47FA-8614-6F4A593E1AEE","personName":"Bhub","approxValue":2580000,"isDeleted":false,"_id":"5d42aa0ede9dd0129e05df9f"},{"isSynced":true,"lastUpdatedAt":1564649910,"localId":"1857C403-B757-47FA-8614-6F4A593E1AEE","personName":"Bhub","approxValue":2580000,"isDeleted":false,"_id":"5d42aa1cde9dd0129e05dfa8"},{"isSynced":true,"lastUpdatedAt":1564649910,"localId":"1857C403-B757-47FA-8614-6F4A593E1AEE","personName":"Bhub","approxValue":2580000,"isDeleted":false,"_id":"5d42abbdde9dd0129e05dfb2"},{"isSynced":true,"lastUpdatedAt":1223456789,"localId":"15523","personName":"Pratik Shrestha","approxValue":340000,"isDeleted":false,"_id":"5d42ae81de9dd0129e05dfc7"},{"isSynced":true,"lastUpdatedAt":1223456789,"localId":"15523","personName":"Pratik Shrestha","approxValue":340000,"isDeleted":false,"_id":"5d42b035de9dd0129e05dfdb"}],"lifeInsuranceDetails":[{"isSynced":true,"lastUpdatedAt":1223456789,"localId":"123","name":"Sunita","isNominated":false,"nominationDetails":[null],"approxValue":0,"isDeleted":false,"_id":"5d427bf137093203bdad483d"},{"isSynced":true,"lastUpdatedAt":1564649941,"localId":"D4613D75-34CD-4E19-B402-9F66C8C73808","name":"Sunita","isNominated":false,"nominationDetails":[],"approxValue":25055,"isDeleted":false,"_id":"5d42a9d6de9dd0129e05df98"},{"isSynced":true,"lastUpdatedAt":1564649941,"localId":"D4613D75-34CD-4E19-B402-9F66C8C73808","name":"Sunita","isNominated":false,"nominationDetails":[],"approxValue":25055,"isDeleted":false,"_id":"5d42aa0ede9dd0129e05dfa0"},{"isSynced":true,"lastUpdatedAt":1564649941,"localId":"D4613D75-34CD-4E19-B402-9F66C8C73808","name":"Sunita","isNominated":false,"nominationDetails":[],"approxValue":25055,"isDeleted":false,"_id":"5d42aa1cde9dd0129e05dfa9"},{"isSynced":true,"lastUpdatedAt":1564649941,"localId":"D4613D75-34CD-4E19-B402-9F66C8C73808","name":"Sunita","isNominated":false,"nominationDetails":[],"approxValue":25055,"isDeleted":false,"_id":"5d42abbdde9dd0129e05dfb3"},{"isSynced":true,"lastUpdatedAt":1223456789,"localId":"353","name":"Sunita","isNominated":false,"nominationDetails":[],"approxValue":0,"isDeleted":false,"_id":"5d42ae81de9dd0129e05dfc8"},{"isSynced":true,"lastUpdatedAt":1223456789,"localId":"353","name":"Sunita","isNominated":false,"nominationDetails":[],"approxValue":0,"isDeleted":false,"_id":"5d42b035de9dd0129e05dfdc"}],"superannuationDetails":[{"isSynced":true,"lastUpdatedAt":1223456789,"localId":"123","superFundName":"Four sisters","isSuperNomination":false,"superNominationDetails":[null],"nominationBinding":"string","approxValue":0,"isDeleted":false,"_id":"5d427bf137093203bdad483e"},{"isSynced":true,"lastUpdatedAt":1564649998,"localId":"84439B11-5654-4B3E-953D-8F3A4BD890F3","superFundName":"Hhvv","isSuperNomination":false,"superNominationDetails":[],"nominationBinding":"2019-07-01T14:44:10.000Z","approxValue":0,"isDeleted":false,"_id":"5d42aa0ede9dd0129e05dfa1"},{"isSynced":true,"lastUpdatedAt":1564649998,"localId":"84439B11-5654-4B3E-953D-8F3A4BD890F3","superFundName":"Hhvv","isSuperNomination":false,"superNominationDetails":[],"nominationBinding":"2019-07-01T14:44:10.000Z","approxValue":0,"isDeleted":false,"_id":"5d42aa1cde9dd0129e05dfaa"},{"isSynced":true,"lastUpdatedAt":1564649998,"localId":"84439B11-5654-4B3E-953D-8F3A4BD890F3","superFundName":"Hhvv","isSuperNomination":false,"superNominationDetails":[],"nominationBinding":"2019-07-01T14:44:10.000Z","approxValue":0,"isDeleted":false,"_id":"5d42abbdde9dd0129e05dfb4"},{"isSynced":true,"lastUpdatedAt":1223456789,"localId":"145323","superFundName":"Four sisters","isSuperNomination":false,"superNominationDetails":[],"nominationBinding":"2019-07-01T14:44:10.000Z","approxValue":0,"isDeleted":false,"_id":"5d42ae81de9dd0129e05dfc9"},{"isSynced":true,"lastUpdatedAt":1223456789,"localId":"145323","superFundName":"Four sisters","isSuperNomination":false,"superNominationDetails":[],"nominationBinding":"2019-07-01T14:44:10.000Z","approxValue":0,"isDeleted":false,"_id":"5d42b035de9dd0129e05dfdd"}],"otherDetails":[{"isSynced":true,"lastUpdatedAt":1223456789,"localId":"123","title":"Flat","description":"Beautiful flat with terrace view.","approxValue":500000,"isDeleted":false,"_id":"5d427bf137093203bdad483f"},{"isSynced":true,"lastUpdatedAt":1564650011,"localId":"DF7FC130-C462-4C76-B582-4C151A5ABD56","title":"Vvb","description":"Ghh","approxValue":25000,"isDeleted":false,"_id":"5d42aa1cde9dd0129e05dfab"},{"isSynced":true,"lastUpdatedAt":1564650011,"localId":"DF7FC130-C462-4C76-B582-4C151A5ABD56","title":"Vvb","description":"Ghh","approxValue":25000,"isDeleted":false,"_id":"5d42abbdde9dd0129e05dfb5"},{"isSynced":true,"lastUpdatedAt":1223456789,"localId":"4636","title":"Flat","description":"Beautiful flat with terrace view.","approxValue":500000,"isDeleted":false,"_id":"5d42ae81de9dd0129e05dfca"},{"isSynced":true,"lastUpdatedAt":1223456789,"localId":"4636","title":"Flat","description":"Beautiful flat with terrace view.","approxValue":500000,"isDeleted":false,"_id":"5d42b035de9dd0129e05dfde"}],"createdAt":"2019-08-01T05:43:13.343Z","updatedAt":"2019-08-01T09:26:13.742Z","__v":0}]}<br/>
Response is: {"message":"success","data":[{"localId":"123","isDeleted":false,"isSynced":true,"lastUpdatedAt":1223456789,"_id":"5d42a8a3de9dd0129e05df68","user":{"lastName":"Rai","middleName":"Shrestha","phoneNumber":"9843719653","mobileNumber":"9843719653","birthDate":"1989-12-29T00:00:00.000Z","pinNumber":null,"currentAddress":"Thaiba,Godawari","email":"yangjee5@getnada.com","emailVerifyToken":"62065690-b41b-11e9-b76b-d1da4d13123f","emailVerifyCode":"i5sOJm","isEmailVerified":true,"emailVerifiedAt":1564636550872,"isFirstLogin":false,"isPurchased":false,"passwordToken":null,"passwordTokenExpiry":null,"emailVerifyCodeExpiry":"1564738061","status":1,"deviceType":null,"deviceId":null,"deviceToken":null,"_id":"5d4274e437093203bdad4815","firstName":"Yangjee","password":"$2a$10$dS8sluMSxYkVegpRXevSDubR/q51/.xgP/Y1z/RXOD1XT0OeQzYme","createdAt":"2019-08-01T05:13:08.083Z","updatedAt":"2019-08-01T09:27:41.064Z","__v":0,"fullName":"Yangjee Rai","id":"5d4274e437093203bdad4815"},"mortgageDetails":[{"isSynced":true,"lastUpdatedAt":1223456789,"localId":"123","bankName":"NMB","accountNumber":"1234yhmsgh","relatesTo":"Personal","approxValue":6000000,"isDeleted":false,"_id":"5d42a8a3de9dd0129e05df69"}],"personalLoanDetails":[{"isSynced":true,"lastUpdatedAt":1223456789,"localId":"123","bankName":"Nabil Bank","accountNumber":"agaga124","approxValue":700000,"isDeleted":false,"_id":"5d42a8a3de9dd0129e05df6a"}],"creditCardDetails":[{"isSynced":true,"lastUpdatedAt":1223456789,"localId":"456","issuerName":"Bakhat Rai","accountNumber":"67sss123sh","approxValue":1000000,"isDeleted":false,"_id":"5d42a8a3de9dd0129e05df6b"}],"debtDetails":[{"isSynced":true,"lastUpdatedAt":1223456789,"localId":"12344","personName":"Sunita","approxValue":699990,"isDeleted":false,"_id":"5d42a8a3de9dd0129e05df6c"}],"hecsDetails":[{"isSynced":true,"lastUpdatedAt":1223456789,"localId":"567878","approxValue":900000,"isDeleted":false,"_id":"5d42a8a3de9dd0129e05df6d"}],"otherDetails":[{"isSynced":true,"lastUpdatedAt":1223456789,"localId":"4567","title":"Main","description":"Furniture","personName":"Anita Rai","approxValue":700000,"isDeleted":false,"_id":"5d42a8a3de9dd0129e05df6e"}],"createdAt":"2019-08-01T08:53:55.614Z","updatedAt":"2019-08-01T08:53:55.637Z","__v":0}]}<br/>
Response is: {"message":"success","data":[{"families":{"localId":"BF3A9A92-C858-4337-9411-4E7ADE37D9CC","email":null,"lastName":"Rai","middleName":"","nickName":"","address":"Narayanthan","contactNumber":"9843719653","lastUpdatedAt":1564636988,"isSynced":true,"status":true,"isDeleted":false,"_id":"5d42773d37093203bdad4820","relation":"Father","firstName":"Bakhat","createdAt":"2019-08-01T05:23:09.178Z","updatedAt":"2019-08-01T05:23:09.178Z"},"isSynced":true,"executorType":"primary","isDeleted":false,"_id":"5d42797d37093203bdad482d","localId":"123","lastUpdatedAt":1223456789,"user":{"lastName":"Rai","middleName":"Shrestha","phoneNumber":"9843719653","mobileNumber":"9843719653","birthDate":"1989-12-29T00:00:00.000Z","pinNumber":null,"currentAddress":"Thaiba,Godawari","email":"yangjee5@getnada.com","emailVerifyToken":"62065690-b41b-11e9-b76b-d1da4d13123f","emailVerifyCode":"i5sOJm","isEmailVerified":true,"emailVerifiedAt":1564636550872,"isFirstLogin":false,"isPurchased":false,"passwordToken":null,"passwordTokenExpiry":null,"emailVerifyCodeExpiry":"1564738061","status":1,"deviceType":null,"deviceId":null,"deviceToken":null,"_id":"5d4274e437093203bdad4815","firstName":"Yangjee","password":"$2a$10$dS8sluMSxYkVegpRXevSDubR/q51/.xgP/Y1z/RXOD1XT0OeQzYme","createdAt":"2019-08-01T05:13:08.083Z","updatedAt":"2019-08-01T09:27:41.064Z","__v":0,"fullName":"Yangjee Rai","id":"5d4274e437093203bdad4815"},"__v":0,"createdAt":"2019-08-01T05:32:45.329Z","updatedAt":"2019-08-01T05:32:45.329Z"},{"families":null,"isSynced":true,"executorType":"secondary","isDeleted":false,"_id":"5d42799037093203bdad482e","lastUpdatedAt":1564637515,"localId":"8B2F7000-B873-4625-AD69-FCE4A51F72B3","user":{"lastName":"Rai","middleName":"Shrestha","phoneNumber":"9843719653","mobileNumber":"9843719653","birthDate":"1989-12-29T00:00:00.000Z","pinNumber":null,"currentAddress":"Thaiba,Godawari","email":"yangjee5@getnada.com","emailVerifyToken":"62065690-b41b-11e9-b76b-d1da4d13123f","emailVerifyCode":"i5sOJm","isEmailVerified":true,"emailVerifiedAt":1564636550872,"isFirstLogin":false,"isPurchased":false,"passwordToken":null,"passwordTokenExpiry":null,"emailVerifyCodeExpiry":"1564738061","status":1,"deviceType":null,"deviceId":null,"deviceToken":null,"_id":"5d4274e437093203bdad4815","firstName":"Yangjee","password":"$2a$10$dS8sluMSxYkVegpRXevSDubR/q51/.xgP/Y1z/RXOD1XT0OeQzYme","createdAt":"2019-08-01T05:13:08.083Z","updatedAt":"2019-08-01T09:27:41.064Z","__v":0,"fullName":"Yangjee Rai","id":"5d4274e437093203bdad4815"},"__v":0,"createdAt":"2019-08-01T05:33:04.016Z","updatedAt":"2019-08-01T05:33:04.016Z"},{"families":null,"isSynced":true,"executorType":"primary","isDeleted":false,"_id":"5d42799037093203bdad482f","lastUpdatedAt":1564637515,"localId":"7AEFCC72-412A-4301-8DEF-EA2D070AE00B","user":{"lastName":"Rai","middleName":"Shrestha","phoneNumber":"9843719653","mobileNumber":"9843719653","birthDate":"1989-12-29T00:00:00.000Z","pinNumber":null,"currentAddress":"Thaiba,Godawari","email":"yangjee5@getnada.com","emailVerifyToken":"62065690-b41b-11e9-b76b-d1da4d13123f","emailVerifyCode":"i5sOJm","isEmailVerified":true,"emailVerifiedAt":1564636550872,"isFirstLogin":false,"isPurchased":false,"passwordToken":null,"passwordTokenExpiry":null,"emailVerifyCodeExpiry":"1564738061","status":1,"deviceType":null,"deviceId":null,"deviceToken":null,"_id":"5d4274e437093203bdad4815","firstName":"Yangjee","password":"$2a$10$dS8sluMSxYkVegpRXevSDubR/q51/.xgP/Y1z/RXOD1XT0OeQzYme","createdAt":"2019-08-01T05:13:08.083Z","updatedAt":"2019-08-01T09:27:41.064Z","__v":0,"fullName":"Yangjee Rai","id":"5d4274e437093203bdad4815"},"__v":0,"createdAt":"2019-08-01T05:33:04.016Z","updatedAt":"2019-08-01T05:33:04.016Z"},{"families":null,"isSynced":true,"executorType":"altSecondary","isDeleted":false,"_id":"5d42799037093203bdad4830","lastUpdatedAt":1564637515,"localId":"80B4BE2E-8064-4F3C-BE60-491FD51E90E8","user":{"lastName":"Rai","middleName":"Shrestha","phoneNumber":"9843719653","mobileNumber":"9843719653","birthDate":"1989-12-29T00:00:00.000Z","pinNumber":null,"currentAddress":"Thaiba,Godawari","email":"yangjee5@getnada.com","emailVerifyToken":"62065690-b41b-11e9-b76b-d1da4d13123f","emailVerifyCode":"i5sOJm","isEmailVerified":true,"emailVerifiedAt":1564636550872,"isFirstLogin":false,"isPurchased":false,"passwordToken":null,"passwordTokenExpiry":null,"emailVerifyCodeExpiry":"1564738061","status":1,"deviceType":null,"deviceId":null,"deviceToken":null,"_id":"5d4274e437093203bdad4815","firstName":"Yangjee","password":"$2a$10$dS8sluMSxYkVegpRXevSDubR/q51/.xgP/Y1z/RXOD1XT0OeQzYme","createdAt":"2019-08-01T05:13:08.083Z","updatedAt":"2019-08-01T09:27:41.064Z","__v":0,"fullName":"Yangjee Rai","id":"5d4274e437093203bdad4815"},"__v":0,"createdAt":"2019-08-01T05:33:04.016Z","updatedAt":"2019-08-01T05:33:04.016Z"},{"families":{"localId":"BF3A9A92-C858-4337-9411-4E7ADE37D9CC","email":null,"lastName":"Rai","middleName":"","nickName":"","address":"Narayanthan","contactNumber":"9843719653","lastUpdatedAt":1564636988,"isSynced":true,"status":true,"isDeleted":false,"_id":"5d42773d37093203bdad4820","relation":"Father","firstName":"Bakhat","createdAt":"2019-08-01T05:23:09.178Z","updatedAt":"2019-08-01T05:23:09.178Z"},"isSynced":true,"executorType":"primary","isDeleted":false,"_id":"5d42a544de9dd0129e05df5b","localId":"123","lastUpdatedAt":1223456789,"user":{"lastName":"Rai","middleName":"Shrestha","phoneNumber":"9843719653","mobileNumber":"9843719653","birthDate":"1989-12-29T00:00:00.000Z","pinNumber":null,"currentAddress":"Thaiba,Godawari","email":"yangjee5@getnada.com","emailVerifyToken":"62065690-b41b-11e9-b76b-d1da4d13123f","emailVerifyCode":"i5sOJm","isEmailVerified":true,"emailVerifiedAt":1564636550872,"isFirstLogin":false,"isPurchased":false,"passwordToken":null,"passwordTokenExpiry":null,"emailVerifyCodeExpiry":"1564738061","status":1,"deviceType":null,"deviceId":null,"deviceToken":null,"_id":"5d4274e437093203bdad4815","firstName":"Yangjee","password":"$2a$10$dS8sluMSxYkVegpRXevSDubR/q51/.xgP/Y1z/RXOD1XT0OeQzYme","createdAt":"2019-08-01T05:13:08.083Z","updatedAt":"2019-08-01T09:27:41.064Z","__v":0,"fullName":"Yangjee Rai","id":"5d4274e437093203bdad4815"},"__v":0,"createdAt":"2019-08-01T08:39:32.733Z","updatedAt":"2019-08-01T08:39:32.733Z"}]}<br/>
Response is: {"message":"success","data":[{"families":null,"isSynced":true,"guardianOf":"pet","isDeleted":false,"_id":"5d42a2f3de9dd0129e05df52","localId":"78127867-D2DA-4BFC-90B6-06BDDE5F9F3C","lastUpdatedAt":1564647996,"user":{"lastName":"Rai","middleName":"Shrestha","phoneNumber":"9843719653","mobileNumber":"9843719653","birthDate":"1989-12-29T00:00:00.000Z","pinNumber":null,"currentAddress":"Thaiba,Godawari","email":"yangjee5@getnada.com","emailVerifyToken":"62065690-b41b-11e9-b76b-d1da4d13123f","emailVerifyCode":"i5sOJm","isEmailVerified":true,"emailVerifiedAt":1564636550872,"isFirstLogin":false,"isPurchased":false,"passwordToken":null,"passwordTokenExpiry":null,"emailVerifyCodeExpiry":"1564738061","status":1,"deviceType":null,"deviceId":null,"deviceToken":null,"_id":"5d4274e437093203bdad4815","firstName":"Yangjee","password":"$2a$10$dS8sluMSxYkVegpRXevSDubR/q51/.xgP/Y1z/RXOD1XT0OeQzYme","createdAt":"2019-08-01T05:13:08.083Z","updatedAt":"2019-08-01T09:27:41.064Z","__v":0,"fullName":"Yangjee Rai","id":"5d4274e437093203bdad4815"},"__v":0,"createdAt":"2019-08-01T08:29:39.025Z","updatedAt":"2019-08-01T08:29:39.025Z"},{"families":null,"isSynced":true,"guardianOf":"children","isDeleted":false,"_id":"5d42a2f3de9dd0129e05df53","lastUpdatedAt":1564647996,"localId":"397D7338-EC3F-45AE-910D-35464AF7168C","user":{"lastName":"Rai","middleName":"Shrestha","phoneNumber":"9843719653","mobileNumber":"9843719653","birthDate":"1989-12-29T00:00:00.000Z","pinNumber":null,"currentAddress":"Thaiba,Godawari","email":"yangjee5@getnada.com","emailVerifyToken":"62065690-b41b-11e9-b76b-d1da4d13123f","emailVerifyCode":"i5sOJm","isEmailVerified":true,"emailVerifiedAt":1564636550872,"isFirstLogin":false,"isPurchased":false,"passwordToken":null,"passwordTokenExpiry":null,"emailVerifyCodeExpiry":"1564738061","status":1,"deviceType":null,"deviceId":null,"deviceToken":null,"_id":"5d4274e437093203bdad4815","firstName":"Yangjee","password":"$2a$10$dS8sluMSxYkVegpRXevSDubR/q51/.xgP/Y1z/RXOD1XT0OeQzYme","createdAt":"2019-08-01T05:13:08.083Z","updatedAt":"2019-08-01T09:27:41.064Z","__v":0,"fullName":"Yangjee Rai","id":"5d4274e437093203bdad4815"},"__v":0,"createdAt":"2019-08-01T08:29:39.026Z","updatedAt":"2019-08-01T08:29:39.026Z"},{"families":{"localId":"BF3A9A92-C858-4337-9411-4E7ADE37D9CC","email":null,"lastName":"Rai","middleName":"","nickName":"","address":"Narayanthan","dob":"2019-08-01T00:00:00.000Z","contactNumber":"9843719653","lastUpdatedAt":1564636988,"isSynced":true,"status":true,"isDeleted":false,"_id":"5d42773d37093203bdad4820","user":"5d4274e437093203bdad4815","relation":"Father","firstName":"Bakhat","createdAt":"2019-08-01T05:23:09.178Z","updatedAt":"2019-08-01T05:23:09.178Z","__v":0},"isSynced":true,"guardianOf":"children","isDeleted":false,"_id":"5d42a824de9dd0129e05df64","localId":"123","lastUpdatedAt":1223456789,"user":{"lastName":"Rai","middleName":"Shrestha","phoneNumber":"9843719653","mobileNumber":"9843719653","birthDate":"1989-12-29T00:00:00.000Z","pinNumber":null,"currentAddress":"Thaiba,Godawari","email":"yangjee5@getnada.com","emailVerifyToken":"62065690-b41b-11e9-b76b-d1da4d13123f","emailVerifyCode":"i5sOJm","isEmailVerified":true,"emailVerifiedAt":1564636550872,"isFirstLogin":false,"isPurchased":false,"passwordToken":null,"passwordTokenExpiry":null,"emailVerifyCodeExpiry":"1564738061","status":1,"deviceType":null,"deviceId":null,"deviceToken":null,"_id":"5d4274e437093203bdad4815","firstName":"Yangjee","password":"$2a$10$dS8sluMSxYkVegpRXevSDubR/q51/.xgP/Y1z/RXOD1XT0OeQzYme","createdAt":"2019-08-01T05:13:08.083Z","updatedAt":"2019-08-01T09:27:41.064Z","__v":0,"fullName":"Yangjee Rai","id":"5d4274e437093203bdad4815"},"__v":0,"createdAt":"2019-08-01T08:51:48.599Z","updatedAt":"2019-08-01T08:51:48.599Z"}]}<br/>
Response is: {"message":"success","data":[{"socialMediaControl":false,"socialMediaControlFamily":null,"organDonation":true,"organDonationDetail":"Qqqq","donateBlood":true,"donateBloodDetail":"Reer","funeralDirection":"Cremate","funeralDirectionDetail":"Make it white and pink","isSynced":true,"isDeleted":false,"_id":"5d427a3d37093203bdad4834","localId":"1234","lastUpdatedAt":12345555,"user":{"lastName":"Rai","middleName":"Shrestha","phoneNumber":"9843719653","mobileNumber":"9843719653","birthDate":"1989-12-29T00:00:00.000Z","pinNumber":null,"currentAddress":"Thaiba,Godawari","email":"yangjee5@getnada.com","emailVerifyToken":"62065690-b41b-11e9-b76b-d1da4d13123f","emailVerifyCode":"i5sOJm","isEmailVerified":true,"emailVerifiedAt":1564636550872,"isFirstLogin":false,"isPurchased":false,"passwordToken":null,"passwordTokenExpiry":null,"emailVerifyCodeExpiry":"1564738061","status":1,"deviceType":null,"deviceId":null,"deviceToken":null,"_id":"5d4274e437093203bdad4815","firstName":"Yangjee","password":"$2a$10$dS8sluMSxYkVegpRXevSDubR/q51/.xgP/Y1z/RXOD1XT0OeQzYme","createdAt":"2019-08-01T05:13:08.083Z","updatedAt":"2019-08-01T09:27:41.064Z","__v":0,"fullName":"Yangjee Rai","id":"5d4274e437093203bdad4815"},"__v":0,"createdAt":"2019-08-01T05:35:57.517Z","updatedAt":"2019-08-01T05:35:57.517Z"},{"socialMediaControl":false,"socialMediaControlFamily":null,"organDonation":true,"organDonationDetail":"HI all","donateBlood":true,"donateBloodDetail":"blood detail","funeralDirection":"Burial","funeralDirectionDetail":"Make it white and pink","isSynced":true,"isDeleted":false,"_id":"5d42a545de9dd0129e05df5c","localId":"1234","lastUpdatedAt":1223456789,"user":{"lastName":"Rai","middleName":"Shrestha","phoneNumber":"9843719653","mobileNumber":"9843719653","birthDate":"1989-12-29T00:00:00.000Z","pinNumber":null,"currentAddress":"Thaiba,Godawari","email":"yangjee5@getnada.com","emailVerifyToken":"62065690-b41b-11e9-b76b-d1da4d13123f","emailVerifyCode":"i5sOJm","isEmailVerified":true,"emailVerifiedAt":1564636550872,"isFirstLogin":false,"isPurchased":false,"passwordToken":null,"passwordTokenExpiry":null,"emailVerifyCodeExpiry":"1564738061","status":1,"deviceType":null,"deviceId":null,"deviceToken":null,"_id":"5d4274e437093203bdad4815","firstName":"Yangjee","password":"$2a$10$dS8sluMSxYkVegpRXevSDubR/q51/.xgP/Y1z/RXOD1XT0OeQzYme","createdAt":"2019-08-01T05:13:08.083Z","updatedAt":"2019-08-01T09:27:41.064Z","__v":0,"fullName":"Yangjee Rai","id":"5d4274e437093203bdad4815"},"__v":0,"createdAt":"2019-08-01T08:39:33.432Z","updatedAt":"2019-08-01T08:39:33.432Z"}]}<br/>
Response is: {"message":"success","data":[{"localId":"123","name":"Blue cross","abn":"Hospital","address":"Tripureshwor","lastUpdatedAt":1223456789,"isSynced":true,"isDeleted":false,"_id":"5d42af09de9dd0129e05dfce","user":{"lastName":"Rai","middleName":"Shrestha","phoneNumber":"9843719653","mobileNumber":"9843719653","birthDate":"1989-12-29T00:00:00.000Z","pinNumber":null,"currentAddress":"Thaiba,Godawari","email":"yangjee5@getnada.com","emailVerifyToken":"62065690-b41b-11e9-b76b-d1da4d13123f","emailVerifyCode":"i5sOJm","isEmailVerified":true,"emailVerifiedAt":1564636550872,"isFirstLogin":false,"isPurchased":false,"passwordToken":null,"passwordTokenExpiry":null,"emailVerifyCodeExpiry":"1564738061","status":1,"deviceType":null,"deviceId":null,"deviceToken":null,"_id":"5d4274e437093203bdad4815","firstName":"Yangjee","password":"$2a$10$dS8sluMSxYkVegpRXevSDubR/q51/.xgP/Y1z/RXOD1XT0OeQzYme","createdAt":"2019-08-01T05:13:08.083Z","updatedAt":"2019-08-01T09:27:41.064Z","__v":0,"fullName":"Yangjee Rai","id":"5d4274e437093203bdad4815"},"__v":0,"createdAt":"2019-08-01T09:21:13.135Z","updatedAt":"2019-08-01T09:21:13.135Z"}]}<br/>
Response is: {"message":"success","data":[{"_id":"5d42af09de9dd0129e05dfcf","localId":"123","createdAt":"2019-08-01T09:21:13.737Z","lastUpdatedAt":1564651423,"beneficiaryType":"percentage","selectedBeneficiaryType":"family","charity":null,"family":{"_id":"5d41269f9bdfe675adce9777","localId":"8F4786C4-70E6-4522-8D5B-9E65F5D53596","email":null,"lastName":"Rai","middleName":"","nickName":"","address":"Narayanthan","dob":"2019-07-29T00:00:00.000Z","contactNumber":"9802583588","lastUpdatedAt":1564550814,"isSynced":true,"status":true,"isDeleted":false,"user":"5d3fb9fbe497235031f411c7","relation":"Sister","firstName":"Himsikha","createdAt":"2019-07-31T05:26:55.293Z","updatedAt":"2019-07-31T05:26:55.293Z","__v":0},"age":8,"assetType":"","givenTo":"children","asset":{"joinOwnerShipDetails":[],"superNominationDetails":[]},"percentage":10,"isDeleted":true,"isSynced":true,"givenDetail":[{"percentage":56,"_id":"5d42af09de9dd0129e05dfd0","family":{"_id":"5d3fcedde497235031f411f5","localId":"123","email":"oqpratik@gmail.com","lastName":"Shrestha","middleName":"","nickName":"Pratik","address":"Thaiba","dob":"2019-01-24T00:00:00.000Z","contactNumber":"9841151757","lastUpdatedAt":1223456789,"isSynced":true,"status":true,"isDeleted":false,"user":"5d3fb9fbe497235031f411c7","relation":"Spouse","firstName":"Pratik","createdAt":"2019-07-30T05:00:13.769Z","updatedAt":"2019-07-30T05:00:13.769Z","__v":0},"localId":"1235"}]},{"_id":"5d42af9ade9dd0129e05dfd1","localId":"E5EA878E-0175-4BF1-A404-67328123F722","createdAt":"2019-08-01T09:23:38.616Z","lastUpdatedAt":1564651418,"beneficiaryType":"percentage","selectedBeneficiaryType":"family","charity":null,"family":{"_id":"5d41269f9bdfe675adce9777","localId":"8F4786C4-70E6-4522-8D5B-9E65F5D53596","email":null,"lastName":"Rai","middleName":"","nickName":"","address":"Narayanthan","dob":"2019-07-29T00:00:00.000Z","contactNumber":"9802583588","lastUpdatedAt":1564550814,"isSynced":true,"status":true,"isDeleted":false,"user":"5d3fb9fbe497235031f411c7","relation":"Sister","firstName":"Himsikha","createdAt":"2019-07-31T05:26:55.293Z","updatedAt":"2019-07-31T05:26:55.293Z","__v":0},"age":18,"assetType":"","givenTo":"children","asset":{"joinOwnerShipDetails":[],"superNominationDetails":[]},"percentage":32,"isDeleted":false,"isSynced":true,"givenDetail":[]},{"_id":"5d42afbfde9dd0129e05dfd2","localId":"0FA3F43D-90E6-4BA3-90DC-A39E46F7A344","createdAt":"2019-08-01T09:24:15.586Z","lastUpdatedAt":1564651455,"beneficiaryType":"percentage","selectedBeneficiaryType":"charity","charity":{"_id":"5d42af09de9dd0129e05dfce","localId":"123","name":"Blue cross","abn":"Hospital","address":"Tripureshwor","lastUpdatedAt":1223456789,"isSynced":true,"isDeleted":false,"user":"5d4274e437093203bdad4815","__v":0,"createdAt":"2019-08-01T09:21:13.135Z","updatedAt":"2019-08-01T09:21:13.135Z"},"family":null,"age":0,"assetType":"","givenTo":"","asset":{"joinOwnerShipDetails":[],"superNominationDetails":[]},"percentage":48,"isDeleted":false,"isSynced":true,"givenDetail":[]}]}<br/>
Response is: {"message":"success","data":{}}<br/>
Response is: {"message":"success","data":[]}<br/>
</div>
</td>
<td></td>
<td>5</td>
<td>ApiTest.APITest@ed9d034</td></tr>
<tr>
<td title='ApiTest.APITest.GetUsers()'><b>GetUsers</b><br>Test class: ApiTest.APITest<br/>
<a href="#Output-1135400862" onClick='toggleBox("Output-1135400862", this, "Show output", "Hide output");'>Show output</a>

<a href="#Output-1135400862" onClick="toggleAllBoxes();">Show all outputs</a>
<div class='log' id="Output-1135400862">
Response is: {"message":"Hello Admin, How are you Man!!!!"}<br/>
</div>
</td>
<td></td>
<td>0</td>
<td>ApiTest.APITest@ed9d034</td></tr>
<tr>
<td title='ApiTest.APITest.GetVerifyCode()'><b>GetVerifyCode</b><br>Test class: ApiTest.APITest<br>Parameters: {TestCaseName=Using registered email, email=yangjee6}</td>
<td></td>
<td>6</td>
<td>ApiTest.APITest@ed9d034</td></tr>
<tr>
<td title='ApiTest.APITest.LogOut()'><b>LogOut</b><br>Test class: ApiTest.APITest<br/>
<a href="#Output-1862552664" onClick='toggleBox("Output-1862552664", this, "Show output", "Hide output");'>Show output</a>

<a href="#Output-1862552664" onClick="toggleAllBoxes();">Show all outputs</a>
<div class='log' id="Output-1862552664">
Response is: {"message":"You have been logout successfully.","data":{}}<br/>
</div>
</td>
<td></td>
<td>0</td>
<td>ApiTest.APITest@ed9d034</td></tr>
<tr>
<td title='ApiTest.APITest.Login()'><b>Login</b><br>Test class: ApiTest.APITest<br/>
<a href="#Output-623757508" onClick='toggleBox("Output-623757508", this, "Show output", "Hide output");'>Show output</a>

<a href="#Output-623757508" onClick="toggleAllBoxes();">Show all outputs</a>
<div class='log' id="Output-623757508">
Response is: {"message":"success","data":{"lastName":"Rai","middleName":"Shrestha","phoneNumber":"9843719653","mobileNumber":"9843719653","birthDate":"1989-12-29T00:00:00.000Z","pinNumber":null,"currentAddress":"Thaiba,Godawari","email":"yangjee5@getnada.com","isFirstLogin":false,"_id":"5d4274e437093203bdad4815","firstName":"Yangjee","fullName":"Yangjee Rai","id":"5d4274e437093203bdad4815"}}<br/>
</div>
</td>
<td></td>
<td>1</td>
<td>ApiTest.APITest@ed9d034</td></tr>
<tr>
<td title='ApiTest.APITest.ProvideFeedback()'><b>ProvideFeedback</b><br>Test class: ApiTest.APITest<br/>
<a href="#Output-929219836" onClick='toggleBox("Output-929219836", this, "Show output", "Hide output");'>Show output</a>

<a href="#Output-929219836" onClick="toggleAllBoxes();">Show all outputs</a>
<div class='log' id="Output-929219836">
Response is: {"message":"Thank you for your feedback.","data":{}}<br/>
</div>
</td>
<td></td>
<td>0</td>
<td>ApiTest.APITest@ed9d034</td></tr>
<tr>
<td title='ApiTest.APITest.PushNotify()'><b>PushNotify</b><br>Test class: ApiTest.APITest<br/>
<a href="#Output-1295803795" onClick='toggleBox("Output-1295803795", this, "Show output", "Hide output");'>Show output</a>

<a href="#Output-1295803795" onClick="toggleAllBoxes();">Show all outputs</a>
<div class='log' id="Output-1295803795">
Response is: {"message":"Notification has been sent."}<br/>
</div>
</td>
<td></td>
<td>0</td>
<td>ApiTest.APITest@ed9d034</td></tr>
<tr>
<td title='ApiTest.APITest.SyncAddUpdateAssets()'><b>SyncAddUpdateAssets</b><br>Test class: ApiTest.APITest<br/>
<a href="#Output-1505474932" onClick='toggleBox("Output-1505474932", this, "Show output", "Hide output");'>Show output</a>

<a href="#Output-1505474932" onClick="toggleAllBoxes();">Show all outputs</a>
<div class='log' id="Output-1505474932">
Response is: {"message":"Assets updated successfully","data":{}}<br/>
</div>
</td>
<td></td>
<td>0</td>
<td>ApiTest.APITest@ed9d034</td></tr>
<tr>
<td title='ApiTest.APITest.SyncAddUpdateWitnesses()'><b>SyncAddUpdateWitnesses</b><br>Test class: ApiTest.APITest<br/>
<a href="#Output-1060563153" onClick='toggleBox("Output-1060563153", this, "Show output", "Hide output");'>Show output</a>

<a href="#Output-1060563153" onClick="toggleAllBoxes();">Show all outputs</a>
<div class='log' id="Output-1060563153">
Response is: {"message":"Witness updated successfully","data":null}<br/>
</div>
</td>
<td></td>
<td>0</td>
<td>ApiTest.APITest@ed9d034</td></tr>
<tr>
<td title='ApiTest.APITest.UploadWillFile()'><b>UploadWillFile</b><br>Test class: ApiTest.APITest<br/>
<a href="#Output-1700751834" onClick='toggleBox("Output-1700751834", this, "Show output", "Hide output");'>Show output</a>

<a href="#Output-1700751834" onClick="toggleAllBoxes();">Show all outputs</a>
<div class='log' id="Output-1700751834">
Response is: {"message":"Witness updated successfully","data":null}<br/>
</div>
</td>
<td></td>
<td>1</td>
<td>ApiTest.APITest@ed9d034</td></tr>
<tr>
<td title='ApiTest.APITest.VerifyEmailLink()'><b>VerifyEmailLink</b><br>Test class: ApiTest.APITest<br>Parameters: {TestCaseName=Using registered email, email=yangjee5}</td>
<td></td>
<td>18</td>
<td>ApiTest.APITest@ed9d034</td></tr>
<tr>
<td title='ApiTest.APITest.newEmailVerify()'><b>newEmailVerify</b><br>Test class: ApiTest.APITest<br/>
<a href="#Output-1487059223" onClick='toggleBox("Output-1487059223", this, "Show output", "Hide output");'>Show output</a>

<a href="#Output-1487059223" onClick="toggleAllBoxes();">Show all outputs</a>
<div class='log' id="Output-1487059223">
Response is: {"message":"New Email Verification Code is send to your email.","data":{}}<br/>
</div>
</td>
<td></td>
<td>0</td>
<td>ApiTest.APITest@ed9d034</td></tr>
<tr>
<td title='ApiTest.APITest.updateProfile()'><b>updateProfile</b><br>Test class: ApiTest.APITest<br/>
<a href="#Output-254952533" onClick='toggleBox("Output-254952533", this, "Show output", "Hide output");'>Show output</a>

<a href="#Output-254952533" onClick="toggleAllBoxes();">Show all outputs</a>
<div class='log' id="Output-254952533">
Response is: {"message":"Your email has been changed successfully.","data":{"lastName":"Rai","middleName":"Shrestha","phoneNumber":"9843719653","mobileNumber":"9843719653","birthDate":"1989-12-29T00:00:00.000Z","pinNumber":null,"currentAddress":"Thaiba,Godawari","email":"yangjee5@getnada.com","isFirstLogin":false,"_id":"5d4274e437093203bdad4815","firstName":"Yangjee","fullName":"Yangjee Rai","id":"5d4274e437093203bdad4815"}}<br/>
</div>
</td>
<td></td>
<td>0</td>
<td>ApiTest.APITest@ed9d034</td></tr>
</table><p>
</body>
</html>